#
# There is insufficient memory for the Java Runtime Environment to continue.
# Native memory allocation (malloc) failed to allocate 2001456 bytes for Chunk::new
# Possible reasons:
#   The system is out of physical RAM or swap space
#   The process is running with CompressedOops enabled, and the Java Heap may be blocking the growth of the native heap
# Possible solutions:
#   Reduce memory load on the system
#   Increase physical memory or swap space
#   Check if swap backing store is full
#   Decrease Java heap size (-Xmx/-Xms)
#   Decrease number of Java threads
#   Decrease Java thread stack sizes (-Xss)
#   Set larger code cache with -XX:ReservedCodeCacheSize=
#   JVM is running with Unscaled Compressed Oops mode in which the Java heap is
#     placed in the first 4GB address space. The Java Heap base address is the
#     maximum limit for the native heap growth. Please use -XX:HeapBaseMinAddress
#     to set the Java Heap base and to place the Java Heap above 4GB virtual address.
# This output file may be truncated or incomplete.
#
#  Out of Memory Error (t:/workspace/open/src/hotspot/share/memory/arena.cpp:197), pid=5896, tid=9556
#
# JRE version: Java(TM) SE Runtime Environment (11.0.1+13) (build 11.0.1+13-LTS)
# Java VM: Java HotSpot(TM) 64-Bit Server VM (11.0.1+13-LTS, mixed mode, tiered, compressed oops, g1 gc, windows-amd64)
# No core dump will be written. Minidumps are not enabled by default on client versions of Windows
#

---------------  S U M M A R Y ------------

Command Line: -javaagent:D:\JetBrains\IntelliJ IDEA Community Edition 2020.2.4\lib\idea_rt.jar=8989:D:\JetBrains\IntelliJ IDEA Community Edition 2020.2.4\bin -Dfile.encoding=windows-1250 eurogeo.pl.linear.linearservice.LinearApplication

Host: Intel(R) Core(TM) i5 CPU       M 480  @ 2.67GHz, 4 cores, 7G,  Windows 7 , 64 bit Build 7601 (6.1.7601.24388)
Time: Sun Dec 13 18:08:46 2020 ?rodkowoeuropejski czas stand. elapsed time: 24 seconds (0d 0h 0m 24s)

---------------  T H R E A D  ---------------

Current thread (0x00000000218c2800):  JavaThread "C2 CompilerThread0" daemon [_thread_in_native, id=9556, stack(0x0000000022a70000,0x0000000022b70000)]


Current CompileTask:
C2:  24643 5223   !   4       org.springframework.core.annotation.AnnotationsScanner::processClassInheritedAnnotations (247 bytes)

Stack: [0x0000000022a70000,0x0000000022b70000]
Native frames: (J=compiled Java code, j=interpreted, Vv=VM code, C=native code)
V  [jvm.dll+0x63c21a]
V  [jvm.dll+0x7797df]
V  [jvm.dll+0x77adca]
V  [jvm.dll+0x77b483]
V  [jvm.dll+0x2627f8]
V  [jvm.dll+0xc5c71]
V  [jvm.dll+0xc61fc]
V  [jvm.dll+0x36f862]
V  [jvm.dll+0x33c6d3]
V  [jvm.dll+0x33baaa]
V  [jvm.dll+0x21c7c5]
V  [jvm.dll+0x21b96a]
V  [jvm.dll+0x198390]
V  [jvm.dll+0x22a97f]
V  [jvm.dll+0x228f98]
V  [jvm.dll+0x73f03d]
V  [jvm.dll+0x63b2b2]
C  [ucrtbase.DLL+0x1d885]
C  [kernel32.dll+0x1571d]
C  [ntdll.dll+0x5385d]


---------------  P R O C E S S  ---------------

Threads class SMR info:
_java_thread_list=0x0000000024a7f0c0, length=35, elements={
0x00000000023c4800, 0x00000000218a3000, 0x00000000218a4000, 0x00000000218bc000,
0x00000000218bf800, 0x00000000218c2800, 0x00000000218c3800, 0x00000000218c9000,
0x00000000024a5000, 0x00000000230ce000, 0x00000000235b4000, 0x000000002444e000,
0x00000000243d8000, 0x0000000028d6c800, 0x00000000274ab800, 0x00000000276cf800,
0x0000000028e86000, 0x000000002897f000, 0x0000000023902000, 0x0000000023903800,
0x0000000023903000, 0x0000000023904800, 0x0000000023905000, 0x0000000023906000,
0x0000000023907000, 0x0000000023907800, 0x000000002acce800, 0x000000002accf800,
0x000000002acd0800, 0x000000002acd1000, 0x000000002acd2000, 0x000000002acd3000,
0x000000002acd3800, 0x0000000023901000, 0x000000002acd5000
}

Java Threads: ( => current thread )
  0x00000000023c4800 JavaThread "main" [_thread_blocked, id=10432, stack(0x00000000022c0000,0x00000000023c0000)]
  0x00000000218a3000 JavaThread "Reference Handler" daemon [_thread_blocked, id=1224, stack(0x0000000022220000,0x0000000022320000)]
  0x00000000218a4000 JavaThread "Finalizer" daemon [_thread_blocked, id=3016, stack(0x0000000022430000,0x0000000022530000)]
  0x00000000218bc000 JavaThread "Signal Dispatcher" daemon [_thread_blocked, id=116, stack(0x00000000226b0000,0x00000000227b0000)]
  0x00000000218bf800 JavaThread "Attach Listener" daemon [_thread_blocked, id=7768, stack(0x00000000228f0000,0x00000000229f0000)]
=>0x00000000218c2800 JavaThread "C2 CompilerThread0" daemon [_thread_in_native, id=9556, stack(0x0000000022a70000,0x0000000022b70000)]
  0x00000000218c3800 JavaThread "C1 CompilerThread0" daemon [_thread_in_vm, id=9636, stack(0x0000000022ba0000,0x0000000022ca0000)]
  0x00000000218c9000 JavaThread "Sweeper thread" daemon [_thread_blocked, id=6752, stack(0x0000000022d40000,0x0000000022e40000)]
  0x00000000024a5000 JavaThread "Common-Cleaner" daemon [_thread_blocked, id=8232, stack(0x0000000022540000,0x0000000022640000)]
  0x00000000230ce000 JavaThread "Monitor Ctrl-Break" daemon [_thread_in_native, id=9016, stack(0x0000000023260000,0x0000000023360000)]
  0x00000000235b4000 JavaThread "Service Thread" daemon [_thread_blocked, id=6788, stack(0x0000000023c80000,0x0000000023d80000)]
  0x000000002444e000 JavaThread "Thread-0" [_thread_blocked, id=1184, stack(0x00000000257c0000,0x00000000258c0000)]
  0x00000000243d8000 JavaThread "restartedMain" [_thread_blocked, id=8312, stack(0x00000000227b0000,0x00000000228b0000)]
  0x0000000028d6c800 JavaThread "HikariPool-1 housekeeper" daemon [_thread_blocked, id=1464, stack(0x00000000298b0000,0x00000000299b0000)]
  0x00000000274ab800 JavaThread "task-1" [_thread_blocked, id=9240, stack(0x0000000025ca0000,0x0000000025da0000)]
  0x00000000276cf800 JavaThread "Catalina-utility-1" [_thread_blocked, id=8004, stack(0x0000000029da0000,0x0000000029ea0000)]
  0x0000000028e86000 JavaThread "Catalina-utility-2" [_thread_blocked, id=10296, stack(0x0000000029c20000,0x0000000029d20000)]
  0x000000002897f000 JavaThread "container-0" [_thread_blocked, id=5760, stack(0x000000002b450000,0x000000002b550000)]
  0x0000000023902000 JavaThread "File Watcher" daemon [_thread_blocked, id=7052, stack(0x000000002cef0000,0x000000002cff0000)]
  0x0000000023903800 JavaThread "Live Reload Server" daemon [_thread_in_native, id=6812, stack(0x000000002cdc0000,0x000000002cec0000)]
  0x0000000023903000 JavaThread "http-nio-8090-BlockPoller" daemon [_thread_in_native, id=10488, stack(0x000000002d000000,0x000000002d100000)]
  0x0000000023904800 JavaThread "http-nio-8090-exec-1" daemon [_thread_blocked, id=4180, stack(0x000000002b350000,0x000000002b450000)]
  0x0000000023905000 JavaThread "http-nio-8090-exec-2" daemon [_thread_blocked, id=3100, stack(0x000000002d250000,0x000000002d350000)]
  0x0000000023906000 JavaThread "http-nio-8090-exec-3" daemon [_thread_blocked, id=4476, stack(0x000000002d380000,0x000000002d480000)]
  0x0000000023907000 JavaThread "http-nio-8090-exec-4" daemon [_thread_blocked, id=6728, stack(0x000000002d480000,0x000000002d580000)]
  0x0000000023907800 JavaThread "http-nio-8090-exec-5" daemon [_thread_blocked, id=4772, stack(0x000000002d680000,0x000000002d780000)]
  0x000000002acce800 JavaThread "http-nio-8090-exec-6" daemon [_thread_blocked, id=6224, stack(0x000000002d890000,0x000000002d990000)]
  0x000000002accf800 JavaThread "http-nio-8090-exec-7" daemon [_thread_blocked, id=11032, stack(0x000000002d580000,0x000000002d680000)]
  0x000000002acd0800 JavaThread "http-nio-8090-exec-8" daemon [_thread_blocked, id=10000, stack(0x000000002da40000,0x000000002db40000)]
  0x000000002acd1000 JavaThread "http-nio-8090-exec-9" daemon [_thread_blocked, id=4796, stack(0x000000002db50000,0x000000002dc50000)]
  0x000000002acd2000 JavaThread "http-nio-8090-exec-10" daemon [_thread_blocked, id=8096, stack(0x000000002b230000,0x000000002b330000)]
  0x000000002acd3000 JavaThread "http-nio-8090-ClientPoller" daemon [_thread_in_native, id=5944, stack(0x000000002dc70000,0x000000002dd70000)]
  0x000000002acd3800 JavaThread "http-nio-8090-Acceptor" daemon [_thread_in_native, id=2272, stack(0x000000002de10000,0x000000002df10000)]
  0x0000000023901000 JavaThread "task-2" [_thread_blocked, id=9008, stack(0x0000000029ea0000,0x0000000029fa0000)]
  0x000000002acd5000 JavaThread "C2 CompilerThread1" daemon [_thread_in_native, id=10808, stack(0x0000000029360000,0x0000000029460000)]

Other Threads:
  0x000000002185e800 VMThread "VM Thread" [stack: 0x0000000021440000,0x0000000021540000] [id=8280]
  0x00000000235b4800 WatcherThread [stack: 0x0000000023d80000,0x0000000023e80000] [id=10952]
  0x00000000023da000 GCTaskThread "GC Thread#0" [stack: 0x0000000019c10000,0x0000000019d10000] [id=6252]
  0x0000000023b16800 GCTaskThread "GC Thread#1" [stack: 0x0000000025060000,0x0000000025160000] [id=7608]
  0x0000000023c0d000 GCTaskThread "GC Thread#2" [stack: 0x00000000252e0000,0x00000000253e0000] [id=2788]
  0x0000000024e1b000 GCTaskThread "GC Thread#3" [stack: 0x0000000026660000,0x0000000026760000] [id=3428]
  0x0000000002408800 ConcurrentGCThread "G1 Main Marker" [stack: 0x000000001ec60000,0x000000001ed60000] [id=10356]
  0x000000000240b800 ConcurrentGCThread "G1 Conc#0" [stack: 0x000000001edf0000,0x000000001eef0000] [id=3556]
  0x0000000002499800 ConcurrentGCThread "G1 Refine#0" [stack: 0x0000000021330000,0x0000000021430000] [id=11036]
  0x0000000023100000 ConcurrentGCThread "G1 Refine#1" [stack: 0x00000000251a0000,0x00000000252a0000] [id=6760]
  0x000000000249a800 ConcurrentGCThread "G1 Young RemSet Sampling" [stack: 0x00000000215f0000,0x00000000216f0000] [id=1732]

Threads with active compile tasks:
C2 CompilerThread05223   !   4       org.springframework.core.annotation.AnnotationsScanner::processClassInheritedAnnotations (247 bytes)
C2 CompilerThread15227       4       org.springframework.core.annotation.TypeMappedAnnotations::scan (62 bytes)

VM state:not at safepoint (normal execution)

VM Mutex/Monitor currently owned by a thread: None

Heap address: 0x0000000082200000, size: 2014 MB, Compressed Oops mode: 32-bit
Narrow klass base: 0x0000000000000000, Narrow klass shift: 3
Compressed class space size: 1073741824 Address: 0x000000013f990000

Heap:
 garbage-first heap   total 155648K, used 44052K [0x0000000082200000, 0x0000000100000000)
  region size 1024K, 27 young (27648K), 6 survivors (6144K)
 Metaspace       used 62373K, capacity 63901K, committed 64000K, reserved 1103872K
  class space    used 8008K, capacity 8619K, committed 8704K, reserved 1048576K
Heap Regions: E=young(eden), S=young(survivor), O=old, HS=humongous(starts), HC=humongous(continues), CS=collection set, F=free, A=archive, TAMS=top-at-mark-start (previous, next)
|   0|0x0000000082200000, 0x0000000082300000, 0x0000000082300000|100%|HS|  |TAMS 0x0000000082300000, 0x0000000082200000| Complete 
|   1|0x0000000082300000, 0x0000000082400000, 0x0000000082400000|100%| O|  |TAMS 0x0000000082400000, 0x0000000082300000| Untracked 
|   2|0x0000000082400000, 0x0000000082500000, 0x0000000082500000|100%| O|  |TAMS 0x0000000082500000, 0x0000000082400000| Untracked 
|   3|0x0000000082500000, 0x0000000082600000, 0x0000000082600000|100%| O|  |TAMS 0x0000000082600000, 0x0000000082500000| Untracked 
|   4|0x0000000082600000, 0x0000000082700000, 0x0000000082700000|100%| O|  |TAMS 0x0000000082700000, 0x0000000082600000| Untracked 
|   5|0x0000000082700000, 0x0000000082800000, 0x0000000082800000|100%| O|  |TAMS 0x0000000082800000, 0x0000000082700000| Untracked 
|   6|0x0000000082800000, 0x0000000082900000, 0x0000000082900000|100%| O|  |TAMS 0x0000000082900000, 0x0000000082800000| Untracked 
|   7|0x0000000082900000, 0x0000000082a00000, 0x0000000082a00000|100%| O|  |TAMS 0x0000000082a00000, 0x0000000082900000| Untracked 
|   8|0x0000000082a00000, 0x0000000082b00000, 0x0000000082b00000|100%| O|  |TAMS 0x0000000082b00000, 0x0000000082a00000| Untracked 
|   9|0x0000000082b00000, 0x0000000082c00000, 0x0000000082c00000|100%| O|  |TAMS 0x0000000082c00000, 0x0000000082b00000| Untracked 
|  10|0x0000000082c00000, 0x0000000082d00000, 0x0000000082d00000|100%| O|  |TAMS 0x0000000082d00000, 0x0000000082c00000| Untracked 
|  11|0x0000000082d00000, 0x0000000082e00000, 0x0000000082e00000|100%| O|  |TAMS 0x0000000082e00000, 0x0000000082d00000| Untracked 
|  12|0x0000000082e00000, 0x0000000082f00000, 0x0000000082f00000|100%| O|  |TAMS 0x0000000082f00000, 0x0000000082e00000| Untracked 
|  13|0x0000000082f00000, 0x0000000083000000, 0x0000000083000000|100%| O|  |TAMS 0x0000000083000000, 0x0000000082f00000| Untracked 
|  14|0x0000000083000000, 0x0000000083100000, 0x0000000083100000|100%| O|  |TAMS 0x0000000083100000, 0x0000000083000000| Untracked 
|  15|0x0000000083100000, 0x0000000083200000, 0x0000000083200000|100%| O|  |TAMS 0x0000000083200000, 0x0000000083100000| Untracked 
|  16|0x0000000083200000, 0x0000000083300000, 0x0000000083300000|100%| O|  |TAMS 0x0000000083300000, 0x0000000083200000| Untracked 
|  17|0x0000000083300000, 0x0000000083393600, 0x0000000083400000| 57%| O|  |TAMS 0x0000000083393600, 0x0000000083300000| Untracked 
|  18|0x0000000083400000, 0x0000000083400000, 0x0000000083500000|  0%| F|  |TAMS 0x0000000083400000, 0x0000000083400000| Untracked 
|  19|0x0000000083500000, 0x0000000083500000, 0x0000000083600000|  0%| F|  |TAMS 0x0000000083500000, 0x0000000083500000| Untracked 
|  20|0x0000000083600000, 0x0000000083600000, 0x0000000083700000|  0%| F|  |TAMS 0x0000000083600000, 0x0000000083600000| Untracked 
|  21|0x0000000083700000, 0x0000000083700000, 0x0000000083800000|  0%| F|  |TAMS 0x0000000083700000, 0x0000000083700000| Untracked 
|  22|0x0000000083800000, 0x0000000083800000, 0x0000000083900000|  0%| F|  |TAMS 0x0000000083800000, 0x0000000083800000| Untracked 
|  23|0x0000000083900000, 0x0000000083900000, 0x0000000083a00000|  0%| F|  |TAMS 0x0000000083900000, 0x0000000083900000| Untracked 
|  24|0x0000000083a00000, 0x0000000083a00000, 0x0000000083b00000|  0%| F|  |TAMS 0x0000000083a00000, 0x0000000083a00000| Untracked 
|  25|0x0000000083b00000, 0x0000000083b00000, 0x0000000083c00000|  0%| F|  |TAMS 0x0000000083b00000, 0x0000000083b00000| Untracked 
|  26|0x0000000083c00000, 0x0000000083c00000, 0x0000000083d00000|  0%| F|  |TAMS 0x0000000083c00000, 0x0000000083c00000| Untracked 
|  27|0x0000000083d00000, 0x0000000083d00000, 0x0000000083e00000|  0%| F|  |TAMS 0x0000000083d00000, 0x0000000083d00000| Untracked 
|  28|0x0000000083e00000, 0x0000000083e00000, 0x0000000083f00000|  0%| F|  |TAMS 0x0000000083e00000, 0x0000000083e00000| Untracked 
|  29|0x0000000083f00000, 0x0000000083f00000, 0x0000000084000000|  0%| F|  |TAMS 0x0000000083f00000, 0x0000000083f00000| Untracked 
|  30|0x0000000084000000, 0x0000000084000000, 0x0000000084100000|  0%| F|  |TAMS 0x0000000084000000, 0x0000000084000000| Untracked 
|  31|0x0000000084100000, 0x0000000084100000, 0x0000000084200000|  0%| F|  |TAMS 0x0000000084100000, 0x0000000084100000| Untracked 
|  32|0x0000000084200000, 0x0000000084200000, 0x0000000084300000|  0%| F|  |TAMS 0x0000000084200000, 0x0000000084200000| Untracked 
|  33|0x0000000084300000, 0x0000000084300000, 0x0000000084400000|  0%| F|  |TAMS 0x0000000084300000, 0x0000000084300000| Untracked 
|  34|0x0000000084400000, 0x0000000084400000, 0x0000000084500000|  0%| F|  |TAMS 0x0000000084400000, 0x0000000084400000| Untracked 
|  35|0x0000000084500000, 0x0000000084500000, 0x0000000084600000|  0%| F|  |TAMS 0x0000000084500000, 0x0000000084500000| Untracked 
|  36|0x0000000084600000, 0x0000000084600000, 0x0000000084700000|  0%| F|  |TAMS 0x0000000084600000, 0x0000000084600000| Untracked 
|  37|0x0000000084700000, 0x0000000084700000, 0x0000000084800000|  0%| F|  |TAMS 0x0000000084700000, 0x0000000084700000| Untracked 
|  38|0x0000000084800000, 0x0000000084800000, 0x0000000084900000|  0%| F|  |TAMS 0x0000000084800000, 0x0000000084800000| Untracked 
|  39|0x0000000084900000, 0x0000000084900000, 0x0000000084a00000|  0%| F|  |TAMS 0x0000000084900000, 0x0000000084900000| Untracked 
|  40|0x0000000084a00000, 0x0000000084a00000, 0x0000000084b00000|  0%| F|  |TAMS 0x0000000084a00000, 0x0000000084a00000| Untracked 
|  41|0x0000000084b00000, 0x0000000084b00000, 0x0000000084c00000|  0%| F|  |TAMS 0x0000000084b00000, 0x0000000084b00000| Untracked 
|  42|0x0000000084c00000, 0x0000000084c00000, 0x0000000084d00000|  0%| F|  |TAMS 0x0000000084c00000, 0x0000000084c00000| Untracked 
|  43|0x0000000084d00000, 0x0000000084d00000, 0x0000000084e00000|  0%| F|  |TAMS 0x0000000084d00000, 0x0000000084d00000| Untracked 
|  44|0x0000000084e00000, 0x0000000084e00000, 0x0000000084f00000|  0%| F|  |TAMS 0x0000000084e00000, 0x0000000084e00000| Untracked 
|  45|0x0000000084f00000, 0x0000000084f00000, 0x0000000085000000|  0%| F|  |TAMS 0x0000000084f00000, 0x0000000084f00000| Untracked 
|  46|0x0000000085000000, 0x0000000085000000, 0x0000000085100000|  0%| F|  |TAMS 0x0000000085000000, 0x0000000085000000| Untracked 
|  47|0x0000000085100000, 0x0000000085100000, 0x0000000085200000|  0%| F|  |TAMS 0x0000000085100000, 0x0000000085100000| Untracked 
|  48|0x0000000085200000, 0x0000000085200000, 0x0000000085300000|  0%| F|  |TAMS 0x0000000085200000, 0x0000000085200000| Untracked 
|  49|0x0000000085300000, 0x0000000085300000, 0x0000000085400000|  0%| F|  |TAMS 0x0000000085300000, 0x0000000085300000| Untracked 
|  50|0x0000000085400000, 0x0000000085400000, 0x0000000085500000|  0%| F|  |TAMS 0x0000000085400000, 0x0000000085400000| Untracked 
|  51|0x0000000085500000, 0x0000000085500000, 0x0000000085600000|  0%| F|  |TAMS 0x0000000085500000, 0x0000000085500000| Untracked 
|  52|0x0000000085600000, 0x0000000085600000, 0x0000000085700000|  0%| F|  |TAMS 0x0000000085600000, 0x0000000085600000| Untracked 
|  53|0x0000000085700000, 0x0000000085700000, 0x0000000085800000|  0%| F|  |TAMS 0x0000000085700000, 0x0000000085700000| Untracked 
|  54|0x0000000085800000, 0x0000000085800000, 0x0000000085900000|  0%| F|  |TAMS 0x0000000085800000, 0x0000000085800000| Untracked 
|  55|0x0000000085900000, 0x0000000085900000, 0x0000000085a00000|  0%| F|  |TAMS 0x0000000085900000, 0x0000000085900000| Untracked 
|  56|0x0000000085a00000, 0x0000000085a00000, 0x0000000085b00000|  0%| F|  |TAMS 0x0000000085a00000, 0x0000000085a00000| Untracked 
|  57|0x0000000085b00000, 0x0000000085b00000, 0x0000000085c00000|  0%| F|  |TAMS 0x0000000085b00000, 0x0000000085b00000| Untracked 
|  58|0x0000000085c00000, 0x0000000085c00000, 0x0000000085d00000|  0%| F|  |TAMS 0x0000000085c00000, 0x0000000085c00000| Untracked 
|  59|0x0000000085d00000, 0x0000000085d00000, 0x0000000085e00000|  0%| F|  |TAMS 0x0000000085d00000, 0x0000000085d00000| Untracked 
|  60|0x0000000085e00000, 0x0000000085e00000, 0x0000000085f00000|  0%| F|  |TAMS 0x0000000085e00000, 0x0000000085e00000| Untracked 
|  61|0x0000000085f00000, 0x0000000085f00000, 0x0000000086000000|  0%| F|  |TAMS 0x0000000085f00000, 0x0000000085f00000| Untracked 
|  62|0x0000000086000000, 0x0000000086000000, 0x0000000086100000|  0%| F|  |TAMS 0x0000000086000000, 0x0000000086000000| Untracked 
|  63|0x0000000086100000, 0x0000000086100000, 0x0000000086200000|  0%| F|  |TAMS 0x0000000086100000, 0x0000000086100000| Untracked 
|  64|0x0000000086200000, 0x0000000086200000, 0x0000000086300000|  0%| F|  |TAMS 0x0000000086200000, 0x0000000086200000| Untracked 
|  65|0x0000000086300000, 0x0000000086300000, 0x0000000086400000|  0%| F|  |TAMS 0x0000000086300000, 0x0000000086300000| Untracked 
|  66|0x0000000086400000, 0x0000000086400000, 0x0000000086500000|  0%| F|  |TAMS 0x0000000086400000, 0x0000000086400000| Untracked 
|  67|0x0000000086500000, 0x0000000086500000, 0x0000000086600000|  0%| F|  |TAMS 0x0000000086500000, 0x0000000086500000| Untracked 
|  68|0x0000000086600000, 0x0000000086600000, 0x0000000086700000|  0%| F|  |TAMS 0x0000000086600000, 0x0000000086600000| Untracked 
|  69|0x0000000086700000, 0x0000000086700000, 0x0000000086800000|  0%| F|  |TAMS 0x0000000086700000, 0x0000000086700000| Untracked 
|  70|0x0000000086800000, 0x0000000086800000, 0x0000000086900000|  0%| F|  |TAMS 0x0000000086800000, 0x0000000086800000| Untracked 
|  71|0x0000000086900000, 0x0000000086900000, 0x0000000086a00000|  0%| F|  |TAMS 0x0000000086900000, 0x0000000086900000| Untracked 
|  72|0x0000000086a00000, 0x0000000086a00000, 0x0000000086b00000|  0%| F|  |TAMS 0x0000000086a00000, 0x0000000086a00000| Untracked 
|  73|0x0000000086b00000, 0x0000000086b00000, 0x0000000086c00000|  0%| F|  |TAMS 0x0000000086b00000, 0x0000000086b00000| Untracked 
|  74|0x0000000086c00000, 0x0000000086c00000, 0x0000000086d00000|  0%| F|  |TAMS 0x0000000086c00000, 0x0000000086c00000| Untracked 
|  75|0x0000000086d00000, 0x0000000086d00000, 0x0000000086e00000|  0%| F|  |TAMS 0x0000000086d00000, 0x0000000086d00000| Untracked 
|  76|0x0000000086e00000, 0x0000000086e00000, 0x0000000086f00000|  0%| F|  |TAMS 0x0000000086e00000, 0x0000000086e00000| Untracked 
|  77|0x0000000086f00000, 0x0000000086f00000, 0x0000000087000000|  0%| F|  |TAMS 0x0000000086f00000, 0x0000000086f00000| Untracked 
|  78|0x0000000087000000, 0x0000000087000000, 0x0000000087100000|  0%| F|  |TAMS 0x0000000087000000, 0x0000000087000000| Untracked 
|  79|0x0000000087100000, 0x0000000087100000, 0x0000000087200000|  0%| F|  |TAMS 0x0000000087100000, 0x0000000087100000| Untracked 
|  80|0x0000000087200000, 0x0000000087200000, 0x0000000087300000|  0%| F|  |TAMS 0x0000000087200000, 0x0000000087200000| Untracked 
|  81|0x0000000087300000, 0x0000000087300000, 0x0000000087400000|  0%| F|  |TAMS 0x0000000087300000, 0x0000000087300000| Untracked 
|  82|0x0000000087400000, 0x0000000087400000, 0x0000000087500000|  0%| F|  |TAMS 0x0000000087400000, 0x0000000087400000| Untracked 
|  83|0x0000000087500000, 0x0000000087500000, 0x0000000087600000|  0%| F|  |TAMS 0x0000000087500000, 0x0000000087500000| Untracked 
|  84|0x0000000087600000, 0x0000000087600000, 0x0000000087700000|  0%| F|  |TAMS 0x0000000087600000, 0x0000000087600000| Untracked 
|  85|0x0000000087700000, 0x0000000087700000, 0x0000000087800000|  0%| F|  |TAMS 0x0000000087700000, 0x0000000087700000| Untracked 
|  86|0x0000000087800000, 0x0000000087800000, 0x0000000087900000|  0%| F|  |TAMS 0x0000000087800000, 0x0000000087800000| Untracked 
|  87|0x0000000087900000, 0x0000000087900000, 0x0000000087a00000|  0%| F|  |TAMS 0x0000000087900000, 0x0000000087900000| Untracked 
|  88|0x0000000087a00000, 0x0000000087a00000, 0x0000000087b00000|  0%| F|  |TAMS 0x0000000087a00000, 0x0000000087a00000| Untracked 
|  89|0x0000000087b00000, 0x0000000087b00000, 0x0000000087c00000|  0%| F|  |TAMS 0x0000000087b00000, 0x0000000087b00000| Untracked 
|  90|0x0000000087c00000, 0x0000000087c00000, 0x0000000087d00000|  0%| F|  |TAMS 0x0000000087c00000, 0x0000000087c00000| Untracked 
|  91|0x0000000087d00000, 0x0000000087d00000, 0x0000000087e00000|  0%| F|  |TAMS 0x0000000087d00000, 0x0000000087d00000| Untracked 
|  92|0x0000000087e00000, 0x0000000087e00000, 0x0000000087f00000|  0%| F|  |TAMS 0x0000000087e00000, 0x0000000087e00000| Untracked 
|  93|0x0000000087f00000, 0x0000000087f00000, 0x0000000088000000|  0%| F|  |TAMS 0x0000000087f00000, 0x0000000087f00000| Untracked 
|  94|0x0000000088000000, 0x0000000088000000, 0x0000000088100000|  0%| F|  |TAMS 0x0000000088000000, 0x0000000088000000| Untracked 
|  95|0x0000000088100000, 0x0000000088100000, 0x0000000088200000|  0%| F|  |TAMS 0x0000000088100000, 0x0000000088100000| Untracked 
|  96|0x0000000088200000, 0x0000000088200000, 0x0000000088300000|  0%| F|  |TAMS 0x0000000088200000, 0x0000000088200000| Untracked 
|  97|0x0000000088300000, 0x0000000088300000, 0x0000000088400000|  0%| F|  |TAMS 0x0000000088300000, 0x0000000088300000| Untracked 
|  98|0x0000000088400000, 0x0000000088400000, 0x0000000088500000|  0%| F|  |TAMS 0x0000000088400000, 0x0000000088400000| Untracked 
|  99|0x0000000088500000, 0x0000000088500000, 0x0000000088600000|  0%| F|  |TAMS 0x0000000088500000, 0x0000000088500000| Untracked 
| 100|0x0000000088600000, 0x0000000088600000, 0x0000000088700000|  0%| F|  |TAMS 0x0000000088600000, 0x0000000088600000| Untracked 
| 101|0x0000000088700000, 0x0000000088700000, 0x0000000088800000|  0%| F|  |TAMS 0x0000000088700000, 0x0000000088700000| Untracked 
| 102|0x0000000088800000, 0x0000000088800000, 0x0000000088900000|  0%| F|  |TAMS 0x0000000088800000, 0x0000000088800000| Untracked 
| 103|0x0000000088900000, 0x0000000088900000, 0x0000000088a00000|  0%| F|  |TAMS 0x0000000088900000, 0x0000000088900000| Untracked 
| 104|0x0000000088a00000, 0x0000000088a00000, 0x0000000088b00000|  0%| F|  |TAMS 0x0000000088a00000, 0x0000000088a00000| Untracked 
| 105|0x0000000088b00000, 0x0000000088b00000, 0x0000000088c00000|  0%| F|  |TAMS 0x0000000088b00000, 0x0000000088b00000| Untracked 
| 106|0x0000000088c00000, 0x0000000088c00000, 0x0000000088d00000|  0%| F|  |TAMS 0x0000000088c00000, 0x0000000088c00000| Untracked 
| 107|0x0000000088d00000, 0x0000000088d00000, 0x0000000088e00000|  0%| F|  |TAMS 0x0000000088d00000, 0x0000000088d00000| Untracked 
| 108|0x0000000088e00000, 0x0000000088e00000, 0x0000000088f00000|  0%| F|  |TAMS 0x0000000088e00000, 0x0000000088e00000| Untracked 
| 109|0x0000000088f00000, 0x0000000088f00000, 0x0000000089000000|  0%| F|  |TAMS 0x0000000088f00000, 0x0000000088f00000| Untracked 
| 110|0x0000000089000000, 0x0000000089000000, 0x0000000089100000|  0%| F|  |TAMS 0x0000000089000000, 0x0000000089000000| Untracked 
| 111|0x0000000089100000, 0x0000000089100000, 0x0000000089200000|  0%| F|  |TAMS 0x0000000089100000, 0x0000000089100000| Untracked 
| 112|0x0000000089200000, 0x0000000089200000, 0x0000000089300000|  0%| F|  |TAMS 0x0000000089200000, 0x0000000089200000| Untracked 
| 113|0x0000000089300000, 0x0000000089300000, 0x0000000089400000|  0%| F|  |TAMS 0x0000000089300000, 0x0000000089300000| Untracked 
| 114|0x0000000089400000, 0x0000000089400000, 0x0000000089500000|  0%| F|  |TAMS 0x0000000089400000, 0x0000000089400000| Untracked 
| 115|0x0000000089500000, 0x0000000089500000, 0x0000000089600000|  0%| F|  |TAMS 0x0000000089500000, 0x0000000089500000| Untracked 
| 116|0x0000000089600000, 0x0000000089600000, 0x0000000089700000|  0%| F|  |TAMS 0x0000000089600000, 0x0000000089600000| Untracked 
| 117|0x0000000089700000, 0x0000000089700000, 0x0000000089800000|  0%| F|  |TAMS 0x0000000089700000, 0x0000000089700000| Untracked 
| 118|0x0000000089800000, 0x0000000089800000, 0x0000000089900000|  0%| F|  |TAMS 0x0000000089800000, 0x0000000089800000| Untracked 
| 119|0x0000000089900000, 0x0000000089900000, 0x0000000089a00000|  0%| F|  |TAMS 0x0000000089900000, 0x0000000089900000| Untracked 
| 120|0x0000000089a00000, 0x0000000089a00000, 0x0000000089b00000|  0%| F|  |TAMS 0x0000000089a00000, 0x0000000089a00000| Untracked 
| 121|0x0000000089b00000, 0x0000000089b00000, 0x0000000089c00000|  0%| F|  |TAMS 0x0000000089b00000, 0x0000000089b00000| Untracked 
| 122|0x0000000089c00000, 0x0000000089c00000, 0x0000000089d00000|  0%| F|  |TAMS 0x0000000089c00000, 0x0000000089c00000| Untracked 
| 123|0x0000000089d00000, 0x0000000089d00000, 0x0000000089e00000|  0%| F|  |TAMS 0x0000000089d00000, 0x0000000089d00000| Untracked 
| 124|0x0000000089e00000, 0x0000000089e00000, 0x0000000089f00000|  0%| F|  |TAMS 0x0000000089e00000, 0x0000000089e00000| Untracked 
| 125|0x0000000089f00000, 0x0000000089f80800, 0x000000008a000000| 50%| E|  |TAMS 0x0000000089f00000, 0x0000000089f00000| Complete 
| 126|0x000000008a000000, 0x000000008a100000, 0x000000008a100000|100%| E|CS|TAMS 0x000000008a000000, 0x000000008a000000| Complete 
| 127|0x000000008a100000, 0x000000008a200000, 0x000000008a200000|100%| E|CS|TAMS 0x000000008a100000, 0x000000008a100000| Complete 
| 128|0x000000008a200000, 0x000000008a300000, 0x000000008a300000|100%| E|CS|TAMS 0x000000008a200000, 0x000000008a200000| Complete 
| 129|0x000000008a300000, 0x000000008a400000, 0x000000008a400000|100%| E|CS|TAMS 0x000000008a300000, 0x000000008a300000| Complete 
| 130|0x000000008a400000, 0x000000008a500000, 0x000000008a500000|100%| E|CS|TAMS 0x000000008a400000, 0x000000008a400000| Complete 
| 131|0x000000008a500000, 0x000000008a600000, 0x000000008a600000|100%| E|CS|TAMS 0x000000008a500000, 0x000000008a500000| Complete 
| 132|0x000000008a600000, 0x000000008a671ae8, 0x000000008a700000| 44%| S|CS|TAMS 0x000000008a600000, 0x000000008a600000| Complete 
| 133|0x000000008a700000, 0x000000008a800000, 0x000000008a800000|100%| S|CS|TAMS 0x000000008a700000, 0x000000008a700000| Complete 
| 134|0x000000008a800000, 0x000000008a900000, 0x000000008a900000|100%| S|CS|TAMS 0x000000008a800000, 0x000000008a800000| Complete 
| 135|0x000000008a900000, 0x000000008aa00000, 0x000000008aa00000|100%| S|CS|TAMS 0x000000008a900000, 0x000000008a900000| Complete 
| 136|0x000000008aa00000, 0x000000008ab00000, 0x000000008ab00000|100%| S|CS|TAMS 0x000000008aa00000, 0x000000008aa00000| Complete 
| 137|0x000000008ab00000, 0x000000008ac00000, 0x000000008ac00000|100%| S|CS|TAMS 0x000000008ab00000, 0x000000008ab00000| Complete 
| 138|0x000000008ac00000, 0x000000008ad00000, 0x000000008ad00000|100%| E|CS|TAMS 0x000000008ac00000, 0x000000008ac00000| Complete 
| 139|0x000000008ad00000, 0x000000008ae00000, 0x000000008ae00000|100%| E|CS|TAMS 0x000000008ad00000, 0x000000008ad00000| Complete 
| 140|0x000000008ae00000, 0x000000008af00000, 0x000000008af00000|100%| E|CS|TAMS 0x000000008ae00000, 0x000000008ae00000| Complete 
| 141|0x000000008af00000, 0x000000008b000000, 0x000000008b000000|100%| E|CS|TAMS 0x000000008af00000, 0x000000008af00000| Complete 
| 142|0x000000008b000000, 0x000000008b100000, 0x000000008b100000|100%| E|CS|TAMS 0x000000008b000000, 0x000000008b000000| Complete 
| 143|0x000000008b100000, 0x000000008b200000, 0x000000008b200000|100%| E|CS|TAMS 0x000000008b100000, 0x000000008b100000| Complete 
| 144|0x000000008b200000, 0x000000008b300000, 0x000000008b300000|100%| E|CS|TAMS 0x000000008b200000, 0x000000008b200000| Complete 
| 145|0x000000008b300000, 0x000000008b400000, 0x000000008b400000|100%| E|CS|TAMS 0x000000008b300000, 0x000000008b300000| Complete 
| 146|0x000000008b400000, 0x000000008b500000, 0x000000008b500000|100%| E|CS|TAMS 0x000000008b400000, 0x000000008b400000| Complete 
| 147|0x000000008b500000, 0x000000008b600000, 0x000000008b600000|100%| E|CS|TAMS 0x000000008b500000, 0x000000008b500000| Complete 
| 148|0x000000008b600000, 0x000000008b700000, 0x000000008b700000|100%| E|CS|TAMS 0x000000008b600000, 0x000000008b600000| Complete 
| 149|0x000000008b700000, 0x000000008b800000, 0x000000008b800000|100%| E|CS|TAMS 0x000000008b700000, 0x000000008b700000| Complete 
| 150|0x000000008b800000, 0x000000008b900000, 0x000000008b900000|100%| E|CS|TAMS 0x000000008b800000, 0x000000008b800000| Complete 
| 151|0x000000008b900000, 0x000000008ba00000, 0x000000008ba00000|100%| E|CS|TAMS 0x000000008b900000, 0x000000008b900000| Complete 

Card table byte_map: [0x000000001a540000,0x000000001a930000] _byte_map_base: 0x000000001a12f000

Marking Bits (Prev, Next): (CMBitMap*) 0x0000000002400210, (CMBitMap*) 0x00000000024001d8
 Prev Bits: [0x000000001cca0000, 0x000000001ec18000)
 Next Bits: [0x000000001ad20000, 0x000000001cc98000)

Polling page: 0x0000000000470000

Metaspace:

Usage:
  Non-class:     53.99 MB capacity,    53.10 MB ( 98%) used,   726.24 KB (  1%) free+waste,   187.06 KB ( <1%) overhead. 
      Class:      8.42 MB capacity,     7.82 MB ( 93%) used,   521.91 KB (  6%) free+waste,    87.63 KB (  1%) overhead. 
       Both:     62.41 MB capacity,    60.92 MB ( 98%) used,     1.22 MB (  2%) free+waste,   274.69 KB ( <1%) overhead. 

Virtual space:
  Non-class space:       54.00 MB reserved,      54.00 MB (100%) committed 
      Class space:        1.00 GB reserved,       8.50 MB ( <1%) committed 
             Both:        1.05 GB reserved,      62.50 MB (  6%) committed 

Chunk freelists:
   Non-Class:  1.25 KB
       Class:  0 bytes
        Both:  1.25 KB

CodeHeap 'non-profiled nmethods': size=120064Kb used=3343Kb max_used=3343Kb free=116720Kb
 bounds [0x0000000012540000, 0x0000000012890000, 0x0000000019a80000]
CodeHeap 'profiled nmethods': size=120000Kb used=12066Kb max_used=12066Kb free=107933Kb
 bounds [0x000000000b010000, 0x000000000bbe0000, 0x0000000012540000]
CodeHeap 'non-nmethods': size=5696Kb used=1201Kb max_used=1249Kb free=4494Kb
 bounds [0x000000000aa80000, 0x000000000acf0000, 0x000000000b010000]
 total_blobs=6976 nmethods=5193 adapters=481
 compilation: enabled
              stopped_count=0, restarted_count=0
 full_count=0

Compilation events (10 events):
Event: 24.123 Thread 0x00000000218c3800 nmethod 5220 0x000000001287ee10 code [0x000000001287efc0, 0x000000001287f0d8]
Event: 24.123 Thread 0x00000000218c3800 5221       1       java.util.Calendar::getMinimalDaysInFirstWeek (5 bytes)
Event: 24.123 Thread 0x00000000218c3800 nmethod 5221 0x000000001287f190 code [0x000000001287f340, 0x000000001287f458]
Event: 24.132 Thread 0x00000000218c3800 5222       3       java.lang.invoke.BoundMethodHandle$Species_L::make (11 bytes)
Event: 24.132 Thread 0x00000000218c3800 nmethod 5222 0x000000000bbb7190 code [0x000000000bbb7360, 0x000000000bbb7610]
Event: 24.267 Thread 0x00000000218c2800 5223   !   4       org.springframework.core.annotation.AnnotationsScanner::processClassInheritedAnnotations (247 bytes)
Event: 24.268 Thread 0x00000000218c3800 5225       3       org.springframework.aop.framework.autoproxy.AbstractAutoProxyCreator::wrapIfNecessary (172 bytes)
Event: 24.270 Thread 0x00000000218c3800 nmethod 5225 0x000000000bbb7710 code [0x000000000bbb79e0, 0x000000000bbb8b30]
Event: 24.292 Thread 0x00000000218c3800 5228       3       org.springframework.core.convert.TypeDescriptor::annotationsMatch (66 bytes)
Event: 24.298 Thread 0x00000000218c3800 nmethod 5228 0x000000000bbb8f90 code [0x000000000bbb9200, 0x000000000bbb9fb0]

GC Heap History (10 events):
Event: 12.223 GC heap before
{Heap before GC invocations=8 (full 0):
 garbage-first heap   total 129024K, used 32374K [0x0000000082200000, 0x0000000100000000)
  region size 1024K, 27 young (27648K), 7 survivors (7168K)
 Metaspace       used 34868K, capacity 35707K, committed 35840K, reserved 1081344K
  class space    used 4157K, capacity 4520K, committed 4608K, reserved 1048576K
}
Event: 12.255 GC heap after
{Heap after GC invocations=9 (full 0):
 garbage-first heap   total 129024K, used 14553K [0x0000000082200000, 0x0000000100000000)
  region size 1024K, 6 young (6144K), 6 survivors (6144K)
 Metaspace       used 34868K, capacity 35707K, committed 35840K, reserved 1081344K
  class space    used 4157K, capacity 4520K, committed 4608K, reserved 1048576K
}
Event: 13.848 GC heap before
{Heap before GC invocations=10 (full 0):
 garbage-first heap   total 129024K, used 84185K [0x0000000082200000, 0x0000000100000000)
  region size 1024K, 75 young (76800K), 6 survivors (6144K)
 Metaspace       used 37781K, capacity 38724K, committed 39040K, reserved 1083392K
  class space    used 4510K, capacity 4906K, committed 4992K, reserved 1048576K
}
Event: 13.865 GC heap after
{Heap after GC invocations=11 (full 0):
 garbage-first heap   total 155648K, used 15952K [0x0000000082200000, 0x0000000100000000)
  region size 1024K, 7 young (7168K), 7 survivors (7168K)
 Metaspace       used 37781K, capacity 38724K, committed 39040K, reserved 1083392K
  class space    used 4510K, capacity 4906K, committed 4992K, reserved 1048576K
}
Event: 15.885 GC heap before
{Heap before GC invocations=11 (full 0):
 garbage-first heap   total 155648K, used 100944K [0x0000000082200000, 0x0000000100000000)
  region size 1024K, 91 young (93184K), 7 survivors (7168K)
 Metaspace       used 44589K, capacity 45696K, committed 45824K, reserved 1089536K
  class space    used 5328K, capacity 5780K, committed 5888K, reserved 1048576K
}
Event: 15.907 GC heap after
{Heap after GC invocations=12 (full 0):
 garbage-first heap   total 155648K, used 18432K [0x0000000082200000, 0x0000000100000000)
  region size 1024K, 8 young (8192K), 8 survivors (8192K)
 Metaspace       used 44589K, capacity 45696K, committed 45824K, reserved 1089536K
  class space    used 5328K, capacity 5780K, committed 5888K, reserved 1048576K
}
Event: 21.834 GC heap before
{Heap before GC invocations=12 (full 0):
 garbage-first heap   total 155648K, used 103424K [0x0000000082200000, 0x0000000100000000)
  region size 1024K, 91 young (93184K), 8 survivors (8192K)
 Metaspace       used 57018K, capacity 58358K, committed 58496K, reserved 1099776K
  class space    used 7162K, capacity 7693K, committed 7808K, reserved 1048576K
}
Event: 21.866 GC heap after
{Heap after GC invocations=13 (full 0):
 garbage-first heap   total 155648K, used 23249K [0x0000000082200000, 0x0000000100000000)
  region size 1024K, 11 young (11264K), 11 survivors (11264K)
 Metaspace       used 57018K, capacity 58358K, committed 58496K, reserved 1099776K
  class space    used 7162K, capacity 7693K, committed 7808K, reserved 1048576K
}
Event: 22.893 GC heap before
{Heap before GC invocations=13 (full 0):
 garbage-first heap   total 155648K, used 36561K [0x0000000082200000, 0x0000000100000000)
  region size 1024K, 25 young (25600K), 11 survivors (11264K)
 Metaspace       used 58812K, capacity 60079K, committed 60160K, reserved 1101824K
  class space    used 7501K, capacity 8025K, committed 8064K, reserved 1048576K
}
Event: 22.922 GC heap after
{Heap after GC invocations=14 (full 0):
 garbage-first heap   total 155648K, used 23572K [0x0000000082200000, 0x0000000100000000)
  region size 1024K, 6 young (6144K), 6 survivors (6144K)
 Metaspace       used 58812K, capacity 60079K, committed 60160K, reserved 1101824K
  class space    used 7501K, capacity 8025K, committed 8064K, reserved 1048576K
}

Deoptimization events (10 events):
Event: 19.564 Thread 0x00000000243d8000 Uncommon trap: reason=unstable_if action=reinterpret pc=0x0000000012699250 method=org.springframework.beans.factory.support.AbstractAutowireCapableBeanFactory.determineTargetType(Ljava/lang/String;Lorg/springframework/beans/factory/support/RootBeanDefinit
Event: 19.885 Thread 0x00000000243d8000 Uncommon trap: reason=unstable_if action=reinterpret pc=0x0000000012659000 method=org.springframework.asm.ClassReader.readUtf(II[C)Ljava/lang/String; @ 41 c2
Event: 22.442 Thread 0x00000000274ab800 Uncommon trap: reason=unstable_if action=reinterpret pc=0x00000000126f843c method=java.util.HashMap$HashIterator.<init>(Ljava/util/HashMap;)V @ 45 c2
Event: 23.605 Thread 0x00000000274ab800 Uncommon trap: reason=unstable_if action=reinterpret pc=0x00000000126f0bf8 method=java.lang.Integer.stringSize(I)I @ 3 c2
Event: 23.861 Thread 0x00000000274ab800 Uncommon trap: reason=unstable_if action=reinterpret pc=0x00000000126af85c method=java.util.StringTokenizer.nextToken()Ljava/lang/String; @ 5 c2
Event: 23.874 Thread 0x00000000274ab800 Uncommon trap: reason=unstable_if action=reinterpret pc=0x00000000126578a0 method=java.lang.CharacterDataLatin1.isWhitespace(I)Z @ 14 c2
Event: 23.875 Thread 0x00000000274ab800 Uncommon trap: reason=unstable_if action=reinterpret pc=0x00000000125b3520 method=java.lang.CharacterDataLatin1.isWhitespace(I)Z @ 14 c2
Event: 23.876 Thread 0x00000000274ab800 Uncommon trap: reason=unstable_if action=reinterpret pc=0x000000001280f020 method=java.util.ArrayList.toArray([Ljava/lang/Object;)[Ljava/lang/Object; @ 45 c2
Event: 24.586 Thread 0x00000000243d8000 Uncommon trap: reason=speculate_null_assert action=make_not_entrant pc=0x000000001270d828 method=org.springframework.util.ConcurrentReferenceHashMap$Segment.restructureIfNecessary(Z)V @ 41 c2
Event: 24.587 Thread 0x00000000243d8000 Uncommon trap: reason=speculate_null_assert action=make_not_entrant pc=0x000000001261b710 method=org.springframework.util.ConcurrentReferenceHashMap$Segment.restructureIfNecessary(Z)V @ 41 c2

Classes redefined (0 events):
No events

Internal exceptions (10 events):
Event: 19.547 Thread 0x00000000243d8000 Exception <a 'java/lang/ClassNotFoundException'{0x00000000878c6f20}: org/springframework/beans/factory/AwareCustomizer> (0x00000000878c6f20) thrown at [t:/workspace/open/src/hotspot/share/classfile/systemDictionary.cpp, line 231]
Event: 19.549 Thread 0x00000000243d8000 Exception <a 'java/lang/ClassNotFoundException'{0x00000000878d5e78}: org/springframework/context/ApplicationEventPublisherAwareCustomizer> (0x00000000878d5e78) thrown at [t:/workspace/open/src/hotspot/share/classfile/systemDictionary.cpp, line 231]
Event: 19.551 Thread 0x00000000243d8000 Exception <a 'java/lang/ClassNotFoundException'{0x00000000878e3c60}: org/springframework/beans/factory/AwareCustomizer> (0x00000000878e3c60) thrown at [t:/workspace/open/src/hotspot/share/classfile/systemDictionary.cpp, line 231]
Event: 19.569 Thread 0x00000000243d8000 Exception <a 'java/lang/ClassNotFoundException'{0x000000008770f550}: java/lang/ObjectCustomizer> (0x000000008770f550) thrown at [t:/workspace/open/src/hotspot/share/classfile/systemDictionary.cpp, line 231]
Event: 19.603 Thread 0x00000000243d8000 Exception <a 'java/lang/ClassNotFoundException'{0x0000000087722218}: org/springframework/core/io/support/PropertiesLoaderSupportCustomizer> (0x0000000087722218) thrown at [t:/workspace/open/src/hotspot/share/classfile/systemDictionary.cpp, line 231]
Event: 19.605 Thread 0x00000000243d8000 Exception <a 'java/lang/ClassNotFoundException'{0x000000008773a738}: org/springframework/beans/factory/config/PropertiesFactoryBeanCustomizer> (0x000000008773a738) thrown at [t:/workspace/open/src/hotspot/share/classfile/systemDictionary.cpp, line 231]
Event: 19.607 Thread 0x00000000243d8000 Exception <a 'java/lang/ClassNotFoundException'{0x0000000087758d90}: org/springframework/beans/factory/FactoryBeanCustomizer> (0x0000000087758d90) thrown at [t:/workspace/open/src/hotspot/share/classfile/systemDictionary.cpp, line 231]
Event: 19.626 Thread 0x00000000243d8000 Exception <a 'java/lang/ClassNotFoundException'{0x0000000087769df8}: org/springframework/beans/factory/InitializingBeanCustomizer> (0x0000000087769df8) thrown at [t:/workspace/open/src/hotspot/share/classfile/systemDictionary.cpp, line 231]
Event: 23.171 Thread 0x00000000274ab800 Exception <a 'java/lang/NoSuchMethodError'{0x000000008b6bc618}: java.lang.invoke.DirectMethodHandle$Holder.invokeInterface(Ljava/lang/Object;Ljava/lang/Object;)V> (0x000000008b6bc618) thrown at [t:/workspace/open/src/hotspot/share/interpreter/linkResolver
Event: 23.207 Thread 0x00000000274ab800 Exception <a 'java/lang/NoSuchMethodError'{0x000000008b558340}: java.lang.invoke.DirectMethodHandle$Holder.invokeStaticInit(Ljava/lang/Object;Ljava/lang/Object;Ljava/lang/Object;Ljava/lang/Object;II)Ljava/lang/Object;> (0x000000008b558340) thrown at [t:/w

Events (10 events):
Event: 24.620 loading class org/springframework/data/mapping/model/PreferredConstructorDiscoverer$Discoverers$2
Event: 24.620 loading class org/springframework/data/mapping/model/PreferredConstructorDiscoverer$Discoverers$2 done
Event: 24.621 loading class org/springframework/data/util/KotlinReflectionUtils
Event: 24.621 loading class org/springframework/data/util/KotlinReflectionUtils done
Event: 24.627 loading class org/springframework/data/annotation/PersistenceConstructor
Event: 24.627 loading class org/springframework/data/annotation/PersistenceConstructor done
Event: 24.628 loading class org/springframework/data/mapping/PreferredConstructor
Event: 24.628 loading class org/springframework/data/mapping/PreferredConstructor done
Event: 24.629 loading class org/springframework/data/mapping/PreferredConstructor$Parameter
Event: 24.629 loading class org/springframework/data/mapping/PreferredConstructor$Parameter done


Dynamic libraries:
0x000000013f940000 - 0x000000013f987000 	C:\Program Files\Java\jdk-11.0.1\bin\java.exe
0x0000000077970000 - 0x0000000077b0f000 	C:\Windows\SYSTEM32\ntdll.dll
0x0000000077850000 - 0x000000007796f000 	C:\Windows\system32\kernel32.dll
0x000007fefd7b0000 - 0x000007fefd81a000 	C:\Windows\system32\KERNELBASE.dll
0x000007feff7b0000 - 0x000007feff88b000 	C:\Windows\system32\ADVAPI32.dll
0x000007fefe2f0000 - 0x000007fefe38f000 	C:\Windows\system32\msvcrt.dll
0x000007feff4b0000 - 0x000007feff4cf000 	C:\Windows\SYSTEM32\sechost.dll
0x000007fefe1c0000 - 0x000007fefe2ec000 	C:\Windows\system32\RPCRT4.dll
0x0000000077750000 - 0x000000007784a000 	C:\Windows\system32\USER32.dll
0x000007fefde30000 - 0x000007fefde97000 	C:\Windows\system32\GDI32.dll
0x000007feffc50000 - 0x000007feffc5e000 	C:\Windows\system32\LPK.dll
0x000007feffb80000 - 0x000007feffc4b000 	C:\Windows\system32\USP10.dll
0x000007fefbb20000 - 0x000007fefbd15000 	C:\Windows\WinSxS\amd64_microsoft.windows.common-controls_6595b64144ccf1df_6.0.7601.24380_none_e3731d0b30fb6b11\COMCTL32.dll
0x000007feff4d0000 - 0x000007feff541000 	C:\Windows\system32\SHLWAPI.dll
0x000007fefd060000 - 0x000007fefd06c000 	C:\Windows\system32\VERSION.dll
0x000007feff3a0000 - 0x000007feff3ce000 	C:\Windows\system32\IMM32.DLL
0x000007feffa70000 - 0x000007feffb79000 	C:\Windows\system32\MSCTF.dll
0x000007fefd400000 - 0x000007fefd4f7000 	C:\Windows\system32\guard64.dll
0x000007fefd170000 - 0x000007fefd173000 	C:\Windows\system32\api-ms-win-core-synch-l1-2-0.DLL
0x000007fefdea0000 - 0x000007fefe09f000 	C:\Windows\system32\ole32.dll
0x000007fefd020000 - 0x000007fefd029000 	C:\Windows\system32\fltlib.dll
0x000007fefe390000 - 0x000007feff11b000 	C:\Windows\system32\shell32.dll
0x000007fef3a20000 - 0x000007fef3a36000 	C:\Program Files\Java\jdk-11.0.1\bin\vcruntime140.dll
0x000007fef2920000 - 0x000007fef2924000 	C:\Program Files\Java\jdk-11.0.1\bin\api-ms-win-crt-runtime-l1-1-0.dll
0x000007feec140000 - 0x000007feec236000 	C:\Program Files\Java\jdk-11.0.1\bin\ucrtbase.DLL
0x000007feefc30000 - 0x000007feefc33000 	C:\Program Files\Java\jdk-11.0.1\bin\api-ms-win-core-localization-l1-2-0.dll
0x000007feef520000 - 0x000007feef523000 	C:\Program Files\Java\jdk-11.0.1\bin\api-ms-win-core-processthreads-l1-1-1.dll
0x000007feec330000 - 0x000007feec333000 	C:\Program Files\Java\jdk-11.0.1\bin\api-ms-win-core-file-l1-2-0.dll
0x000007feec320000 - 0x000007feec323000 	C:\Program Files\Java\jdk-11.0.1\bin\api-ms-win-core-timezone-l1-1-0.dll
0x000007feec310000 - 0x000007feec313000 	C:\Program Files\Java\jdk-11.0.1\bin\api-ms-win-core-file-l2-1-0.dll
0x000007feec300000 - 0x000007feec304000 	C:\Program Files\Java\jdk-11.0.1\bin\api-ms-win-crt-string-l1-1-0.dll
0x000007feec130000 - 0x000007feec133000 	C:\Program Files\Java\jdk-11.0.1\bin\api-ms-win-crt-heap-l1-1-0.dll
0x000007feec120000 - 0x000007feec124000 	C:\Program Files\Java\jdk-11.0.1\bin\api-ms-win-crt-stdio-l1-1-0.dll
0x000007feec110000 - 0x000007feec114000 	C:\Program Files\Java\jdk-11.0.1\bin\api-ms-win-crt-convert-l1-1-0.dll
0x000007feec060000 - 0x000007feec10a000 	C:\Program Files\Java\jdk-11.0.1\bin\msvcp140.dll
0x000007feec030000 - 0x000007feec033000 	C:\Program Files\Java\jdk-11.0.1\bin\api-ms-win-crt-locale-l1-1-0.dll
0x000007feec020000 - 0x000007feec025000 	C:\Program Files\Java\jdk-11.0.1\bin\api-ms-win-crt-math-l1-1-0.dll
0x000007feebd50000 - 0x000007feebd55000 	C:\Program Files\Java\jdk-11.0.1\bin\api-ms-win-crt-multibyte-l1-1-0.dll
0x000007feea4e0000 - 0x000007feea4e3000 	C:\Program Files\Java\jdk-11.0.1\bin\api-ms-win-crt-time-l1-1-0.dll
0x000007feea4d0000 - 0x000007feea4d3000 	C:\Program Files\Java\jdk-11.0.1\bin\api-ms-win-crt-filesystem-l1-1-0.dll
0x000007feea4c0000 - 0x000007feea4c3000 	C:\Program Files\Java\jdk-11.0.1\bin\api-ms-win-crt-environment-l1-1-0.dll
0x000007feea4b0000 - 0x000007feea4b3000 	C:\Program Files\Java\jdk-11.0.1\bin\api-ms-win-crt-utility-l1-1-0.dll
0x000007fedd2d0000 - 0x000007fedde12000 	C:\Program Files\Java\jdk-11.0.1\bin\server\jvm.dll
0x000007fef8e10000 - 0x000007fef8e19000 	C:\Windows\system32\WSOCK32.dll
0x000007feffa20000 - 0x000007feffa6d000 	C:\Windows\system32\WS2_32.dll
0x000007fefdaf0000 - 0x000007fefdaf8000 	C:\Windows\system32\NSI.dll
0x000007fefc5d0000 - 0x000007fefc60b000 	C:\Windows\system32\WINMM.dll
0x0000000077b10000 - 0x0000000077b17000 	C:\Windows\system32\PSAPI.DLL
0x000007fedd1f0000 - 0x000007fedd201000 	C:\Program Files\Java\jdk-11.0.1\bin\verify.dll
0x000007fef7ea0000 - 0x000007fef7fc5000 	C:\Windows\system32\DBGHELP.DLL
0x000007fedd1c0000 - 0x000007fedd1e9000 	C:\Program Files\Java\jdk-11.0.1\bin\java.dll
0x000007feea480000 - 0x000007feea4af000 	C:\Program Files\Java\jdk-11.0.1\bin\instrument.dll
0x000007fedd1a0000 - 0x000007fedd1b6000 	C:\Program Files\Java\jdk-11.0.1\bin\zip.dll
0x000007fedd190000 - 0x000007fedd19a000 	C:\Program Files\Java\jdk-11.0.1\bin\jimage.dll
0x000007fefd710000 - 0x000007fefd71f000 	C:\Windows\system32\profapi.dll
0x000007fedcef0000 - 0x000007fedcf09000 	C:\Program Files\Java\jdk-11.0.1\bin\net.dll
0x000007fefc1c0000 - 0x000007fefc231000 	C:\Windows\system32\WINHTTP.dll
0x000007fefc150000 - 0x000007fefc1b5000 	C:\Windows\system32\webio.dll
0x000007fefcd50000 - 0x000007fefcda5000 	C:\Windows\system32\mswsock.dll
0x000007fefcd40000 - 0x000007fefcd47000 	C:\Windows\System32\wship6.dll
0x000007fedceb0000 - 0x000007fedcec3000 	C:\Program Files\Java\jdk-11.0.1\bin\nio.dll
0x000007feea460000 - 0x000007feea47a000 	D:\JetBrains\IntelliJ IDEA Community Edition 2020.2.4\bin\breakgen64.dll
0x000007fedc160000 - 0x000007fedc169000 	C:\Program Files\Java\jdk-11.0.1\bin\management.dll
0x000007fedc150000 - 0x000007fedc15c000 	C:\Program Files\Java\jdk-11.0.1\bin\management_ext.dll
0x000007fefa7c0000 - 0x000007fefa7d5000 	C:\Windows\system32\NLAapi.dll
0x000007fef0e60000 - 0x000007fef0e75000 	C:\Windows\system32\napinsp.dll
0x000007feeabb0000 - 0x000007feeabc9000 	C:\Windows\system32\pnrpnsp.dll
0x000007fef1210000 - 0x000007fef123e000 	C:\Program Files\Common Files\Microsoft Shared\Windows Live\WLIDNSP.DLL
0x000007fefabf0000 - 0x000007fefac00000 	C:\Windows\system32\wshbth.dll
0x000007fefcba0000 - 0x000007fefcbfb000 	C:\Windows\system32\DNSAPI.dll
0x000007feeaba0000 - 0x000007feeabab000 	C:\Windows\System32\winrnr.dll
0x000007fefc710000 - 0x000007fefc717000 	C:\Windows\System32\wshtcpip.dll
0x000007fefc620000 - 0x000007fefc647000 	C:\Windows\system32\IPHLPAPI.DLL
0x000007fefc610000 - 0x000007fefc61b000 	C:\Windows\system32\WINNSI.DLL
0x000007fef1200000 - 0x000007fef1208000 	C:\Windows\system32\rasadhlp.dll
0x000007fef93a0000 - 0x000007fef93f3000 	C:\Windows\System32\fwpuclnt.dll
0x000007fefcdb0000 - 0x000007fefcdc8000 	C:\Windows\system32\CRYPTSP.dll
0x000007fefcac0000 - 0x000007fefcb07000 	C:\Windows\system32\rsaenh.dll
0x000007fefd840000 - 0x000007fefd85e000 	C:\Windows\system32\USERENV.dll
0x000007fefd5a0000 - 0x000007fefd5af000 	C:\Windows\system32\CRYPTBASE.dll
0x000007fef9310000 - 0x000007fef9328000 	C:\Windows\system32\dhcpcsvc.DLL
0x000007fef9370000 - 0x000007fef9381000 	C:\Windows\system32\dhcpcsvc6.DLL

dbghelp: loaded successfully - version: 4.0.5 - missing functions: none
symbol engine: initialized successfully - sym options: 0x614 - pdb path: .;C:\Program Files\Java\jdk-11.0.1\bin;C:\Windows\SYSTEM32;C:\Windows\WinSxS\amd64_microsoft.windows.common-controls_6595b64144ccf1df_6.0.7601.24380_none_e3731d0b30fb6b11;C:\Program Files\Java\jdk-11.0.1\bin\server;D:\JetBrains\IntelliJ IDEA Community Edition 2020.2.4\bin;C:\Program Files\Common Files\Microsoft Shared\Windows Live

VM Arguments:
jvm_args: -javaagent:D:\JetBrains\IntelliJ IDEA Community Edition 2020.2.4\lib\idea_rt.jar=8989:D:\JetBrains\IntelliJ IDEA Community Edition 2020.2.4\bin -Dfile.encoding=windows-1250 
java_command: eurogeo.pl.linear.linearservice.LinearApplication
java_class_path (initial): D:\Users\Zuzia2\Documents\GitHub\linear\target\classes;D:\Users\Zuzia2\.m2\repository\org\springframework\boot\spring-boot-starter-data-jpa\2.3.4.RELEASE\spring-boot-starter-data-jpa-2.3.4.RELEASE.jar;D:\Users\Zuzia2\.m2\repository\org\springframework\boot\spring-boot-starter-aop\2.3.4.RELEASE\spring-boot-starter-aop-2.3.4.RELEASE.jar;D:\Users\Zuzia2\.m2\repository\org\aspectj\aspectjweaver\1.9.6\aspectjweaver-1.9.6.jar;D:\Users\Zuzia2\.m2\repository\org\springframework\boot\spring-boot-starter-jdbc\2.3.4.RELEASE\spring-boot-starter-jdbc-2.3.4.RELEASE.jar;D:\Users\Zuzia2\.m2\repository\com\zaxxer\HikariCP\3.4.5\HikariCP-3.4.5.jar;D:\Users\Zuzia2\.m2\repository\org\springframework\spring-jdbc\5.2.9.RELEASE\spring-jdbc-5.2.9.RELEASE.jar;D:\Users\Zuzia2\.m2\repository\jakarta\transaction\jakarta.transaction-api\1.3.3\jakarta.transaction-api-1.3.3.jar;D:\Users\Zuzia2\.m2\repository\jakarta\persistence\jakarta.persistence-api\2.2.3\jakarta.persistence-api-2.2.3.jar;D:\Users\Zuzia2\.m2\repository\org\hibernate\hibernate-core\5.4.21.Final\hibernate-core-5.4.21.Final.jar;D:\Users\Zuzia2\.m2\repository\org\javassist\javassist\3.24.0-GA\javassist-3.24.0-GA.jar;D:\Users\Zuzia2\.m2\repository\antlr\antlr\2.7.7\antlr-2.7.7.jar;D:\Users\Zuzia2\.m2\repository\org\jboss\jandex\2.1.3.Final\jandex-2.1.3.Final.jar;D:\Users\Zuzia2\.m2\repository\org\dom4j\dom4j\2.1.3\dom4j-2.1.3.jar;D:\Users\Zuzia2\.m2\repository\org\hibernate\common\hibernate-commons-annotations\5.1.0.Final\hibernate-commons-annotations-5.1.0.Final.jar;D:\Users\Zuzia2\.m2\repository\org\glassfish\jaxb\jaxb-runtime\2.3.3\jaxb-runtime-2.3.3.jar;D:\Users\Zuzia2\.m2\repository\org\glassfish\jaxb\txw2\2.3.3\txw2-2.3.3.jar;D:\Users\Zuzia2\.m2\repository\com\sun\istack\istack-commons-runtime\3.0.11\istack-commons-runtime-3.0.11.jar;D:\Users\Zuzia2\.m2\repository\com\sun\activation\jakarta.activation\1.2.2\jakarta.activation-1.2.2.jar;D:\Users\Zuzia2\.m2\repository\org\springframework\data\spring-
Launcher Type: SUN_STANDARD

[Global flags]
     intx CICompilerCount                          = 3                                         {product} {ergonomic}
     uint ConcGCThreads                            = 1                                         {product} {ergonomic}
     uint G1ConcRefinementThreads                  = 4                                         {product} {ergonomic}
   size_t G1HeapRegionSize                         = 1048576                                   {product} {ergonomic}
    uintx GCDrainStackTargetSize                   = 64                                        {product} {ergonomic}
   size_t InitialHeapSize                          = 132120576                                 {product} {ergonomic}
   size_t MarkStackSize                            = 4194304                                   {product} {ergonomic}
   size_t MaxHeapSize                              = 2111832064                                {product} {ergonomic}
   size_t MaxNewSize                               = 1266679808                                {product} {ergonomic}
   size_t MinHeapDeltaBytes                        = 1048576                                   {product} {ergonomic}
    uintx NonNMethodCodeHeapSize                   = 5830092                                {pd product} {ergonomic}
    uintx NonProfiledCodeHeapSize                  = 122914074                              {pd product} {ergonomic}
    uintx ProfiledCodeHeapSize                     = 122914074                              {pd product} {ergonomic}
    uintx ReservedCodeCacheSize                    = 251658240                              {pd product} {ergonomic}
     bool SegmentedCodeCache                       = true                                      {product} {ergonomic}
     bool UseCompressedClassPointers               = true                                 {lp64_product} {ergonomic}
     bool UseCompressedOops                        = true                                 {lp64_product} {ergonomic}
     bool UseG1GC                                  = true                                      {product} {ergonomic}
     bool UseLargePagesIndividualAllocation        = false                                  {pd product} {ergonomic}

Logging:
Log output configuration:
 #0: stdout all=warning uptime,level,tags
 #1: stderr all=off uptime,level,tags

Environment Variables:
JAVA_HOME=C:\Program Files\Java\jdk-13.0.1
PATH=C:\Program Files (x86)\Common Files\Oracle\Java\javapath;C:\ProgramData\Oracle\Java\javapath;C:\Program Files (x86)\NVIDIA Corporation\PhysX\Common;C:\Program Files\Common Files\Microsoft Shared\Windows Live;C:\Program Files (x86)\Common Files\Microsoft Shared\Windows Live;C:\Windows\system32;C:\Windows;C:\Windows\System32\Wbem;C:\Windows\System32\WindowsPowerShell\v1.0\;C:\Program Files\Broadcom\Broadcom 802.11 Network Adapter\Driver;C:\Program Files (x86)\Windows Live\Shared;C:\Program Files\WIDCOMM\Bluetooth Software\;C:\Program Files\WIDCOMM\Bluetooth Software\syswow64;D:\xampp\php;C:\ProgramData\ComposerSetup\bin;C:\Program Files (x86)\sbt\bin;D:\vscode\Microsoft VS Code Insiders\bin;C:\Program Files\PuTTY\;D:\Git\cmd;C:\Program Files\nodejs\;C:\Program Files (x86)\ENCARD\;C:\Program Files\ENCARD\;C:\Statica\mStatica 4;D:\Users\Zuzia2\AppData\Roaming\Composer\vendor\bin;D:\Users\Zuzia2\AppData\Local\GitHubDesktop\bin;D:\Nmap;d:\Docker Toolbox;D:\JetBrains\IntelliJ IDEA Community Edition 2019.3.2\bin;D:\Users\Zuzia2\AppData\Roaming\npm;D:\OpenSSL\bin
USERNAME=Zuzia2
OS=Windows_NT
PROCESSOR_IDENTIFIER=Intel64 Family 6 Model 37 Stepping 5, GenuineIntel



---------------  S Y S T E M  ---------------

OS: Windows 7 , 64 bit Build 7601 (6.1.7601.24388)

CPU:total 4 (initial active 4) (2 cores per cpu, 2 threads per core) family 6 model 37 stepping 5, cmov, cx8, fxsr, mmx, sse, sse2, sse3, ssse3, sse4.1, sse4.2, popcnt, ht, tsc, tscinvbit

Memory: 4k page, system-wide physical 8052M (819M free)
TotalPageFile size 8562M (AvailPageFile size 214M)
current process WorkingSet (physical memory assigned to process): 295M, peak: 309M
current process commit charge ("private bytes"): 363M, peak: 383M

vm_info: Java HotSpot(TM) 64-Bit Server VM (11.0.1+13-LTS) for windows-amd64 JRE (11.0.1+13-LTS), built on Oct  6 2018 13:20:16 by "mach5one" with MS VC++ 15.5 (VS2017)

END.
