#
# There is insufficient memory for the Java Runtime Environment to continue.
# Native memory allocation (mmap) failed to map 52428800 bytes for Failed to commit area from 0x000000008ba00000 to 0x000000008ec00000 of length 52428800.
# Possible reasons:
#   The system is out of physical RAM or swap space
#   The process is running with CompressedOops enabled, and the Java Heap may be blocking the growth of the native heap
# Possible solutions:
#   Reduce memory load on the system
#   Increase physical memory or swap space
#   Check if swap backing store is full
#   Decrease Java heap size (-Xmx/-Xms)
#   Decrease number of Java threads
#   Decrease Java thread stack sizes (-Xss)
#   Set larger code cache with -XX:ReservedCodeCacheSize=
#   JVM is running with Unscaled Compressed Oops mode in which the Java heap is
#     placed in the first 4GB address space. The Java Heap base address is the
#     maximum limit for the native heap growth. Please use -XX:HeapBaseMinAddress
#     to set the Java Heap base and to place the Java Heap above 4GB virtual address.
# This output file may be truncated or incomplete.
#
#  Out of Memory Error (t:/workspace/open/src/hotspot/os/windows/os_windows.cpp:3269), pid=10644, tid=6376
#
# JRE version: Java(TM) SE Runtime Environment (11.0.1+13) (build 11.0.1+13-LTS)
# Java VM: Java HotSpot(TM) 64-Bit Server VM (11.0.1+13-LTS, mixed mode, tiered, compressed oops, g1 gc, windows-amd64)
# No core dump will be written. Minidumps are not enabled by default on client versions of Windows
#

---------------  S U M M A R Y ------------

Command Line: -javaagent:D:\JetBrains\IntelliJ IDEA Community Edition 2019.3.2\lib\idea_rt.jar=15768:D:\JetBrains\IntelliJ IDEA Community Edition 2019.3.2\bin -Dfile.encoding=windows-1250 eurogeo.pl.linear.linearservice.LinearApplication

Host: Intel(R) Core(TM) i5 CPU       M 480  @ 2.67GHz, 4 cores, 7G,  Windows 7 , 64 bit Build 7601 (6.1.7601.24388)
Time: Fri Oct 16 15:29:37 2020 ?rodkowoeuropejski czas letni elapsed time: 20 seconds (0d 0h 0m 20s)

---------------  T H R E A D  ---------------

Current thread (0x0000000021a4c000):  VMThread "VM Thread" [stack: 0x00000000223a0000,0x00000000224a0000] [id=6376]

Stack: [0x00000000223a0000,0x00000000224a0000]
[error occurred during error reporting (printing stack bounds), id 0xc0000005, EXCEPTION_ACCESS_VIOLATION (0xc0000005) at pc=0x000000000ad40bbd]

Native frames: (J=compiled Java code, j=interpreted, Vv=VM code, C=native code)
V  [jvm.dll+0x63c21a]
V  [jvm.dll+0x7797df]
V  [jvm.dll+0x77adca]
V  [jvm.dll+0x77b3e5]
V  [jvm.dll+0x77b39b]
V  [jvm.dll+0x63b916]
V  [jvm.dll+0x63bce8]
C  [ntdll.dll+0x6bf7d]
C  [ntdll.dll+0x4043a]
C  [ntdll.dll+0x6b61e]
C  0x000000000ad40bbd

VM_Operation (0x0000000025c6ab30): CollectForMetadataAllocation, mode: safepoint, requested by thread 0x0000000024275000


---------------  P R O C E S S  ---------------

Threads class SMR info:
_java_thread_list=0x0000000024634830, length=18, elements={
0x0000000002482800, 0x0000000021a50800, 0x0000000021a92800, 0x0000000021aab800,
0x0000000021aaf000, 0x0000000021ab3000, 0x0000000021ab4000, 0x0000000021ad0800,
0x0000000022ff2800, 0x000000002347b000, 0x00000000234a8000, 0x0000000024274000,
0x0000000024275000, 0x0000000028687800, 0x0000000024b86800, 0x0000000025081800,
0x0000000025082000, 0x000000002890c800
}

Java Threads: ( => current thread )
  0x0000000002482800 JavaThread "main" [_thread_blocked, id=10712, stack(0x0000000002380000,0x0000000002480000)]
  0x0000000021a50800 JavaThread "Reference Handler" daemon [_thread_blocked, id=11456, stack(0x00000000215b0000,0x00000000216b0000)]
  0x0000000021a92800 JavaThread "Finalizer" daemon [_thread_blocked, id=10152, stack(0x0000000022550000,0x0000000022650000)]
  0x0000000021aab800 JavaThread "Signal Dispatcher" daemon [_thread_blocked, id=9220, stack(0x0000000022660000,0x0000000022760000)]
  0x0000000021aaf000 JavaThread "Attach Listener" daemon [_thread_blocked, id=6340, stack(0x00000000227a0000,0x00000000228a0000)]
  0x0000000021ab3000 JavaThread "C2 CompilerThread0" daemon [_thread_in_native, id=9284, stack(0x00000000229b0000,0x0000000022ab0000)]
  0x0000000021ab4000 JavaThread "C1 CompilerThread0" daemon [_thread_blocked, id=4632, stack(0x0000000022af0000,0x0000000022bf0000)]
  0x0000000021ad0800 JavaThread "Sweeper thread" daemon [_thread_blocked, id=2032, stack(0x0000000022d80000,0x0000000022e80000)]
  0x0000000022ff2800 JavaThread "Common-Cleaner" daemon [_thread_blocked, id=11528, stack(0x0000000022c20000,0x0000000022d20000)]
  0x000000002347b000 JavaThread "Monitor Ctrl-Break" daemon [_thread_in_native, id=1632, stack(0x0000000023cd0000,0x0000000023dd0000)]
  0x00000000234a8000 JavaThread "Service Thread" daemon [_thread_blocked, id=10736, stack(0x00000000232b0000,0x00000000233b0000)]
  0x0000000024274000 JavaThread "Thread-0" [_thread_blocked, id=11468, stack(0x0000000025310000,0x0000000025410000)]
  0x0000000024275000 JavaThread "restartedMain" [_thread_blocked, id=5888, stack(0x0000000025b70000,0x0000000025c70000)]
  0x0000000028687800 JavaThread "HikariPool-1 housekeeper" daemon [_thread_blocked, id=11668, stack(0x0000000026d60000,0x0000000026e60000)]
  0x0000000024b86800 JavaThread "Catalina-utility-1" [_thread_blocked, id=5868, stack(0x0000000029da0000,0x0000000029ea0000)]
  0x0000000025081800 JavaThread "Catalina-utility-2" [_thread_blocked, id=5304, stack(0x0000000026200000,0x0000000026300000)]
  0x0000000025082000 JavaThread "container-0" [_thread_blocked, id=10136, stack(0x000000002a060000,0x000000002a160000)]
  0x000000002890c800 JavaThread "C2 CompilerThread1" daemon [_thread_blocked, id=1916, stack(0x000000002c030000,0x000000002c130000)]

Other Threads:
=>0x0000000021a4c000 VMThread "VM Thread" [stack: 0x00000000223a0000,0x00000000224a0000] [id=6376]
  0x00000000234a9000 WatcherThread [stack: 0x0000000023ef0000,0x0000000023ff0000] [id=10060]
  0x0000000002497000 GCTaskThread "GC Thread#0" [stack: 0x0000000019f00000,0x000000001a000000] [id=11832]
  0x0000000023c5b800 GCTaskThread "GC Thread#1" [stack: 0x00000000254b0000,0x00000000255b0000] [id=1280]
  0x0000000023c5e800 GCTaskThread "GC Thread#2" [stack: 0x0000000025700000,0x0000000025800000] [id=8584]
  0x000000002449d800 GCTaskThread "GC Thread#3" [stack: 0x0000000026430000,0x0000000026530000] [id=1792]
  0x00000000024c8000 ConcurrentGCThread "G1 Main Marker" [stack: 0x000000001ef20000,0x000000001f020000] [id=7492]
  0x00000000024c9800 ConcurrentGCThread "G1 Conc#0" [stack: 0x000000001f040000,0x000000001f140000] [id=7440]
  0x0000000002558000 ConcurrentGCThread "G1 Refine#0" [stack: 0x00000000216d0000,0x00000000217d0000] [id=2300]
  0x0000000023211800 ConcurrentGCThread "G1 Refine#1" [stack: 0x0000000025820000,0x0000000025920000] [id=11296]
  0x0000000002559000 ConcurrentGCThread "G1 Young RemSet Sampling" [stack: 0x00000000217e0000,0x00000000218e0000] [id=7312]

Threads with active compile tasks:
C2 CompilerThread04479       4       org.springframework.core.annotation.TypeMappedAnnotations$MergedAnnotationFinder::doWithAnnotations (75 bytes)
C2 CompilerThread14643       4       org.springframework.beans.factory.support.AbstractBeanFactory::isTypeMatch (607 bytes)

VM state:at safepoint (normal execution)

VM Mutex/Monitor currently owned by a thread:  ([mutex/lock_event])
[0x000000000045ecf0] Threads_lock - owner thread: 0x0000000021a4c000
[0x000000000045f440] Heap_lock - owner thread: 0x0000000024275000

Heap address: 0x0000000082200000, size: 2014 MB, Compressed Oops mode: 32-bit
Narrow klass base: 0x0000000000000000, Narrow klass shift: 3
Compressed class space size: 1073741824 Address: 0x000000013fdd0000

Heap:
 garbage-first heap   total 206848K, used 20792K [0x0000000082200000, 0x0000000100000000)
  region size 1024K, 8 young (8192K), 8 survivors (8192K)
 Metaspace       used 58693K, capacity 60054K, committed 60160K, reserved 1101824K
  class space    used 7521K, capacity 8095K, committed 8192K, reserved 1048576K
Heap Regions: E=young(eden), S=young(survivor), O=old, HS=humongous(starts), HC=humongous(continues), CS=collection set, F=free, A=archive, TAMS=top-at-mark-start (previous, next)
|   0|0x0000000082200000, 0x0000000082300000, 0x0000000082300000|100%|HS|  |TAMS 0x0000000082300000, 0x0000000082300000| Complete 
|   1|0x0000000082300000, 0x0000000082400000, 0x0000000082400000|100%| O|  |TAMS 0x0000000082400000, 0x0000000082400000| Untracked 
|   2|0x0000000082400000, 0x0000000082500000, 0x0000000082500000|100%| O|  |TAMS 0x0000000082500000, 0x0000000082500000| Untracked 
|   3|0x0000000082500000, 0x0000000082600000, 0x0000000082600000|100%| O|  |TAMS 0x0000000082600000, 0x0000000082600000| Untracked 
|   4|0x0000000082600000, 0x0000000082700000, 0x0000000082700000|100%| O|  |TAMS 0x0000000082700000, 0x0000000082700000| Untracked 
|   5|0x0000000082700000, 0x0000000082800000, 0x0000000082800000|100%| O|  |TAMS 0x0000000082800000, 0x0000000082800000| Untracked 
|   6|0x0000000082800000, 0x0000000082900000, 0x0000000082900000|100%| O|  |TAMS 0x0000000082844e00, 0x0000000082900000| Untracked 
|   7|0x0000000082900000, 0x0000000082a00000, 0x0000000082a00000|100%| O|  |TAMS 0x0000000082900000, 0x0000000082a00000| Untracked 
|   8|0x0000000082a00000, 0x0000000082b00000, 0x0000000082b00000|100%| O|  |TAMS 0x0000000082a00000, 0x0000000082b00000| Untracked 
|   9|0x0000000082b00000, 0x0000000082c00000, 0x0000000082c00000|100%| O|  |TAMS 0x0000000082b00000, 0x0000000082c00000| Untracked 
|  10|0x0000000082c00000, 0x0000000082d00000, 0x0000000082d00000|100%| O|  |TAMS 0x0000000082c00000, 0x0000000082d00000| Untracked 
|  11|0x0000000082d00000, 0x0000000082e00000, 0x0000000082e00000|100%| O|  |TAMS 0x0000000082d00000, 0x0000000082e00000| Untracked 
|  12|0x0000000082e00000, 0x0000000082ee7800, 0x0000000082f00000| 90%| O|  |TAMS 0x0000000082e00000, 0x0000000082ee7800| Untracked 
|  13|0x0000000082f00000, 0x0000000082f00000, 0x0000000083000000|  0%| F|  |TAMS 0x0000000082f00000, 0x0000000082f00000| Untracked 
|  14|0x0000000083000000, 0x0000000083000000, 0x0000000083100000|  0%| F|  |TAMS 0x0000000083000000, 0x0000000083000000| Untracked 
|  15|0x0000000083100000, 0x0000000083100000, 0x0000000083200000|  0%| F|  |TAMS 0x0000000083100000, 0x0000000083100000| Untracked 
|  16|0x0000000083200000, 0x0000000083200000, 0x0000000083300000|  0%| F|  |TAMS 0x0000000083200000, 0x0000000083200000| Untracked 
|  17|0x0000000083300000, 0x0000000083300000, 0x0000000083400000|  0%| F|  |TAMS 0x0000000083300000, 0x0000000083300000| Untracked 
|  18|0x0000000083400000, 0x0000000083400000, 0x0000000083500000|  0%| F|  |TAMS 0x0000000083400000, 0x0000000083400000| Untracked 
|  19|0x0000000083500000, 0x0000000083500000, 0x0000000083600000|  0%| F|  |TAMS 0x0000000083500000, 0x0000000083500000| Untracked 
|  20|0x0000000083600000, 0x0000000083600000, 0x0000000083700000|  0%| F|  |TAMS 0x0000000083600000, 0x0000000083600000| Untracked 
|  21|0x0000000083700000, 0x0000000083700000, 0x0000000083800000|  0%| F|  |TAMS 0x0000000083700000, 0x0000000083700000| Untracked 
|  22|0x0000000083800000, 0x0000000083800000, 0x0000000083900000|  0%| F|  |TAMS 0x0000000083800000, 0x0000000083800000| Untracked 
|  23|0x0000000083900000, 0x0000000083900000, 0x0000000083a00000|  0%| F|  |TAMS 0x0000000083900000, 0x0000000083900000| Untracked 
|  24|0x0000000083a00000, 0x0000000083a00000, 0x0000000083b00000|  0%| F|  |TAMS 0x0000000083a00000, 0x0000000083a00000| Untracked 
|  25|0x0000000083b00000, 0x0000000083b00000, 0x0000000083c00000|  0%| F|  |TAMS 0x0000000083b00000, 0x0000000083b00000| Untracked 
|  26|0x0000000083c00000, 0x0000000083c00000, 0x0000000083d00000|  0%| F|  |TAMS 0x0000000083c00000, 0x0000000083c00000| Untracked 
|  27|0x0000000083d00000, 0x0000000083d00000, 0x0000000083e00000|  0%| F|  |TAMS 0x0000000083d00000, 0x0000000083d00000| Untracked 
|  28|0x0000000083e00000, 0x0000000083e00000, 0x0000000083f00000|  0%| F|  |TAMS 0x0000000083e00000, 0x0000000083e00000| Untracked 
|  29|0x0000000083f00000, 0x0000000083f00000, 0x0000000084000000|  0%| F|  |TAMS 0x0000000083f00000, 0x0000000083f00000| Untracked 
|  30|0x0000000084000000, 0x0000000084000000, 0x0000000084100000|  0%| F|  |TAMS 0x0000000084000000, 0x0000000084000000| Untracked 
|  31|0x0000000084100000, 0x0000000084100000, 0x0000000084200000|  0%| F|  |TAMS 0x0000000084100000, 0x0000000084100000| Untracked 
|  32|0x0000000084200000, 0x0000000084200000, 0x0000000084300000|  0%| F|  |TAMS 0x0000000084200000, 0x0000000084200000| Untracked 
|  33|0x0000000084300000, 0x0000000084300000, 0x0000000084400000|  0%| F|  |TAMS 0x0000000084300000, 0x0000000084300000| Untracked 
|  34|0x0000000084400000, 0x0000000084400000, 0x0000000084500000|  0%| F|  |TAMS 0x0000000084400000, 0x0000000084400000| Untracked 
|  35|0x0000000084500000, 0x0000000084500000, 0x0000000084600000|  0%| F|  |TAMS 0x0000000084500000, 0x0000000084500000| Untracked 
|  36|0x0000000084600000, 0x0000000084600000, 0x0000000084700000|  0%| F|  |TAMS 0x0000000084600000, 0x0000000084600000| Untracked 
|  37|0x0000000084700000, 0x0000000084700000, 0x0000000084800000|  0%| F|  |TAMS 0x0000000084700000, 0x0000000084700000| Untracked 
|  38|0x0000000084800000, 0x0000000084800000, 0x0000000084900000|  0%| F|  |TAMS 0x0000000084800000, 0x0000000084800000| Untracked 
|  39|0x0000000084900000, 0x0000000084900000, 0x0000000084a00000|  0%| F|  |TAMS 0x0000000084900000, 0x0000000084900000| Untracked 
|  40|0x0000000084a00000, 0x0000000084a00000, 0x0000000084b00000|  0%| F|  |TAMS 0x0000000084a00000, 0x0000000084a00000| Untracked 
|  41|0x0000000084b00000, 0x0000000084b00000, 0x0000000084c00000|  0%| F|  |TAMS 0x0000000084b00000, 0x0000000084b00000| Untracked 
|  42|0x0000000084c00000, 0x0000000084c00000, 0x0000000084d00000|  0%| F|  |TAMS 0x0000000084c00000, 0x0000000084c00000| Untracked 
|  43|0x0000000084d00000, 0x0000000084d00000, 0x0000000084e00000|  0%| F|  |TAMS 0x0000000084d00000, 0x0000000084d00000| Untracked 
|  44|0x0000000084e00000, 0x0000000084e00000, 0x0000000084f00000|  0%| F|  |TAMS 0x0000000084e00000, 0x0000000084e00000| Untracked 
|  45|0x0000000084f00000, 0x0000000084f00000, 0x0000000085000000|  0%| F|  |TAMS 0x0000000084f00000, 0x0000000084f00000| Untracked 
|  46|0x0000000085000000, 0x0000000085000000, 0x0000000085100000|  0%| F|  |TAMS 0x0000000085000000, 0x0000000085000000| Untracked 
|  47|0x0000000085100000, 0x0000000085100000, 0x0000000085200000|  0%| F|  |TAMS 0x0000000085100000, 0x0000000085100000| Untracked 
|  48|0x0000000085200000, 0x0000000085200000, 0x0000000085300000|  0%| F|  |TAMS 0x0000000085200000, 0x0000000085200000| Untracked 
|  49|0x0000000085300000, 0x0000000085300000, 0x0000000085400000|  0%| F|  |TAMS 0x0000000085300000, 0x0000000085300000| Untracked 
|  50|0x0000000085400000, 0x0000000085400000, 0x0000000085500000|  0%| F|  |TAMS 0x0000000085400000, 0x0000000085400000| Untracked 
|  51|0x0000000085500000, 0x0000000085500000, 0x0000000085600000|  0%| F|  |TAMS 0x0000000085500000, 0x0000000085500000| Untracked 
|  52|0x0000000085600000, 0x0000000085600000, 0x0000000085700000|  0%| F|  |TAMS 0x0000000085600000, 0x0000000085600000| Untracked 
|  53|0x0000000085700000, 0x0000000085700000, 0x0000000085800000|  0%| F|  |TAMS 0x0000000085700000, 0x0000000085700000| Untracked 
|  54|0x0000000085800000, 0x0000000085800000, 0x0000000085900000|  0%| F|  |TAMS 0x0000000085800000, 0x0000000085800000| Untracked 
|  55|0x0000000085900000, 0x0000000085900000, 0x0000000085a00000|  0%| F|  |TAMS 0x0000000085900000, 0x0000000085900000| Untracked 
|  56|0x0000000085a00000, 0x0000000085a00000, 0x0000000085b00000|  0%| F|  |TAMS 0x0000000085a00000, 0x0000000085a00000| Untracked 
|  57|0x0000000085b00000, 0x0000000085b00000, 0x0000000085c00000|  0%| F|  |TAMS 0x0000000085b00000, 0x0000000085b00000| Untracked 
|  58|0x0000000085c00000, 0x0000000085c00000, 0x0000000085d00000|  0%| F|  |TAMS 0x0000000085c00000, 0x0000000085c00000| Untracked 
|  59|0x0000000085d00000, 0x0000000085d00000, 0x0000000085e00000|  0%| F|  |TAMS 0x0000000085d00000, 0x0000000085d00000| Untracked 
|  60|0x0000000085e00000, 0x0000000085e00000, 0x0000000085f00000|  0%| F|  |TAMS 0x0000000085e00000, 0x0000000085e00000| Untracked 
|  61|0x0000000085f00000, 0x0000000085f00000, 0x0000000086000000|  0%| F|  |TAMS 0x0000000085f00000, 0x0000000085f00000| Untracked 
|  62|0x0000000086000000, 0x0000000086000000, 0x0000000086100000|  0%| F|  |TAMS 0x0000000086000000, 0x0000000086000000| Untracked 
|  63|0x0000000086100000, 0x0000000086100000, 0x0000000086200000|  0%| F|  |TAMS 0x0000000086100000, 0x0000000086100000| Untracked 
|  64|0x0000000086200000, 0x0000000086200000, 0x0000000086300000|  0%| F|  |TAMS 0x0000000086200000, 0x0000000086200000| Untracked 
|  65|0x0000000086300000, 0x0000000086300000, 0x0000000086400000|  0%| F|  |TAMS 0x0000000086300000, 0x0000000086300000| Untracked 
|  66|0x0000000086400000, 0x0000000086400000, 0x0000000086500000|  0%| F|  |TAMS 0x0000000086400000, 0x0000000086400000| Untracked 
|  67|0x0000000086500000, 0x0000000086500000, 0x0000000086600000|  0%| F|  |TAMS 0x0000000086500000, 0x0000000086500000| Untracked 
|  68|0x0000000086600000, 0x0000000086600000, 0x0000000086700000|  0%| F|  |TAMS 0x0000000086600000, 0x0000000086600000| Untracked 
|  69|0x0000000086700000, 0x0000000086700000, 0x0000000086800000|  0%| F|  |TAMS 0x0000000086700000, 0x0000000086700000| Untracked 
|  70|0x0000000086800000, 0x0000000086800000, 0x0000000086900000|  0%| F|  |TAMS 0x0000000086800000, 0x0000000086800000| Untracked 
|  71|0x0000000086900000, 0x0000000086900000, 0x0000000086a00000|  0%| F|  |TAMS 0x0000000086900000, 0x0000000086900000| Untracked 
|  72|0x0000000086a00000, 0x0000000086a00000, 0x0000000086b00000|  0%| F|  |TAMS 0x0000000086a00000, 0x0000000086a00000| Untracked 
|  73|0x0000000086b00000, 0x0000000086b00000, 0x0000000086c00000|  0%| F|  |TAMS 0x0000000086b00000, 0x0000000086b00000| Untracked 
|  74|0x0000000086c00000, 0x0000000086c00000, 0x0000000086d00000|  0%| F|  |TAMS 0x0000000086c00000, 0x0000000086c00000| Untracked 
|  75|0x0000000086d00000, 0x0000000086d00000, 0x0000000086e00000|  0%| F|  |TAMS 0x0000000086d00000, 0x0000000086d00000| Untracked 
|  76|0x0000000086e00000, 0x0000000086e00000, 0x0000000086f00000|  0%| F|  |TAMS 0x0000000086e00000, 0x0000000086e00000| Untracked 
|  77|0x0000000086f00000, 0x0000000086f00000, 0x0000000087000000|  0%| F|  |TAMS 0x0000000086f00000, 0x0000000086f00000| Untracked 
|  78|0x0000000087000000, 0x0000000087000000, 0x0000000087100000|  0%| F|  |TAMS 0x0000000087000000, 0x0000000087000000| Untracked 
|  79|0x0000000087100000, 0x0000000087100000, 0x0000000087200000|  0%| F|  |TAMS 0x0000000087100000, 0x0000000087100000| Untracked 
|  80|0x0000000087200000, 0x0000000087200000, 0x0000000087300000|  0%| F|  |TAMS 0x0000000087200000, 0x0000000087200000| Untracked 
|  81|0x0000000087300000, 0x0000000087300000, 0x0000000087400000|  0%| F|  |TAMS 0x0000000087300000, 0x0000000087300000| Untracked 
|  82|0x0000000087400000, 0x0000000087400000, 0x0000000087500000|  0%| F|  |TAMS 0x0000000087400000, 0x0000000087400000| Untracked 
|  83|0x0000000087500000, 0x0000000087500000, 0x0000000087600000|  0%| F|  |TAMS 0x0000000087500000, 0x0000000087500000| Untracked 
|  84|0x0000000087600000, 0x0000000087600000, 0x0000000087700000|  0%| F|  |TAMS 0x0000000087600000, 0x0000000087600000| Untracked 
|  85|0x0000000087700000, 0x0000000087700000, 0x0000000087800000|  0%| F|  |TAMS 0x0000000087700000, 0x0000000087700000| Untracked 
|  86|0x0000000087800000, 0x0000000087800000, 0x0000000087900000|  0%| F|  |TAMS 0x0000000087800000, 0x0000000087800000| Untracked 
|  87|0x0000000087900000, 0x0000000087900000, 0x0000000087a00000|  0%| F|  |TAMS 0x0000000087900000, 0x0000000087900000| Untracked 
|  88|0x0000000087a00000, 0x0000000087a668e8, 0x0000000087b00000| 40%| S|CS|TAMS 0x0000000087a00000, 0x0000000087a00000| Complete 
|  89|0x0000000087b00000, 0x0000000087c00000, 0x0000000087c00000|100%| S|CS|TAMS 0x0000000087b00000, 0x0000000087b00000| Complete 
|  90|0x0000000087c00000, 0x0000000087d00000, 0x0000000087d00000|100%| S|CS|TAMS 0x0000000087c00000, 0x0000000087c00000| Complete 
|  91|0x0000000087d00000, 0x0000000087e00000, 0x0000000087e00000|100%| S|CS|TAMS 0x0000000087d00000, 0x0000000087d00000| Complete 
|  92|0x0000000087e00000, 0x0000000087f00000, 0x0000000087f00000|100%| S|CS|TAMS 0x0000000087e00000, 0x0000000087e00000| Complete 
|  93|0x0000000087f00000, 0x0000000088000000, 0x0000000088000000|100%| S|CS|TAMS 0x0000000087f00000, 0x0000000087f00000| Complete 
|  94|0x0000000088000000, 0x0000000088100000, 0x0000000088100000|100%| S|CS|TAMS 0x0000000088000000, 0x0000000088000000| Complete 
|  95|0x0000000088100000, 0x0000000088200000, 0x0000000088200000|100%| S|CS|TAMS 0x0000000088100000, 0x0000000088100000| Complete 
|  96|0x0000000088200000, 0x0000000088200000, 0x0000000088300000|  0%| F|  |TAMS 0x0000000088200000, 0x0000000088200000| Untracked 
|  97|0x0000000088300000, 0x0000000088300000, 0x0000000088400000|  0%| F|  |TAMS 0x0000000088300000, 0x0000000088300000| Untracked 
|  98|0x0000000088400000, 0x0000000088400000, 0x0000000088500000|  0%| F|  |TAMS 0x0000000088400000, 0x0000000088400000| Untracked 
|  99|0x0000000088500000, 0x0000000088500000, 0x0000000088600000|  0%| F|  |TAMS 0x0000000088500000, 0x0000000088500000| Untracked 
| 100|0x0000000088600000, 0x0000000088600000, 0x0000000088700000|  0%| F|  |TAMS 0x0000000088600000, 0x0000000088600000| Untracked 
| 101|0x0000000088700000, 0x0000000088700000, 0x0000000088800000|  0%| F|  |TAMS 0x0000000088700000, 0x0000000088700000| Untracked 
| 102|0x0000000088800000, 0x0000000088800000, 0x0000000088900000|  0%| F|  |TAMS 0x0000000088800000, 0x0000000088800000| Untracked 
| 103|0x0000000088900000, 0x0000000088900000, 0x0000000088a00000|  0%| F|  |TAMS 0x0000000088900000, 0x0000000088900000| Untracked 
| 104|0x0000000088a00000, 0x0000000088a00000, 0x0000000088b00000|  0%| F|  |TAMS 0x0000000088a00000, 0x0000000088a00000| Untracked 
| 105|0x0000000088b00000, 0x0000000088b00000, 0x0000000088c00000|  0%| F|  |TAMS 0x0000000088b00000, 0x0000000088b00000| Untracked 
| 106|0x0000000088c00000, 0x0000000088c00000, 0x0000000088d00000|  0%| F|  |TAMS 0x0000000088c00000, 0x0000000088c00000| Untracked 
| 107|0x0000000088d00000, 0x0000000088d00000, 0x0000000088e00000|  0%| F|  |TAMS 0x0000000088d00000, 0x0000000088d00000| Untracked 
| 108|0x0000000088e00000, 0x0000000088e00000, 0x0000000088f00000|  0%| F|  |TAMS 0x0000000088e00000, 0x0000000088e00000| Untracked 
| 109|0x0000000088f00000, 0x0000000088f00000, 0x0000000089000000|  0%| F|  |TAMS 0x0000000088f00000, 0x0000000088f00000| Untracked 
| 110|0x0000000089000000, 0x0000000089000000, 0x0000000089100000|  0%| F|  |TAMS 0x0000000089000000, 0x0000000089000000| Untracked 
| 111|0x0000000089100000, 0x0000000089100000, 0x0000000089200000|  0%| F|  |TAMS 0x0000000089100000, 0x0000000089100000| Untracked 
| 112|0x0000000089200000, 0x0000000089200000, 0x0000000089300000|  0%| F|  |TAMS 0x0000000089200000, 0x0000000089200000| Untracked 
| 113|0x0000000089300000, 0x0000000089300000, 0x0000000089400000|  0%| F|  |TAMS 0x0000000089300000, 0x0000000089300000| Untracked 
| 114|0x0000000089400000, 0x0000000089400000, 0x0000000089500000|  0%| F|  |TAMS 0x0000000089400000, 0x0000000089400000| Untracked 
| 115|0x0000000089500000, 0x0000000089500000, 0x0000000089600000|  0%| F|  |TAMS 0x0000000089500000, 0x0000000089500000| Untracked 
| 116|0x0000000089600000, 0x0000000089600000, 0x0000000089700000|  0%| F|  |TAMS 0x0000000089600000, 0x0000000089600000| Untracked 
| 117|0x0000000089700000, 0x0000000089700000, 0x0000000089800000|  0%| F|  |TAMS 0x0000000089700000, 0x0000000089700000| Untracked 
| 118|0x0000000089800000, 0x0000000089800000, 0x0000000089900000|  0%| F|  |TAMS 0x0000000089800000, 0x0000000089800000| Untracked 
| 119|0x0000000089900000, 0x0000000089900000, 0x0000000089a00000|  0%| F|  |TAMS 0x0000000089900000, 0x0000000089900000| Untracked 
| 120|0x0000000089a00000, 0x0000000089a00000, 0x0000000089b00000|  0%| F|  |TAMS 0x0000000089a00000, 0x0000000089a00000| Untracked 
| 121|0x0000000089b00000, 0x0000000089b00000, 0x0000000089c00000|  0%| F|  |TAMS 0x0000000089b00000, 0x0000000089b00000| Untracked 
| 122|0x0000000089c00000, 0x0000000089c00000, 0x0000000089d00000|  0%| F|  |TAMS 0x0000000089c00000, 0x0000000089c00000| Untracked 
| 123|0x0000000089d00000, 0x0000000089d00000, 0x0000000089e00000|  0%| F|  |TAMS 0x0000000089d00000, 0x0000000089d00000| Untracked 
| 124|0x0000000089e00000, 0x0000000089e00000, 0x0000000089f00000|  0%| F|  |TAMS 0x0000000089e00000, 0x0000000089e00000| Untracked 
| 125|0x0000000089f00000, 0x0000000089f00000, 0x000000008a000000|  0%| F|  |TAMS 0x0000000089f00000, 0x0000000089f00000| Untracked 
| 126|0x000000008a000000, 0x000000008a000000, 0x000000008a100000|  0%| F|  |TAMS 0x000000008a000000, 0x000000008a000000| Untracked 
| 127|0x000000008a100000, 0x000000008a100000, 0x000000008a200000|  0%| F|  |TAMS 0x000000008a100000, 0x000000008a100000| Untracked 
| 128|0x000000008a200000, 0x000000008a200000, 0x000000008a300000|  0%| F|  |TAMS 0x000000008a200000, 0x000000008a200000| Untracked 
| 129|0x000000008a300000, 0x000000008a300000, 0x000000008a400000|  0%| F|  |TAMS 0x000000008a300000, 0x000000008a300000| Untracked 
| 130|0x000000008a400000, 0x000000008a400000, 0x000000008a500000|  0%| F|  |TAMS 0x000000008a400000, 0x000000008a400000| Untracked 
| 131|0x000000008a500000, 0x000000008a500000, 0x000000008a600000|  0%| F|  |TAMS 0x000000008a500000, 0x000000008a500000| Untracked 
| 132|0x000000008a600000, 0x000000008a600000, 0x000000008a700000|  0%| F|  |TAMS 0x000000008a600000, 0x000000008a600000| Untracked 
| 133|0x000000008a700000, 0x000000008a700000, 0x000000008a800000|  0%| F|  |TAMS 0x000000008a700000, 0x000000008a700000| Untracked 
| 134|0x000000008a800000, 0x000000008a800000, 0x000000008a900000|  0%| F|  |TAMS 0x000000008a800000, 0x000000008a800000| Untracked 
| 135|0x000000008a900000, 0x000000008a900000, 0x000000008aa00000|  0%| F|  |TAMS 0x000000008a900000, 0x000000008a900000| Untracked 
| 136|0x000000008aa00000, 0x000000008aa00000, 0x000000008ab00000|  0%| F|  |TAMS 0x000000008aa00000, 0x000000008aa00000| Untracked 
| 137|0x000000008ab00000, 0x000000008ab00000, 0x000000008ac00000|  0%| F|  |TAMS 0x000000008ab00000, 0x000000008ab00000| Untracked 
| 138|0x000000008ac00000, 0x000000008ac00000, 0x000000008ad00000|  0%| F|  |TAMS 0x000000008ac00000, 0x000000008ac00000| Untracked 
| 139|0x000000008ad00000, 0x000000008ad00000, 0x000000008ae00000|  0%| F|  |TAMS 0x000000008ad00000, 0x000000008ad00000| Untracked 
| 140|0x000000008ae00000, 0x000000008ae00000, 0x000000008af00000|  0%| F|  |TAMS 0x000000008ae00000, 0x000000008ae00000| Untracked 
| 141|0x000000008af00000, 0x000000008af00000, 0x000000008b000000|  0%| F|  |TAMS 0x000000008af00000, 0x000000008af00000| Untracked 
| 142|0x000000008b000000, 0x000000008b000000, 0x000000008b100000|  0%| F|  |TAMS 0x000000008b000000, 0x000000008b000000| Untracked 
| 143|0x000000008b100000, 0x000000008b100000, 0x000000008b200000|  0%| F|  |TAMS 0x000000008b100000, 0x000000008b100000| Untracked 
| 144|0x000000008b200000, 0x000000008b200000, 0x000000008b300000|  0%| F|  |TAMS 0x000000008b200000, 0x000000008b200000| Untracked 
| 145|0x000000008b300000, 0x000000008b300000, 0x000000008b400000|  0%| F|  |TAMS 0x000000008b300000, 0x000000008b300000| Untracked 
| 146|0x000000008b400000, 0x000000008b400000, 0x000000008b500000|  0%| F|  |TAMS 0x000000008b400000, 0x000000008b400000| Untracked 
| 147|0x000000008b500000, 0x000000008b500000, 0x000000008b600000|  0%| F|  |TAMS 0x000000008b500000, 0x000000008b500000| Untracked 
| 148|0x000000008b600000, 0x000000008b600000, 0x000000008b700000|  0%| F|  |TAMS 0x000000008b600000, 0x000000008b600000| Untracked 
| 149|0x000000008b700000, 0x000000008b700000, 0x000000008b800000|  0%| F|  |TAMS 0x000000008b700000, 0x000000008b700000| Untracked 
| 150|0x000000008b800000, 0x000000008b800000, 0x000000008b900000|  0%| F|  |TAMS 0x000000008b800000, 0x000000008b800000| Untracked 
| 151|0x000000008b900000, 0x000000008b900000, 0x000000008ba00000|  0%| F|  |TAMS 0x000000008b900000, 0x000000008b900000| Untracked 

Card table byte_map: [0x000000001a830000,0x000000001ac20000] _byte_map_base: 0x000000001a41f000

Marking Bits (Prev, Next): (CMBitMap*) 0x00000000024bd7e8, (CMBitMap*) 0x00000000024bd820
 Prev Bits: [0x000000001b010000, 0x000000001cf88000)
 Next Bits: [0x000000001cf90000, 0x000000001ef08000)

Polling page: 0x0000000000350000

Metaspace:

Usage:
  Non-class:     50.74 MB capacity,    49.97 MB ( 98%) used,   612.49 KB (  1%) free+waste,   174.50 KB ( <1%) overhead. 
      Class:      7.91 MB capacity,     7.34 MB ( 93%) used,   491.96 KB (  6%) free+waste,    81.88 KB (  1%) overhead. 
       Both:     58.65 MB capacity,    57.32 MB ( 98%) used,     1.08 MB (  2%) free+waste,   256.38 KB ( <1%) overhead. 

Virtual space:
  Non-class space:       52.00 MB reserved,      50.75 MB ( 98%) committed 
      Class space:        1.00 GB reserved,       8.00 MB ( <1%) committed 
             Both:        1.05 GB reserved,      58.75 MB (  5%) committed 

Chunk freelists:
   Non-Class:  1.13 KB
       Class:  128 bytes
        Both:  1.25 KB

CodeHeap 'non-profiled nmethods': size=120064Kb used=2710Kb max_used=2710Kb free=117353Kb
 bounds [0x0000000012800000, 0x0000000012ab0000, 0x0000000019d40000]
CodeHeap 'profiled nmethods': size=120000Kb used=10543Kb max_used=10543Kb free=109456Kb
 bounds [0x000000000b2d0000, 0x000000000bd20000, 0x0000000012800000]
CodeHeap 'non-nmethods': size=5696Kb used=1190Kb max_used=1236Kb free=4505Kb
 bounds [0x000000000ad40000, 0x000000000afb0000, 0x000000000b2d0000]
 total_blobs=6273 nmethods=4644 adapters=467
 compilation: enabled
              stopped_count=0, restarted_count=0
 full_count=0

Compilation events (10 events):
Event: 20.669 Thread 0x0000000021ab4000 4710       2       com.sun.beans.TypeResolver::resolve (37 bytes)
Event: 20.669 Thread 0x0000000021ab4000 nmethod 4710 0x000000000bd1b190 code [0x000000000bd1b360, 0x000000000bd1b6d0]
Event: 20.670 Thread 0x0000000021ab4000 4709       2       java.util.Hashtable$Enumerator::hasNext (5 bytes)
Event: 20.670 Thread 0x0000000021ab4000 nmethod 4709 0x000000000bd1b890 code [0x000000000bd1ba40, 0x000000000bd1bbb0]
Event: 20.690 Thread 0x0000000021ab4000 4713       1       java.util.LinkedHashMap$LinkedValues::size (8 bytes)
Event: 20.691 Thread 0x0000000021ab4000 nmethod 4713 0x0000000012aa5310 code [0x0000000012aa54c0, 0x0000000012aa55d8]
Event: 20.691 Thread 0x0000000021ab4000 4711       2       com.sun.beans.util.Cache$CacheEntry::matches (53 bytes)
Event: 20.691 Thread 0x0000000021ab4000 nmethod 4711 0x000000000bd1bc90 code [0x000000000bd1be60, 0x000000000bd1c0f0]
Event: 20.691 Thread 0x0000000021ab4000 4712       1       org.springframework.core.MethodParameter::getAnnotatedElement (5 bytes)
Event: 20.691 Thread 0x0000000021ab4000 nmethod 4712 0x0000000012aa5690 code [0x0000000012aa5840, 0x0000000012aa5958]

GC Heap History (10 events):
Event: 5.546 GC heap after
{Heap after GC invocations=7 (full 0):
 garbage-first heap   total 129024K, used 9965K [0x0000000082200000, 0x0000000100000000)
  region size 1024K, 4 young (4096K), 4 survivors (4096K)
 Metaspace       used 26576K, capacity 27174K, committed 27392K, reserved 1073152K
  class space    used 3093K, capacity 3324K, committed 3328K, reserved 1048576K
}
Event: 7.955 GC heap before
{Heap before GC invocations=7 (full 0):
 garbage-first heap   total 129024K, used 68333K [0x0000000082200000, 0x0000000100000000)
  region size 1024K, 62 young (63488K), 4 survivors (4096K)
 Metaspace       used 29991K, capacity 30739K, committed 30976K, reserved 1077248K
  class space    used 3487K, capacity 3796K, committed 3840K, reserved 1048576K
}
Event: 8.001 GC heap after
{Heap after GC invocations=8 (full 0):
 garbage-first heap   total 155648K, used 11407K [0x0000000082200000, 0x0000000100000000)
  region size 1024K, 6 young (6144K), 6 survivors (6144K)
 Metaspace       used 29991K, capacity 30739K, committed 30976K, reserved 1077248K
  class space    used 3487K, capacity 3796K, committed 3840K, reserved 1048576K
}
Event: 10.318 GC heap before
{Heap before GC invocations=8 (full 0):
 garbage-first heap   total 155648K, used 44175K [0x0000000082200000, 0x0000000100000000)
  region size 1024K, 39 young (39936K), 6 survivors (6144K)
 Metaspace       used 34834K, capacity 35808K, committed 35840K, reserved 1081344K
  class space    used 4171K, capacity 4580K, committed 4608K, reserved 1048576K
}
Event: 10.376 GC heap after
{Heap after GC invocations=9 (full 0):
 garbage-first heap   total 155648K, used 13654K [0x0000000082200000, 0x0000000100000000)
  region size 1024K, 8 young (8192K), 8 survivors (8192K)
 Metaspace       used 34834K, capacity 35808K, committed 35840K, reserved 1081344K
  class space    used 4171K, capacity 4580K, committed 4608K, reserved 1048576K
}
Event: 12.238 GC heap before
{Heap before GC invocations=10 (full 0):
 garbage-first heap   total 155648K, used 85334K [0x0000000082200000, 0x0000000100000000)
  region size 1024K, 79 young (80896K), 8 survivors (8192K)
 Metaspace       used 37178K, capacity 38296K, committed 38400K, reserved 1083392K
  class space    used 4412K, capacity 4854K, committed 4864K, reserved 1048576K
}
Event: 12.284 GC heap after
{Heap after GC invocations=11 (full 0):
 garbage-first heap   total 155648K, used 14522K [0x0000000082200000, 0x0000000100000000)
  region size 1024K, 6 young (6144K), 6 survivors (6144K)
 Metaspace       used 37178K, capacity 38296K, committed 38400K, reserved 1083392K
  class space    used 4412K, capacity 4854K, committed 4864K, reserved 1048576K
}
Event: 17.584 GC heap before
{Heap before GC invocations=11 (full 0):
 garbage-first heap   total 155648K, used 100538K [0x0000000082200000, 0x0000000100000000)
  region size 1024K, 91 young (93184K), 6 survivors (6144K)
 Metaspace       used 50925K, capacity 52086K, committed 52224K, reserved 1095680K
  class space    used 6361K, capacity 6834K, committed 6912K, reserved 1048576K
}
Event: 17.607 GC heap after
{Heap after GC invocations=12 (full 0):
 garbage-first heap   total 155648K, used 18264K [0x0000000082200000, 0x0000000100000000)
  region size 1024K, 10 young (10240K), 10 survivors (10240K)
 Metaspace       used 50925K, capacity 52086K, committed 52224K, reserved 1095680K
  class space    used 6361K, capacity 6834K, committed 6912K, reserved 1048576K
}
Event: 20.701 GC heap before
{Heap before GC invocations=12 (full 0):
 garbage-first heap   total 155648K, used 74584K [0x0000000082200000, 0x0000000100000000)
  region size 1024K, 66 young (67584K), 10 survivors (10240K)
 Metaspace       used 58693K, capacity 60054K, committed 60160K, reserved 1101824K
  class space    used 7521K, capacity 8095K, committed 8192K, reserved 1048576K
}

Deoptimization events (10 events):
Event: 20.334 Thread 0x0000000024275000 Uncommon trap: reason=unstable_if action=reinterpret pc=0x00000000129f22d0 method=org.springframework.core.annotation.TypeMappedAnnotations$IsPresent.doWithAnnotations(Ljava/lang/Object;ILjava/lang/Object;[Ljava/lang/annotation/Annotation;)Ljava/lang/Bool
Event: 20.335 Thread 0x0000000024275000 Uncommon trap: reason=class_check action=maybe_recompile pc=0x000000001297b0d0 method=org.springframework.beans.factory.support.AbstractBeanFactory.isTypeMatch(Ljava/lang/String;Lorg/springframework/core/ResolvableType;Z)Z @ 53 c2
Event: 20.337 Thread 0x0000000024275000 Uncommon trap: reason=class_check action=maybe_recompile pc=0x0000000012a04d04 method=java.lang.reflect.Executable.getAnnotation(Ljava/lang/Class;)Ljava/lang/annotation/Annotation; @ 19 c2
Event: 20.578 Thread 0x0000000024275000 Uncommon trap: reason=class_check action=maybe_recompile pc=0x0000000012a4dfe4 method=java.lang.reflect.Method.equals(Ljava/lang/Object;)Z @ 5 c2
Event: 20.593 Thread 0x0000000024275000 Uncommon trap: reason=bimorphic_or_optimized_type_check action=maybe_recompile pc=0x0000000012938d1c method=java.util.Collections$SetFromMap.contains(Ljava/lang/Object;)Z @ 5 c2
Event: 20.594 Thread 0x0000000024275000 Uncommon trap: reason=unstable_if action=reinterpret pc=0x000000001295c2cc method=sun.reflect.annotation.AnnotationInvocationHandler.invoke(Ljava/lang/Object;Ljava/lang/reflect/Method;[Ljava/lang/Object;)Ljava/lang/Object; @ 76 c2
Event: 20.595 Thread 0x0000000024275000 Uncommon trap: reason=array_check action=maybe_recompile pc=0x0000000012aa246c method=java.util.AbstractCollection.toArray([Ljava/lang/Object;)[Ljava/lang/Object; @ 116 c2
Event: 20.596 Thread 0x0000000024275000 Uncommon trap: reason=class_check action=maybe_recompile pc=0x0000000012a855c8 method=org.springframework.core.annotation.TypeMappedAnnotations$MergedAnnotationFinder.process(Ljava/lang/Object;ILjava/lang/Object;Ljava/lang/annotation/Annotation;)Lorg/spri
Event: 20.625 Thread 0x0000000024275000 Uncommon trap: reason=unstable_if action=reinterpret pc=0x000000001289ac68 method=java.util.HashMap.putVal(ILjava/lang/Object;Ljava/lang/Object;ZZ)Ljava/lang/Object; @ 162 c2
Event: 20.648 Thread 0x0000000024275000 Uncommon trap: reason=array_check action=maybe_recompile pc=0x0000000012aa246c method=java.util.AbstractCollection.toArray([Ljava/lang/Object;)[Ljava/lang/Object; @ 116 c2

Classes redefined (0 events):
No events

Internal exceptions (10 events):
Event: 20.662 Thread 0x0000000024275000 Exception <a 'java/lang/ClassNotFoundException'{0x000000008838a078}: java/lang/ObjectCustomizer> (0x000000008838a078) thrown at [t:/workspace/open/src/hotspot/share/classfile/systemDictionary.cpp, line 231]
Event: 20.664 Thread 0x0000000024275000 Exception <a 'java/lang/ClassNotFoundException'{0x000000008839b300}: org/springframework/web/servlet/config/annotation/WebMvcConfigurationSupportCustomizer> (0x000000008839b300) thrown at [t:/workspace/open/src/hotspot/share/classfile/systemDictionary.cpp
Event: 20.665 Thread 0x0000000024275000 Exception <a 'java/lang/ClassNotFoundException'{0x00000000883b7428}: org/springframework/web/servlet/config/annotation/DelegatingWebMvcConfigurationCustomizer> (0x00000000883b7428) thrown at [t:/workspace/open/src/hotspot/share/classfile/systemDictionary.
Event: 20.667 Thread 0x0000000024275000 Exception <a 'java/lang/ClassNotFoundException'{0x00000000883cbc30}: org/springframework/boot/autoconfigure/web/servlet/WebMvcAutoConfiguration$EnableWebMvcConfigurationCustomizer> (0x00000000883cbc30) thrown at [t:/workspace/open/src/hotspot/share/classf
Event: 20.669 Thread 0x0000000024275000 Exception <a 'java/lang/ClassNotFoundException'{0x00000000883e4490}: org/springframework/context/ResourceLoaderAwareCustomizer> (0x00000000883e4490) thrown at [t:/workspace/open/src/hotspot/share/classfile/systemDictionary.cpp, line 231]
Event: 20.669 Thread 0x0000000024275000 Exception <a 'java/lang/ClassNotFoundException'{0x00000000883ef648}: org/springframework/beans/factory/AwareCustomizer> (0x00000000883ef648) thrown at [t:/workspace/open/src/hotspot/share/classfile/systemDictionary.cpp, line 231]
Event: 20.670 Thread 0x0000000024275000 Exception <a 'java/lang/ClassNotFoundException'{0x00000000883fb060}: org/springframework/context/ApplicationContextAwareCustomizer> (0x00000000883fb060) thrown at [t:/workspace/open/src/hotspot/share/classfile/systemDictionary.cpp, line 231]
Event: 20.673 Thread 0x0000000024275000 Exception <a 'java/lang/ClassNotFoundException'{0x00000000882070a0}: org/springframework/beans/factory/AwareCustomizer> (0x00000000882070a0) thrown at [t:/workspace/open/src/hotspot/share/classfile/systemDictionary.cpp, line 231]
Event: 20.674 Thread 0x0000000024275000 Exception <a 'java/lang/ClassNotFoundException'{0x0000000088212a90}: org/springframework/web/context/ServletContextAwareCustomizer> (0x0000000088212a90) thrown at [t:/workspace/open/src/hotspot/share/classfile/systemDictionary.cpp, line 231]
Event: 20.675 Thread 0x0000000024275000 Exception <a 'java/lang/ClassNotFoundException'{0x000000008821e0b0}: org/springframework/beans/factory/AwareCustomizer> (0x000000008821e0b0) thrown at [t:/workspace/open/src/hotspot/share/classfile/systemDictionary.cpp, line 231]

Events (10 events):
Event: 20.674 loading class org/springframework/beans/factory/AwareCustomizer done
Event: 20.675 loading class org/springframework/beans/factory/AwareCustomizer
Event: 20.675 loading class org/springframework/beans/factory/AwareCustomizer done
Event: 20.675 loading class org/springframework/beans/factory/AwareCustomizer
Event: 20.675 loading class org/springframework/beans/factory/AwareCustomizer done
Event: 20.693 loading class org/springframework/ui/ModelMap
Event: 20.693 loading class org/springframework/ui/ModelMap done
Event: 20.700 loading class org/springframework/boot/autoconfigure/orm/jpa/JpaBaseConfiguration$JpaWebConfiguration$1
Event: 20.700 loading class org/springframework/boot/autoconfigure/orm/jpa/JpaBaseConfiguration$JpaWebConfiguration$1 done
Event: 20.700 Executing VM operation: CollectForMetadataAllocation


Dynamic libraries:
0x000000013fd80000 - 0x000000013fdc7000 	C:\Program Files\Java\jdk-11.0.1\bin\java.exe
0x00000000770b0000 - 0x000000007724f000 	C:\Windows\SYSTEM32\ntdll.dll
0x000007fee5fb0000 - 0x000007fee5fe4000 	D:\AVAST\x64\aswhooka.dll
0x0000000076e90000 - 0x0000000076faf000 	C:\Windows\system32\kernel32.dll
0x000007fefd170000 - 0x000007fefd1da000 	C:\Windows\system32\KERNELBASE.dll
0x000007fefeeb0000 - 0x000007fefef8b000 	C:\Windows\system32\ADVAPI32.dll
0x000007feff130000 - 0x000007feff1cf000 	C:\Windows\system32\msvcrt.dll
0x000007feff1d0000 - 0x000007feff1ef000 	C:\Windows\SYSTEM32\sechost.dll
0x000007fefeb60000 - 0x000007fefec8c000 	C:\Windows\system32\RPCRT4.dll
0x0000000076fb0000 - 0x00000000770aa000 	C:\Windows\system32\USER32.dll
0x000007fefefe0000 - 0x000007feff047000 	C:\Windows\system32\GDI32.dll
0x000007fefec90000 - 0x000007fefec9e000 	C:\Windows\system32\LPK.dll
0x000007feff2d0000 - 0x000007feff39b000 	C:\Windows\system32\USP10.dll
0x000007fefb260000 - 0x000007fefb455000 	C:\Windows\WinSxS\amd64_microsoft.windows.common-controls_6595b64144ccf1df_6.0.7601.24380_none_e3731d0b30fb6b11\COMCTL32.dll
0x000007fefd240000 - 0x000007fefd2b1000 	C:\Windows\system32\SHLWAPI.dll
0x000007fefc7f0000 - 0x000007fefc7fc000 	C:\Windows\system32\VERSION.dll
0x000007fefd210000 - 0x000007fefd23e000 	C:\Windows\system32\IMM32.DLL
0x000007fefd2c0000 - 0x000007fefd3c9000 	C:\Windows\system32\MSCTF.dll
0x000007fefcb40000 - 0x000007fefcc37000 	C:\Windows\system32\guard64.dll
0x000007fefc8d0000 - 0x000007fefc8d3000 	C:\Windows\system32\api-ms-win-core-synch-l1-2-0.DLL
0x000007fefe960000 - 0x000007fefeb5f000 	C:\Windows\system32\ole32.dll
0x000007fefc760000 - 0x000007fefc769000 	C:\Windows\system32\fltlib.dll
0x000007fefdbd0000 - 0x000007fefe95b000 	C:\Windows\system32\shell32.dll
0x000007fee06c0000 - 0x000007fee06d6000 	C:\Program Files\Java\jdk-11.0.1\bin\vcruntime140.dll
0x000007feea430000 - 0x000007feea434000 	C:\Program Files\Java\jdk-11.0.1\bin\api-ms-win-crt-runtime-l1-1-0.dll
0x000007fed9a20000 - 0x000007fed9b16000 	C:\Program Files\Java\jdk-11.0.1\bin\ucrtbase.DLL
0x000007feeddd0000 - 0x000007feeddd3000 	C:\Program Files\Java\jdk-11.0.1\bin\api-ms-win-core-localization-l1-2-0.dll
0x000007fee2ef0000 - 0x000007fee2ef3000 	C:\Program Files\Java\jdk-11.0.1\bin\api-ms-win-core-processthreads-l1-1-1.dll
0x000007fee41e0000 - 0x000007fee41e3000 	C:\Program Files\Java\jdk-11.0.1\bin\api-ms-win-core-file-l1-2-0.dll
0x000007fee2b90000 - 0x000007fee2b93000 	C:\Program Files\Java\jdk-11.0.1\bin\api-ms-win-core-timezone-l1-1-0.dll
0x000007fee2b80000 - 0x000007fee2b83000 	C:\Program Files\Java\jdk-11.0.1\bin\api-ms-win-core-file-l2-1-0.dll
0x000007fee25c0000 - 0x000007fee25c4000 	C:\Program Files\Java\jdk-11.0.1\bin\api-ms-win-crt-string-l1-1-0.dll
0x000007fee1650000 - 0x000007fee1653000 	C:\Program Files\Java\jdk-11.0.1\bin\api-ms-win-crt-heap-l1-1-0.dll
0x000007fee0970000 - 0x000007fee0974000 	C:\Program Files\Java\jdk-11.0.1\bin\api-ms-win-crt-stdio-l1-1-0.dll
0x000007fedea10000 - 0x000007fedea14000 	C:\Program Files\Java\jdk-11.0.1\bin\api-ms-win-crt-convert-l1-1-0.dll
0x000007fed9b70000 - 0x000007fed9c1a000 	C:\Program Files\Java\jdk-11.0.1\bin\msvcp140.dll
0x000007fee06b0000 - 0x000007fee06b3000 	C:\Program Files\Java\jdk-11.0.1\bin\api-ms-win-crt-locale-l1-1-0.dll
0x000007fed9b60000 - 0x000007fed9b65000 	C:\Program Files\Java\jdk-11.0.1\bin\api-ms-win-crt-math-l1-1-0.dll
0x000007fedea00000 - 0x000007fedea05000 	C:\Program Files\Java\jdk-11.0.1\bin\api-ms-win-crt-multibyte-l1-1-0.dll
0x000007fed9b50000 - 0x000007fed9b53000 	C:\Program Files\Java\jdk-11.0.1\bin\api-ms-win-crt-time-l1-1-0.dll
0x000007fed9b40000 - 0x000007fed9b43000 	C:\Program Files\Java\jdk-11.0.1\bin\api-ms-win-crt-filesystem-l1-1-0.dll
0x000007fed9b30000 - 0x000007fed9b33000 	C:\Program Files\Java\jdk-11.0.1\bin\api-ms-win-crt-environment-l1-1-0.dll
0x000007fed9b20000 - 0x000007fed9b23000 	C:\Program Files\Java\jdk-11.0.1\bin\api-ms-win-crt-utility-l1-1-0.dll
0x000007feec350000 - 0x000007feece92000 	C:\Program Files\Java\jdk-11.0.1\bin\server\jvm.dll
0x000007fef7a80000 - 0x000007fef7a89000 	C:\Windows\system32\WSOCK32.dll
0x000007fefef90000 - 0x000007fefefdd000 	C:\Windows\system32\WS2_32.dll
0x000007fefeea0000 - 0x000007fefeea8000 	C:\Windows\system32\NSI.dll
0x000007fefbd10000 - 0x000007fefbd4b000 	C:\Windows\system32\WINMM.dll
0x0000000077250000 - 0x0000000077257000 	C:\Windows\system32\PSAPI.DLL
0x000007feec270000 - 0x000007feec281000 	C:\Program Files\Java\jdk-11.0.1\bin\verify.dll
0x000007fef3ed0000 - 0x000007fef3ff5000 	C:\Windows\system32\DBGHELP.DLL
0x000007feec240000 - 0x000007feec269000 	C:\Program Files\Java\jdk-11.0.1\bin\java.dll
0x000007fed99d0000 - 0x000007fed99ff000 	C:\Program Files\Java\jdk-11.0.1\bin\instrument.dll
0x000007feec180000 - 0x000007feec196000 	C:\Program Files\Java\jdk-11.0.1\bin\zip.dll
0x000007feec170000 - 0x000007feec17a000 	C:\Program Files\Java\jdk-11.0.1\bin\jimage.dll
0x000007fefce60000 - 0x000007fefce6f000 	C:\Windows\system32\profapi.dll
0x000007feebeb0000 - 0x000007feebec9000 	C:\Program Files\Java\jdk-11.0.1\bin\net.dll
0x000007fefb900000 - 0x000007fefb971000 	C:\Windows\system32\WINHTTP.dll
0x000007fefb890000 - 0x000007fefb8f5000 	C:\Windows\system32\webio.dll
0x000007fefc490000 - 0x000007fefc4e5000 	C:\Windows\system32\mswsock.dll
0x000007fefc480000 - 0x000007fefc487000 	C:\Windows\System32\wship6.dll
0x000007feebe90000 - 0x000007feebea3000 	C:\Program Files\Java\jdk-11.0.1\bin\nio.dll
0x000007fed9970000 - 0x000007fed998a000 	D:\JetBrains\IntelliJ IDEA Community Edition 2019.3.2\bin\breakgen64.dll
0x000007feeb520000 - 0x000007feeb529000 	C:\Program Files\Java\jdk-11.0.1\bin\management.dll
0x000007feeb5e0000 - 0x000007feeb5ec000 	C:\Program Files\Java\jdk-11.0.1\bin\management_ext.dll
0x000007fefa090000 - 0x000007fefa0a5000 	C:\Windows\system32\NLAapi.dll
0x000007feeb780000 - 0x000007feeb795000 	C:\Windows\system32\napinsp.dll
0x000007feeb760000 - 0x000007feeb779000 	C:\Windows\system32\pnrpnsp.dll
0x000007fef3a40000 - 0x000007fef3a6e000 	C:\Program Files\Common Files\Microsoft Shared\Windows Live\WLIDNSP.DLL
0x000007feeb750000 - 0x000007feeb760000 	C:\Windows\system32\wshbth.dll
0x000007fefc310000 - 0x000007fefc36b000 	C:\Windows\system32\DNSAPI.dll
0x000007feeb740000 - 0x000007feeb74b000 	C:\Windows\System32\winrnr.dll
0x000007fefbe50000 - 0x000007fefbe57000 	C:\Windows\System32\wshtcpip.dll
0x000007fefbd60000 - 0x000007fefbd87000 	C:\Windows\system32\IPHLPAPI.DLL
0x000007fefbd50000 - 0x000007fefbd5b000 	C:\Windows\system32\WINNSI.DLL
0x000007fef3a30000 - 0x000007fef3a38000 	C:\Windows\system32\rasadhlp.dll
0x000007fef8b30000 - 0x000007fef8b83000 	C:\Windows\System32\fwpuclnt.dll
0x000007fefc4f0000 - 0x000007fefc508000 	C:\Windows\system32\CRYPTSP.dll
0x000007fefc1f0000 - 0x000007fefc237000 	C:\Windows\system32\rsaenh.dll
0x000007fefd1f0000 - 0x000007fefd20e000 	C:\Windows\system32\USERENV.dll
0x000007fefcce0000 - 0x000007fefccef000 	C:\Windows\system32\CRYPTBASE.dll
0x000007fef8ab0000 - 0x000007fef8ac8000 	C:\Windows\system32\dhcpcsvc.DLL
0x000007fef8a90000 - 0x000007fef8aa1000 	C:\Windows\system32\dhcpcsvc6.DLL

dbghelp: loaded successfully - version: 4.0.5 - missing functions: none
symbol engine: initialized successfully - sym options: 0x614 - pdb path: .;C:\Program Files\Java\jdk-11.0.1\bin;C:\Windows\SYSTEM32;D:\AVAST\x64;C:\Windows\WinSxS\amd64_microsoft.windows.common-controls_6595b64144ccf1df_6.0.7601.24380_none_e3731d0b30fb6b11;C:\Program Files\Java\jdk-11.0.1\bin\server;D:\JetBrains\IntelliJ IDEA Community Edition 2019.3.2\bin;C:\Program Files\Common Files\Microsoft Shared\Windows Live

VM Arguments:
jvm_args: -javaagent:D:\JetBrains\IntelliJ IDEA Community Edition 2019.3.2\lib\idea_rt.jar=15768:D:\JetBrains\IntelliJ IDEA Community Edition 2019.3.2\bin -Dfile.encoding=windows-1250 
java_command: eurogeo.pl.linear.linearservice.LinearApplication
java_class_path (initial): D:\Users\Zuzia2\Documents\GitHub\linear\target\classes;D:\Users\Zuzia2\.m2\repository\org\springframework\boot\spring-boot-starter-data-jpa\2.2.6.RELEASE\spring-boot-starter-data-jpa-2.2.6.RELEASE.jar;D:\Users\Zuzia2\.m2\repository\org\springframework\boot\spring-boot-starter-aop\2.2.6.RELEASE\spring-boot-starter-aop-2.2.6.RELEASE.jar;D:\Users\Zuzia2\.m2\repository\org\springframework\spring-aop\5.2.5.RELEASE\spring-aop-5.2.5.RELEASE.jar;D:\Users\Zuzia2\.m2\repository\org\aspectj\aspectjweaver\1.9.5\aspectjweaver-1.9.5.jar;D:\Users\Zuzia2\.m2\repository\org\springframework\boot\spring-boot-starter-jdbc\2.2.6.RELEASE\spring-boot-starter-jdbc-2.2.6.RELEASE.jar;D:\Users\Zuzia2\.m2\repository\com\zaxxer\HikariCP\3.4.2\HikariCP-3.4.2.jar;D:\Users\Zuzia2\.m2\repository\org\springframework\spring-jdbc\5.2.5.RELEASE\spring-jdbc-5.2.5.RELEASE.jar;D:\Users\Zuzia2\.m2\repository\jakarta\activation\jakarta.activation-api\1.2.2\jakarta.activation-api-1.2.2.jar;D:\Users\Zuzia2\.m2\repository\jakarta\persistence\jakarta.persistence-api\2.2.3\jakarta.persistence-api-2.2.3.jar;D:\Users\Zuzia2\.m2\repository\jakarta\transaction\jakarta.transaction-api\1.3.3\jakarta.transaction-api-1.3.3.jar;D:\Users\Zuzia2\.m2\repository\org\hibernate\hibernate-core\5.4.12.Final\hibernate-core-5.4.12.Final.jar;D:\Users\Zuzia2\.m2\repository\org\jboss\logging\jboss-logging\3.4.1.Final\jboss-logging-3.4.1.Final.jar;D:\Users\Zuzia2\.m2\repository\org\javassist\javassist\3.24.0-GA\javassist-3.24.0-GA.jar;D:\Users\Zuzia2\.m2\repository\antlr\antlr\2.7.7\antlr-2.7.7.jar;D:\Users\Zuzia2\.m2\repository\org\jboss\jandex\2.1.1.Final\jandex-2.1.1.Final.jar;D:\Users\Zuzia2\.m2\repository\com\fasterxml\classmate\1.5.1\classmate-1.5.1.jar;D:\Users\Zuzia2\.m2\repository\org\dom4j\dom4j\2.1.1\dom4j-2.1.1.jar;D:\Users\Zuzia2\.m2\repository\org\hibernate\common\hibernate-commons-annotations\5.1.0.Final\hibernate-commons-annotations-5.1.0.Final.jar;D:\Users\Zuzia2\.m2\repository\org\glassfi
Launcher Type: SUN_STANDARD

[Global flags]
     intx CICompilerCount                          = 3                                         {product} {ergonomic}
     uint ConcGCThreads                            = 1                                         {product} {ergonomic}
     uint G1ConcRefinementThreads                  = 4                                         {product} {ergonomic}
   size_t G1HeapRegionSize                         = 1048576                                   {product} {ergonomic}
    uintx GCDrainStackTargetSize                   = 64                                        {product} {ergonomic}
   size_t InitialHeapSize                          = 132120576                                 {product} {ergonomic}
   size_t MarkStackSize                            = 4194304                                   {product} {ergonomic}
   size_t MaxHeapSize                              = 2111832064                                {product} {ergonomic}
   size_t MaxNewSize                               = 1266679808                                {product} {ergonomic}
   size_t MinHeapDeltaBytes                        = 1048576                                   {product} {ergonomic}
    uintx NonNMethodCodeHeapSize                   = 5830092                                {pd product} {ergonomic}
    uintx NonProfiledCodeHeapSize                  = 122914074                              {pd product} {ergonomic}
    uintx ProfiledCodeHeapSize                     = 122914074                              {pd product} {ergonomic}
    uintx ReservedCodeCacheSize                    = 251658240                              {pd product} {ergonomic}
     bool SegmentedCodeCache                       = true                                      {product} {ergonomic}
     bool UseCompressedClassPointers               = true                                 {lp64_product} {ergonomic}
     bool UseCompressedOops                        = true                                 {lp64_product} {ergonomic}
     bool UseG1GC                                  = true                                      {product} {ergonomic}
     bool UseLargePagesIndividualAllocation        = false                                  {pd product} {ergonomic}

Logging:
Log output configuration:
 #0: stdout all=warning uptime,level,tags
 #1: stderr all=off uptime,level,tags

Environment Variables:
JAVA_HOME=C:\Program Files\Java\jdk-13.0.1
PATH=C:\Program Files (x86)\Common Files\Oracle\Java\javapath;C:\ProgramData\Oracle\Java\javapath;C:\Program Files (x86)\NVIDIA Corporation\PhysX\Common;C:\Program Files\Common Files\Microsoft Shared\Windows Live;C:\Program Files (x86)\Common Files\Microsoft Shared\Windows Live;C:\Windows\system32;C:\Windows;C:\Windows\System32\Wbem;C:\Windows\System32\WindowsPowerShell\v1.0\;C:\Program Files\Broadcom\Broadcom 802.11 Network Adapter\Driver;C:\Program Files (x86)\Windows Live\Shared;C:\Program Files\WIDCOMM\Bluetooth Software\;C:\Program Files\WIDCOMM\Bluetooth Software\syswow64;D:\xampp\php;C:\ProgramData\ComposerSetup\bin;C:\Program Files (x86)\sbt\bin;D:\vscode\Microsoft VS Code Insiders\bin;C:\Program Files\PuTTY\;D:\Git\cmd;C:\Program Files\nodejs\;C:\Statica\mStatica 4;D:\Users\Zuzia2\AppData\Roaming\Composer\vendor\bin;D:\Users\Zuzia2\AppData\Local\GitHubDesktop\bin;D:\Nmap;d:\Docker Toolbox;D:\JetBrains\IntelliJ IDEA Community Edition 2019.3.2\bin;D:\Users\Zuzia2\AppData\Roaming\npm;D:\OpenSSL\bin
USERNAME=Zuzia2
OS=Windows_NT
PROCESSOR_IDENTIFIER=Intel64 Family 6 Model 37 Stepping 5, GenuineIntel



---------------  S Y S T E M  ---------------

OS: Windows 7 , 64 bit Build 7601 (6.1.7601.24388)

CPU:total 4 (initial active 4) (2 cores per cpu, 2 threads per core) family 6 model 37 stepping 5, cmov, cx8, fxsr, mmx, sse, sse2, sse3, ssse3, sse4.1, sse4.2, popcnt, ht, tsc, tscinvbit

Memory: 4k page, system-wide physical 8052M (818M free)
TotalPageFile size 8562M (AvailPageFile size 47M)
current process WorkingSet (physical memory assigned to process): 290M, peak: 290M
current process commit charge ("private bytes"): 369M, peak: 418M

vm_info: Java HotSpot(TM) 64-Bit Server VM (11.0.1+13-LTS) for windows-amd64 JRE (11.0.1+13-LTS), built on Oct  6 2018 13:20:16 by "mach5one" with MS VC++ 15.5 (VS2017)

END.
