#
# There is insufficient memory for the Java Runtime Environment to continue.
# Native memory allocation (malloc) failed to allocate 1196016 bytes for Chunk::new
# Possible reasons:
#   The system is out of physical RAM or swap space
#   The process is running with CompressedOops enabled, and the Java Heap may be blocking the growth of the native heap
# Possible solutions:
#   Reduce memory load on the system
#   Increase physical memory or swap space
#   Check if swap backing store is full
#   Decrease Java heap size (-Xmx/-Xms)
#   Decrease number of Java threads
#   Decrease Java thread stack sizes (-Xss)
#   Set larger code cache with -XX:ReservedCodeCacheSize=
#   JVM is running with Unscaled Compressed Oops mode in which the Java heap is
#     placed in the first 4GB address space. The Java Heap base address is the
#     maximum limit for the native heap growth. Please use -XX:HeapBaseMinAddress
#     to set the Java Heap base and to place the Java Heap above 4GB virtual address.
# This output file may be truncated or incomplete.
#
#  Out of Memory Error (t:/workspace/open/src/hotspot/share/memory/arena.cpp:197), pid=8044, tid=10460
#
# JRE version: Java(TM) SE Runtime Environment (11.0.1+13) (build 11.0.1+13-LTS)
# Java VM: Java HotSpot(TM) 64-Bit Server VM (11.0.1+13-LTS, mixed mode, tiered, compressed oops, g1 gc, windows-amd64)
# No core dump will be written. Minidumps are not enabled by default on client versions of Windows
#

---------------  S U M M A R Y ------------

Command Line: -Dmaven.multiModuleProjectDirectory=D:\Users\Zuzia2\Documents\GitHub\linear -Dmaven.home=D:\JetBrains\IntelliJ IDEA Community Edition 2019.3.2\plugins\maven\lib\maven3 -Dclassworlds.conf=D:\JetBrains\IntelliJ IDEA Community Edition 2019.3.2\plugins\maven\lib\maven3\bin\m2.conf -Dmaven.ext.class.path=D:\JetBrains\IntelliJ IDEA Community Edition 2019.3.2\plugins\maven\lib\maven-event-listener.jar -javaagent:D:\JetBrains\IntelliJ IDEA Community Edition 2019.3.2\lib\idea_rt.jar=16577:D:\JetBrains\IntelliJ IDEA Community Edition 2019.3.2\bin -Dfile.encoding=windows-1250 org.codehaus.classworlds.Launcher -Didea.version2019.3.2 clean

Host: Intel(R) Core(TM) i5 CPU       M 480  @ 2.67GHz, 4 cores, 7G,  Windows 7 , 64 bit Build 7601 (6.1.7601.24388)
Time: Fri Oct 16 15:49:33 2020 ?rodkowoeuropejski czas letni elapsed time: 3 seconds (0d 0h 0m 3s)

---------------  T H R E A D  ---------------

Current thread (0x0000000021af5800):  JavaThread "C2 CompilerThread0" daemon [_thread_in_native, id=10460, stack(0x0000000022da0000,0x0000000022ea0000)]


Current CompileTask:
C2:   3972 2294       4       org.eclipse.sisu.inject.LocatedBeans$Itr::hasNext (161 bytes)

Stack: [0x0000000022da0000,0x0000000022ea0000]
Native frames: (J=compiled Java code, j=interpreted, Vv=VM code, C=native code)
V  [jvm.dll+0x63c21a]
V  [jvm.dll+0x7797df]
V  [jvm.dll+0x77adca]
V  [jvm.dll+0x77b483]
V  [jvm.dll+0x2627f8]
V  [jvm.dll+0xc5c71]
V  [jvm.dll+0xc61fc]
V  [jvm.dll+0x36f862]
V  [jvm.dll+0x33c6d3]
V  [jvm.dll+0x33baaa]
V  [jvm.dll+0x21c7c5]
V  [jvm.dll+0x21b96a]
V  [jvm.dll+0x198390]
V  [jvm.dll+0x22a97f]
V  [jvm.dll+0x228f98]
V  [jvm.dll+0x73f03d]
V  [jvm.dll+0x63b2b2]
C  [ucrtbase.DLL+0x1d885]
C  [kernel32.dll+0x1571d]
C  [ntdll.dll+0x5385d]


---------------  P R O C E S S  ---------------

Threads class SMR info:
_java_thread_list=0x00000000247808f0, length=12, elements={
0x0000000000275000, 0x0000000021aa2000, 0x0000000021aa4800, 0x0000000021af0800,
0x0000000021af1800, 0x0000000021af5800, 0x0000000021b08800, 0x0000000021b0a000,
0x0000000021a76000, 0x00000000233eb800, 0x00000000233f0800, 0x00000000247da800
}

Java Threads: ( => current thread )
  0x0000000000275000 JavaThread "main" [_thread_blocked, id=9096, stack(0x0000000002360000,0x0000000002460000)]
  0x0000000021aa2000 JavaThread "Reference Handler" daemon [_thread_blocked, id=11748, stack(0x00000000226e0000,0x00000000227e0000)]
  0x0000000021aa4800 JavaThread "Finalizer" daemon [_thread_blocked, id=3672, stack(0x00000000228e0000,0x00000000229e0000)]
  0x0000000021af0800 JavaThread "Signal Dispatcher" daemon [_thread_blocked, id=9256, stack(0x00000000223e0000,0x00000000224e0000)]
  0x0000000021af1800 JavaThread "Attach Listener" daemon [_thread_blocked, id=7388, stack(0x0000000022ae0000,0x0000000022be0000)]
=>0x0000000021af5800 JavaThread "C2 CompilerThread0" daemon [_thread_in_native, id=10460, stack(0x0000000022da0000,0x0000000022ea0000)]
  0x0000000021b08800 JavaThread "C1 CompilerThread0" daemon [_thread_blocked, id=7824, stack(0x0000000022ca0000,0x0000000022da0000)]
  0x0000000021b0a000 JavaThread "Sweeper thread" daemon [_thread_blocked, id=6356, stack(0x0000000023000000,0x0000000023100000)]
  0x0000000021a76000 JavaThread "Common-Cleaner" daemon [_thread_blocked, id=7768, stack(0x0000000022ea0000,0x0000000022fa0000)]
  0x00000000233eb800 JavaThread "Monitor Ctrl-Break" daemon [_thread_in_native, id=11532, stack(0x0000000023800000,0x0000000023900000)]
  0x00000000233f0800 JavaThread "Service Thread" daemon [_thread_blocked, id=7424, stack(0x00000000235d0000,0x00000000236d0000)]
  0x00000000247da800 JavaThread "C2 CompilerThread1" daemon [_thread_in_native, id=3388, stack(0x0000000025de0000,0x0000000025ee0000)]

Other Threads:
  0x0000000021a9f000 VMThread "VM Thread" [stack: 0x0000000022510000,0x0000000022610000] [id=11796]
  0x00000000233f9800 WatcherThread [stack: 0x0000000023910000,0x0000000023a10000] [id=10692]
  0x00000000021f5000 GCTaskThread "GC Thread#0" [stack: 0x0000000019f00000,0x000000001a000000] [id=4948]
  0x0000000024093000 GCTaskThread "GC Thread#1" [stack: 0x0000000024230000,0x0000000024330000] [id=6780]
  0x0000000024093800 GCTaskThread "GC Thread#2" [stack: 0x00000000229e0000,0x0000000022ae0000] [id=7860]
  0x000000000027f800 ConcurrentGCThread "G1 Main Marker" [stack: 0x000000001f0f0000,0x000000001f1f0000] [id=9272]
  0x0000000002225800 ConcurrentGCThread "G1 Conc#0" [stack: 0x000000001f2c0000,0x000000001f3c0000] [id=11540]
  0x00000000022b8800 ConcurrentGCThread "G1 Refine#0" [stack: 0x0000000021710000,0x0000000021810000] [id=12204]
  0x00000000234ff000 ConcurrentGCThread "G1 Refine#1" [stack: 0x0000000025a00000,0x0000000025b00000] [id=10348]
  0x00000000022bd000 ConcurrentGCThread "G1 Young RemSet Sampling" [stack: 0x0000000021830000,0x0000000021930000] [id=9412]

Threads with active compile tasks:
C2 CompilerThread02294       4       org.eclipse.sisu.inject.LocatedBeans$Itr::hasNext (161 bytes)
C1 CompilerThread02370       2       java.lang.Character::toTitleCase (6 bytes)
C2 CompilerThread12020   !   4       java.net.URL::<init> (543 bytes)

VM state:at safepoint (normal execution)

VM Mutex/Monitor currently owned by a thread:  ([mutex/lock_event])
[0x0000000000274230] Threads_lock - owner thread: 0x0000000021a9f000
[0x0000000000274980] Heap_lock - owner thread: 0x0000000021b08800
[0x00000000021e0530] MethodData_lock - owner thread: 0x0000000021b08800

Heap address: 0x0000000082200000, size: 2014 MB, Compressed Oops mode: 32-bit
Narrow klass base: 0x0000000000000000, Narrow klass shift: 3
Compressed class space size: 1073741824 Address: 0x000000013fdd0000

Heap:
 garbage-first heap   total 129024K, used 8118K [0x0000000082200000, 0x0000000100000000)
  region size 1024K, 5 young (5120K), 5 survivors (5120K)
 Metaspace       used 20765K, capacity 21112K, committed 21296K, reserved 1071104K
  class space    used 2233K, capacity 2358K, committed 2432K, reserved 1048576K
Heap Regions: E=young(eden), S=young(survivor), O=old, HS=humongous(starts), HC=humongous(continues), CS=collection set, F=free, A=archive, TAMS=top-at-mark-start (previous, next)
|   0|0x0000000082200000, 0x0000000082300000, 0x0000000082300000|100%| O|  |TAMS 0x0000000082200000, 0x0000000082300000| Untracked 
|   1|0x0000000082300000, 0x0000000082400000, 0x0000000082400000|100%| O|  |TAMS 0x0000000082300000, 0x0000000082400000| Untracked 
|   2|0x0000000082400000, 0x0000000082500000, 0x0000000082500000|100%| O|  |TAMS 0x0000000082400000, 0x0000000082500000| Untracked 
|   3|0x0000000082500000, 0x0000000082590e00, 0x0000000082600000| 56%| O|  |TAMS 0x0000000082500000, 0x0000000082590e00| Untracked 
|   4|0x0000000082600000, 0x0000000082600000, 0x0000000082700000|  0%| F|  |TAMS 0x0000000082600000, 0x0000000082600000| Untracked 
|   5|0x0000000082700000, 0x0000000082700000, 0x0000000082800000|  0%| F|  |TAMS 0x0000000082700000, 0x0000000082700000| Untracked 
|   6|0x0000000082800000, 0x0000000082800000, 0x0000000082900000|  0%| F|  |TAMS 0x0000000082800000, 0x0000000082800000| Untracked 
|   7|0x0000000082900000, 0x0000000082900000, 0x0000000082a00000|  0%| F|  |TAMS 0x0000000082900000, 0x0000000082900000| Untracked 
|   8|0x0000000082a00000, 0x0000000082a00000, 0x0000000082b00000|  0%| F|  |TAMS 0x0000000082a00000, 0x0000000082a00000| Untracked 
|   9|0x0000000082b00000, 0x0000000082b00000, 0x0000000082c00000|  0%| F|  |TAMS 0x0000000082b00000, 0x0000000082b00000| Untracked 
|  10|0x0000000082c00000, 0x0000000082c00000, 0x0000000082d00000|  0%| F|  |TAMS 0x0000000082c00000, 0x0000000082c00000| Untracked 
|  11|0x0000000082d00000, 0x0000000082d00000, 0x0000000082e00000|  0%| F|  |TAMS 0x0000000082d00000, 0x0000000082d00000| Untracked 
|  12|0x0000000082e00000, 0x0000000082e00000, 0x0000000082f00000|  0%| F|  |TAMS 0x0000000082e00000, 0x0000000082e00000| Untracked 
|  13|0x0000000082f00000, 0x0000000082f00000, 0x0000000083000000|  0%| F|  |TAMS 0x0000000082f00000, 0x0000000082f00000| Untracked 
|  14|0x0000000083000000, 0x0000000083000000, 0x0000000083100000|  0%| F|  |TAMS 0x0000000083000000, 0x0000000083000000| Untracked 
|  15|0x0000000083100000, 0x0000000083100000, 0x0000000083200000|  0%| F|  |TAMS 0x0000000083100000, 0x0000000083100000| Untracked 
|  16|0x0000000083200000, 0x0000000083200000, 0x0000000083300000|  0%| F|  |TAMS 0x0000000083200000, 0x0000000083200000| Untracked 
|  17|0x0000000083300000, 0x0000000083300000, 0x0000000083400000|  0%| F|  |TAMS 0x0000000083300000, 0x0000000083300000| Untracked 
|  18|0x0000000083400000, 0x0000000083400000, 0x0000000083500000|  0%| F|  |TAMS 0x0000000083400000, 0x0000000083400000| Untracked 
|  19|0x0000000083500000, 0x0000000083500000, 0x0000000083600000|  0%| F|  |TAMS 0x0000000083500000, 0x0000000083500000| Untracked 
|  20|0x0000000083600000, 0x0000000083600000, 0x0000000083700000|  0%| F|  |TAMS 0x0000000083600000, 0x0000000083600000| Untracked 
|  21|0x0000000083700000, 0x0000000083700000, 0x0000000083800000|  0%| F|  |TAMS 0x0000000083700000, 0x0000000083700000| Untracked 
|  22|0x0000000083800000, 0x0000000083800000, 0x0000000083900000|  0%| F|  |TAMS 0x0000000083800000, 0x0000000083800000| Untracked 
|  23|0x0000000083900000, 0x0000000083900000, 0x0000000083a00000|  0%| F|  |TAMS 0x0000000083900000, 0x0000000083900000| Untracked 
|  24|0x0000000083a00000, 0x0000000083a00000, 0x0000000083b00000|  0%| F|  |TAMS 0x0000000083a00000, 0x0000000083a00000| Untracked 
|  25|0x0000000083b00000, 0x0000000083b00000, 0x0000000083c00000|  0%| F|  |TAMS 0x0000000083b00000, 0x0000000083b00000| Untracked 
|  26|0x0000000083c00000, 0x0000000083c00000, 0x0000000083d00000|  0%| F|  |TAMS 0x0000000083c00000, 0x0000000083c00000| Untracked 
|  27|0x0000000083d00000, 0x0000000083d00000, 0x0000000083e00000|  0%| F|  |TAMS 0x0000000083d00000, 0x0000000083d00000| Untracked 
|  28|0x0000000083e00000, 0x0000000083e00000, 0x0000000083f00000|  0%| F|  |TAMS 0x0000000083e00000, 0x0000000083e00000| Untracked 
|  29|0x0000000083f00000, 0x0000000083f00000, 0x0000000084000000|  0%| F|  |TAMS 0x0000000083f00000, 0x0000000083f00000| Untracked 
|  30|0x0000000084000000, 0x0000000084000000, 0x0000000084100000|  0%| F|  |TAMS 0x0000000084000000, 0x0000000084000000| Untracked 
|  31|0x0000000084100000, 0x0000000084100000, 0x0000000084200000|  0%| F|  |TAMS 0x0000000084100000, 0x0000000084100000| Untracked 
|  32|0x0000000084200000, 0x0000000084200000, 0x0000000084300000|  0%| F|  |TAMS 0x0000000084200000, 0x0000000084200000| Untracked 
|  33|0x0000000084300000, 0x0000000084300000, 0x0000000084400000|  0%| F|  |TAMS 0x0000000084300000, 0x0000000084300000| Untracked 
|  34|0x0000000084400000, 0x0000000084400000, 0x0000000084500000|  0%| F|  |TAMS 0x0000000084400000, 0x0000000084400000| Untracked 
|  35|0x0000000084500000, 0x0000000084500000, 0x0000000084600000|  0%| F|  |TAMS 0x0000000084500000, 0x0000000084500000| Untracked 
|  36|0x0000000084600000, 0x0000000084600000, 0x0000000084700000|  0%| F|  |TAMS 0x0000000084600000, 0x0000000084600000| Untracked 
|  37|0x0000000084700000, 0x0000000084700000, 0x0000000084800000|  0%| F|  |TAMS 0x0000000084700000, 0x0000000084700000| Untracked 
|  38|0x0000000084800000, 0x0000000084800000, 0x0000000084900000|  0%| F|  |TAMS 0x0000000084800000, 0x0000000084800000| Untracked 
|  39|0x0000000084900000, 0x0000000084900000, 0x0000000084a00000|  0%| F|  |TAMS 0x0000000084900000, 0x0000000084900000| Untracked 
|  40|0x0000000084a00000, 0x0000000084a00000, 0x0000000084b00000|  0%| F|  |TAMS 0x0000000084a00000, 0x0000000084a00000| Untracked 
|  41|0x0000000084b00000, 0x0000000084b00000, 0x0000000084c00000|  0%| F|  |TAMS 0x0000000084b00000, 0x0000000084b00000| Untracked 
|  42|0x0000000084c00000, 0x0000000084c00000, 0x0000000084d00000|  0%| F|  |TAMS 0x0000000084c00000, 0x0000000084c00000| Untracked 
|  43|0x0000000084d00000, 0x0000000084d00000, 0x0000000084e00000|  0%| F|  |TAMS 0x0000000084d00000, 0x0000000084d00000| Untracked 
|  44|0x0000000084e00000, 0x0000000084e00000, 0x0000000084f00000|  0%| F|  |TAMS 0x0000000084e00000, 0x0000000084e00000| Untracked 
|  45|0x0000000084f00000, 0x0000000084f00000, 0x0000000085000000|  0%| F|  |TAMS 0x0000000084f00000, 0x0000000084f00000| Untracked 
|  46|0x0000000085000000, 0x0000000085000000, 0x0000000085100000|  0%| F|  |TAMS 0x0000000085000000, 0x0000000085000000| Untracked 
|  47|0x0000000085100000, 0x0000000085100000, 0x0000000085200000|  0%| F|  |TAMS 0x0000000085100000, 0x0000000085100000| Untracked 
|  48|0x0000000085200000, 0x0000000085200000, 0x0000000085300000|  0%| F|  |TAMS 0x0000000085200000, 0x0000000085200000| Untracked 
|  49|0x0000000085300000, 0x0000000085300000, 0x0000000085400000|  0%| F|  |TAMS 0x0000000085300000, 0x0000000085300000| Untracked 
|  50|0x0000000085400000, 0x0000000085400000, 0x0000000085500000|  0%| F|  |TAMS 0x0000000085400000, 0x0000000085400000| Untracked 
|  51|0x0000000085500000, 0x0000000085500000, 0x0000000085600000|  0%| F|  |TAMS 0x0000000085500000, 0x0000000085500000| Untracked 
|  52|0x0000000085600000, 0x0000000085600000, 0x0000000085700000|  0%| F|  |TAMS 0x0000000085600000, 0x0000000085600000| Untracked 
|  53|0x0000000085700000, 0x0000000085700000, 0x0000000085800000|  0%| F|  |TAMS 0x0000000085700000, 0x0000000085700000| Untracked 
|  54|0x0000000085800000, 0x0000000085800000, 0x0000000085900000|  0%| F|  |TAMS 0x0000000085800000, 0x0000000085800000| Untracked 
|  55|0x0000000085900000, 0x0000000085900000, 0x0000000085a00000|  0%| F|  |TAMS 0x0000000085900000, 0x0000000085900000| Untracked 
|  56|0x0000000085a00000, 0x0000000085a00000, 0x0000000085b00000|  0%| F|  |TAMS 0x0000000085a00000, 0x0000000085a00000| Untracked 
|  57|0x0000000085b00000, 0x0000000085b00000, 0x0000000085c00000|  0%| F|  |TAMS 0x0000000085b00000, 0x0000000085b00000| Untracked 
|  58|0x0000000085c00000, 0x0000000085c00000, 0x0000000085d00000|  0%| F|  |TAMS 0x0000000085c00000, 0x0000000085c00000| Untracked 
|  59|0x0000000085d00000, 0x0000000085d00000, 0x0000000085e00000|  0%| F|  |TAMS 0x0000000085d00000, 0x0000000085d00000| Untracked 
|  60|0x0000000085e00000, 0x0000000085e00000, 0x0000000085f00000|  0%| F|  |TAMS 0x0000000085e00000, 0x0000000085e00000| Untracked 
|  61|0x0000000085f00000, 0x0000000085f00000, 0x0000000086000000|  0%| F|  |TAMS 0x0000000085f00000, 0x0000000085f00000| Untracked 
|  62|0x0000000086000000, 0x0000000086000000, 0x0000000086100000|  0%| F|  |TAMS 0x0000000086000000, 0x0000000086000000| Untracked 
|  63|0x0000000086100000, 0x0000000086100000, 0x0000000086200000|  0%| F|  |TAMS 0x0000000086100000, 0x0000000086100000| Untracked 
|  64|0x0000000086200000, 0x0000000086200000, 0x0000000086300000|  0%| F|  |TAMS 0x0000000086200000, 0x0000000086200000| Untracked 
|  65|0x0000000086300000, 0x0000000086300000, 0x0000000086400000|  0%| F|  |TAMS 0x0000000086300000, 0x0000000086300000| Untracked 
|  66|0x0000000086400000, 0x0000000086400000, 0x0000000086500000|  0%| F|  |TAMS 0x0000000086400000, 0x0000000086400000| Untracked 
|  67|0x0000000086500000, 0x0000000086500000, 0x0000000086600000|  0%| F|  |TAMS 0x0000000086500000, 0x0000000086500000| Untracked 
|  68|0x0000000086600000, 0x0000000086600000, 0x0000000086700000|  0%| F|  |TAMS 0x0000000086600000, 0x0000000086600000| Untracked 
|  69|0x0000000086700000, 0x0000000086700000, 0x0000000086800000|  0%| F|  |TAMS 0x0000000086700000, 0x0000000086700000| Untracked 
|  70|0x0000000086800000, 0x0000000086800000, 0x0000000086900000|  0%| F|  |TAMS 0x0000000086800000, 0x0000000086800000| Untracked 
|  71|0x0000000086900000, 0x0000000086900000, 0x0000000086a00000|  0%| F|  |TAMS 0x0000000086900000, 0x0000000086900000| Untracked 
|  72|0x0000000086a00000, 0x0000000086a00000, 0x0000000086b00000|  0%| F|  |TAMS 0x0000000086a00000, 0x0000000086a00000| Untracked 
|  73|0x0000000086b00000, 0x0000000086b00000, 0x0000000086c00000|  0%| F|  |TAMS 0x0000000086b00000, 0x0000000086b00000| Untracked 
|  74|0x0000000086c00000, 0x0000000086c00000, 0x0000000086d00000|  0%| F|  |TAMS 0x0000000086c00000, 0x0000000086c00000| Untracked 
|  75|0x0000000086d00000, 0x0000000086d00000, 0x0000000086e00000|  0%| F|  |TAMS 0x0000000086d00000, 0x0000000086d00000| Untracked 
|  76|0x0000000086e00000, 0x0000000086e00000, 0x0000000086f00000|  0%| F|  |TAMS 0x0000000086e00000, 0x0000000086e00000| Untracked 
|  77|0x0000000086f00000, 0x0000000086f00000, 0x0000000087000000|  0%| F|  |TAMS 0x0000000086f00000, 0x0000000086f00000| Untracked 
|  78|0x0000000087000000, 0x0000000087000000, 0x0000000087100000|  0%| F|  |TAMS 0x0000000087000000, 0x0000000087000000| Untracked 
|  79|0x0000000087100000, 0x0000000087100000, 0x0000000087200000|  0%| F|  |TAMS 0x0000000087100000, 0x0000000087100000| Untracked 
|  80|0x0000000087200000, 0x0000000087200000, 0x0000000087300000|  0%| F|  |TAMS 0x0000000087200000, 0x0000000087200000| Untracked 
|  81|0x0000000087300000, 0x0000000087300000, 0x0000000087400000|  0%| F|  |TAMS 0x0000000087300000, 0x0000000087300000| Untracked 
|  82|0x0000000087400000, 0x000000008745cbf8, 0x0000000087500000| 36%| S|CS|TAMS 0x0000000087400000, 0x0000000087400000| Complete 
|  83|0x0000000087500000, 0x0000000087600000, 0x0000000087600000|100%| S|CS|TAMS 0x0000000087500000, 0x0000000087500000| Complete 
|  84|0x0000000087600000, 0x0000000087700000, 0x0000000087700000|100%| S|CS|TAMS 0x0000000087600000, 0x0000000087600000| Complete 
|  85|0x0000000087700000, 0x0000000087800000, 0x0000000087800000|100%| S|CS|TAMS 0x0000000087700000, 0x0000000087700000| Complete 
|  86|0x0000000087800000, 0x0000000087900000, 0x0000000087900000|100%| S|CS|TAMS 0x0000000087800000, 0x0000000087800000| Complete 
|  87|0x0000000087900000, 0x0000000087900000, 0x0000000087a00000|  0%| F|  |TAMS 0x0000000087900000, 0x0000000087900000| Untracked 
|  88|0x0000000087a00000, 0x0000000087a00000, 0x0000000087b00000|  0%| F|  |TAMS 0x0000000087a00000, 0x0000000087a00000| Untracked 
|  89|0x0000000087b00000, 0x0000000087b00000, 0x0000000087c00000|  0%| F|  |TAMS 0x0000000087b00000, 0x0000000087b00000| Untracked 
|  90|0x0000000087c00000, 0x0000000087c00000, 0x0000000087d00000|  0%| F|  |TAMS 0x0000000087c00000, 0x0000000087c00000| Untracked 
|  91|0x0000000087d00000, 0x0000000087d00000, 0x0000000087e00000|  0%| F|  |TAMS 0x0000000087d00000, 0x0000000087d00000| Untracked 
|  92|0x0000000087e00000, 0x0000000087e00000, 0x0000000087f00000|  0%| F|  |TAMS 0x0000000087e00000, 0x0000000087e00000| Untracked 
|  93|0x0000000087f00000, 0x0000000087f00000, 0x0000000088000000|  0%| F|  |TAMS 0x0000000087f00000, 0x0000000087f00000| Untracked 
|  94|0x0000000088000000, 0x0000000088000000, 0x0000000088100000|  0%| F|  |TAMS 0x0000000088000000, 0x0000000088000000| Untracked 
|  95|0x0000000088100000, 0x0000000088100000, 0x0000000088200000|  0%| F|  |TAMS 0x0000000088100000, 0x0000000088100000| Untracked 
|  96|0x0000000088200000, 0x0000000088200000, 0x0000000088300000|  0%| F|  |TAMS 0x0000000088200000, 0x0000000088200000| Untracked 
|  97|0x0000000088300000, 0x0000000088300000, 0x0000000088400000|  0%| F|  |TAMS 0x0000000088300000, 0x0000000088300000| Untracked 
|  98|0x0000000088400000, 0x0000000088400000, 0x0000000088500000|  0%| F|  |TAMS 0x0000000088400000, 0x0000000088400000| Untracked 
|  99|0x0000000088500000, 0x0000000088500000, 0x0000000088600000|  0%| F|  |TAMS 0x0000000088500000, 0x0000000088500000| Untracked 
| 100|0x0000000088600000, 0x0000000088600000, 0x0000000088700000|  0%| F|  |TAMS 0x0000000088600000, 0x0000000088600000| Untracked 
| 101|0x0000000088700000, 0x0000000088700000, 0x0000000088800000|  0%| F|  |TAMS 0x0000000088700000, 0x0000000088700000| Untracked 
| 102|0x0000000088800000, 0x0000000088800000, 0x0000000088900000|  0%| F|  |TAMS 0x0000000088800000, 0x0000000088800000| Untracked 
| 103|0x0000000088900000, 0x0000000088900000, 0x0000000088a00000|  0%| F|  |TAMS 0x0000000088900000, 0x0000000088900000| Untracked 
| 104|0x0000000088a00000, 0x0000000088a00000, 0x0000000088b00000|  0%| F|  |TAMS 0x0000000088a00000, 0x0000000088a00000| Untracked 
| 105|0x0000000088b00000, 0x0000000088b00000, 0x0000000088c00000|  0%| F|  |TAMS 0x0000000088b00000, 0x0000000088b00000| Untracked 
| 106|0x0000000088c00000, 0x0000000088c00000, 0x0000000088d00000|  0%| F|  |TAMS 0x0000000088c00000, 0x0000000088c00000| Untracked 
| 107|0x0000000088d00000, 0x0000000088d00000, 0x0000000088e00000|  0%| F|  |TAMS 0x0000000088d00000, 0x0000000088d00000| Untracked 
| 108|0x0000000088e00000, 0x0000000088e00000, 0x0000000088f00000|  0%| F|  |TAMS 0x0000000088e00000, 0x0000000088e00000| Untracked 
| 109|0x0000000088f00000, 0x0000000088f00000, 0x0000000089000000|  0%| F|  |TAMS 0x0000000088f00000, 0x0000000088f00000| Untracked 
| 110|0x0000000089000000, 0x0000000089000000, 0x0000000089100000|  0%| F|  |TAMS 0x0000000089000000, 0x0000000089000000| Untracked 
| 111|0x0000000089100000, 0x0000000089100000, 0x0000000089200000|  0%| F|  |TAMS 0x0000000089100000, 0x0000000089100000| Untracked 
| 112|0x0000000089200000, 0x0000000089200000, 0x0000000089300000|  0%| F|  |TAMS 0x0000000089200000, 0x0000000089200000| Untracked 
| 113|0x0000000089300000, 0x0000000089300000, 0x0000000089400000|  0%| F|  |TAMS 0x0000000089300000, 0x0000000089300000| Untracked 
| 114|0x0000000089400000, 0x0000000089400000, 0x0000000089500000|  0%| F|  |TAMS 0x0000000089400000, 0x0000000089400000| Untracked 
| 115|0x0000000089500000, 0x0000000089500000, 0x0000000089600000|  0%| F|  |TAMS 0x0000000089500000, 0x0000000089500000| Untracked 
| 116|0x0000000089600000, 0x0000000089600000, 0x0000000089700000|  0%| F|  |TAMS 0x0000000089600000, 0x0000000089600000| Untracked 
| 117|0x0000000089700000, 0x0000000089700000, 0x0000000089800000|  0%| F|  |TAMS 0x0000000089700000, 0x0000000089700000| Untracked 
| 118|0x0000000089800000, 0x0000000089800000, 0x0000000089900000|  0%| F|  |TAMS 0x0000000089800000, 0x0000000089800000| Untracked 
| 119|0x0000000089900000, 0x0000000089900000, 0x0000000089a00000|  0%| F|  |TAMS 0x0000000089900000, 0x0000000089900000| Untracked 
| 120|0x0000000089a00000, 0x0000000089a00000, 0x0000000089b00000|  0%| F|  |TAMS 0x0000000089a00000, 0x0000000089a00000| Untracked 
| 121|0x0000000089b00000, 0x0000000089b00000, 0x0000000089c00000|  0%| F|  |TAMS 0x0000000089b00000, 0x0000000089b00000| Untracked 
| 122|0x0000000089c00000, 0x0000000089c00000, 0x0000000089d00000|  0%| F|  |TAMS 0x0000000089c00000, 0x0000000089c00000| Untracked 
| 123|0x0000000089d00000, 0x0000000089d00000, 0x0000000089e00000|  0%| F|  |TAMS 0x0000000089d00000, 0x0000000089d00000| Untracked 
| 124|0x0000000089e00000, 0x0000000089e00000, 0x0000000089f00000|  0%| F|  |TAMS 0x0000000089e00000, 0x0000000089e00000| Untracked 
| 125|0x0000000089f00000, 0x0000000089f00000, 0x000000008a000000|  0%| F|  |TAMS 0x0000000089f00000, 0x0000000089f00000| Untracked 

Card table byte_map: [0x000000001a830000,0x000000001ac20000] _byte_map_base: 0x000000001a41f000

Marking Bits (Prev, Next): (CMBitMap*) 0x000000000027ee88, (CMBitMap*) 0x000000000027eec0
 Prev Bits: [0x000000001b010000, 0x000000001cf88000)
 Next Bits: [0x000000001cf90000, 0x000000001ef08000)

Polling page: 0x0000000001bc0000

Metaspace:

Usage:
  Non-class:     18.31 MB capacity,    18.10 MB ( 99%) used,   198.27 KB (  1%) free+waste,    24.25 KB ( <1%) overhead. 
      Class:      2.30 MB capacity,     2.18 MB ( 95%) used,   114.37 KB (  5%) free+waste,     9.88 KB ( <1%) overhead. 
       Both:     20.62 MB capacity,    20.28 MB ( 98%) used,   312.63 KB (  1%) free+waste,    34.13 KB ( <1%) overhead. 

Virtual space:
  Non-class space:       22.00 MB reserved,      18.42 MB ( 84%) committed 
      Class space:        1.00 GB reserved,       2.38 MB ( <1%) committed 
             Both:        1.02 GB reserved,      20.80 MB (  2%) committed 

Chunk freelists:
   Non-Class:  13.75 KB
       Class:  1.25 KB
        Both:  15.00 KB

CodeHeap 'non-profiled nmethods': size=120064Kb used=884Kb max_used=884Kb free=119179Kb
 bounds [0x0000000012890000, 0x0000000012b00000, 0x0000000019dd0000]
CodeHeap 'profiled nmethods': size=120000Kb used=4983Kb max_used=4983Kb free=115017Kb
 bounds [0x000000000b360000, 0x000000000b840000, 0x0000000012890000]
CodeHeap 'non-nmethods': size=5696Kb used=1104Kb max_used=1128Kb free=4591Kb
 bounds [0x000000000add0000, 0x000000000b040000, 0x000000000b360000]
 total_blobs=3256 nmethods=2351 adapters=332
 compilation: enabled
              stopped_count=0, restarted_count=0
 full_count=0

Compilation events (10 events):
Event: 3.943 Thread 0x0000000021b08800 2360       3       java.lang.reflect.AccessibleObject::checkCanSetAccessible (386 bytes)
Event: 3.951 Thread 0x0000000021b08800 nmethod 2360 0x000000000b835590 code [0x000000000b835d80, 0x000000000b83a090]
Event: 3.951 Thread 0x0000000021b08800 2362       3       org.apache.maven.model.interpolation.UrlNormalizingPostProcessor::execute (32 bytes)
Event: 3.952 Thread 0x0000000021b08800 nmethod 2362 0x000000000b83b690 code [0x000000000b83b880, 0x000000000b83bd70]
Event: 3.952 Thread 0x0000000021b08800 2364   !   2       org.codehaus.plexus.interpolation.reflection.ClassMap::findMethod (107 bytes)
Event: 3.953 Thread 0x0000000021b08800 nmethod 2364 0x000000000b83bf10 code [0x000000000b83c120, 0x000000000b83c480]
Event: 3.955 Thread 0x0000000021b08800 2365       2       java.util.Hashtable$Entry::<init> (26 bytes)
Event: 3.955 Thread 0x0000000021b08800 nmethod 2365 0x000000000b83c690 code [0x000000000b83c840, 0x000000000b83cab8]
Event: 3.958 Thread 0x0000000021b08800 2366       2       org.codehaus.plexus.interpolation.reflection.ReflectionValueExtractor$Tokenizer::peekChar (30 bytes)
Event: 3.959 Thread 0x0000000021b08800 nmethod 2366 0x000000000b83cb90 code [0x000000000b83cd60, 0x000000000b83d060]

GC Heap History (6 events):
Event: 1.758 GC heap before
{Heap before GC invocations=0 (full 0):
 garbage-first heap   total 129024K, used 14336K [0x0000000082200000, 0x0000000100000000)
  region size 1024K, 14 young (14336K), 0 survivors (0K)
 Metaspace       used 11378K, capacity 11618K, committed 11776K, reserved 1060864K
  class space    used 1072K, capacity 1173K, committed 1280K, reserved 1048576K
}
Event: 1.765 GC heap after
{Heap after GC invocations=1 (full 0):
 garbage-first heap   total 129024K, used 3419K [0x0000000082200000, 0x0000000100000000)
  region size 1024K, 2 young (2048K), 2 survivors (2048K)
 Metaspace       used 11378K, capacity 11618K, committed 11776K, reserved 1060864K
  class space    used 1072K, capacity 1173K, committed 1280K, reserved 1048576K
}
Event: 1.955 GC heap before
{Heap before GC invocations=1 (full 0):
 garbage-first heap   total 129024K, used 8539K [0x0000000082200000, 0x0000000100000000)
  region size 1024K, 7 young (7168K), 2 survivors (2048K)
 Metaspace       used 12528K, capacity 12866K, committed 13184K, reserved 1060864K
  class space    used 1224K, capacity 1333K, committed 1408K, reserved 1048576K
}
Event: 1.959 GC heap after
{Heap after GC invocations=2 (full 0):
 garbage-first heap   total 129024K, used 3953K [0x0000000082200000, 0x0000000100000000)
  region size 1024K, 1 young (1024K), 1 survivors (1024K)
 Metaspace       used 12528K, capacity 12866K, committed 13184K, reserved 1060864K
  class space    used 1224K, capacity 1333K, committed 1408K, reserved 1048576K
}
Event: 2.553 GC heap before
{Heap before GC invocations=2 (full 0):
 garbage-first heap   total 129024K, used 26481K [0x0000000082200000, 0x0000000100000000)
  region size 1024K, 23 young (23552K), 1 survivors (1024K)
 Metaspace       used 15058K, capacity 15432K, committed 15488K, reserved 1062912K
  class space    used 1539K, capacity 1630K, committed 1664K, reserved 1048576K
}
Event: 2.584 GC heap after
{Heap after GC invocations=3 (full 0):
 garbage-first heap   total 129024K, used 4601K [0x0000000082200000, 0x0000000100000000)
  region size 1024K, 1 young (1024K), 1 survivors (1024K)
 Metaspace       used 15058K, capacity 15432K, committed 15488K, reserved 1062912K
  class space    used 1539K, capacity 1630K, committed 1664K, reserved 1048576K
}

Deoptimization events (10 events):
Event: 3.407 Thread 0x0000000000275000 Uncommon trap: reason=unstable_if action=reinterpret pc=0x00000000128951f8 method=java.lang.String.isLatin1()Z @ 10 c2
Event: 3.568 Thread 0x0000000000275000 Uncommon trap: reason=unstable_if action=reinterpret pc=0x00000000128bc7ec method=java.lang.AbstractStringBuilder.append(Ljava/lang/String;)Ljava/lang/AbstractStringBuilder; @ 1 c2
Event: 3.568 Thread 0x0000000000275000 Uncommon trap: reason=unstable_if action=reinterpret pc=0x00000000128de658 method=java.lang.AbstractStringBuilder.append(Ljava/lang/String;)Ljava/lang/AbstractStringBuilder; @ 1 c2
Event: 3.628 Thread 0x0000000000275000 Uncommon trap: reason=unstable_if action=reinterpret pc=0x0000000012914c10 method=java.lang.String.replace(CC)Ljava/lang/String; @ 2 c2
Event: 3.874 Thread 0x0000000000275000 Uncommon trap: reason=unstable_if action=reinterpret pc=0x0000000012964624 method=java.lang.reflect.AccessibleObject.checkCanSetAccessible(Ljava/lang/Class;Ljava/lang/Class;Z)Z @ 30 c2
Event: 3.910 Thread 0x0000000000275000 Uncommon trap: reason=unstable_if action=reinterpret pc=0x0000000012962ce0 method=org.codehaus.plexus.util.xml.pull.MXParser.nextImpl()I @ 879 c2
Event: 3.939 Thread 0x0000000000275000 Uncommon trap: reason=speculate_class_check action=maybe_recompile pc=0x00000000129656a0 method=jdk.internal.reflect.UnsafeObjectFieldAccessorImpl.get(Ljava/lang/Object;)Ljava/lang/Object; @ 13 c2
Event: 3.941 Thread 0x0000000000275000 Uncommon trap: reason=speculate_class_check action=maybe_recompile pc=0x00000000129656a0 method=jdk.internal.reflect.UnsafeObjectFieldAccessorImpl.get(Ljava/lang/Object;)Ljava/lang/Object; @ 13 c2
Event: 3.941 Thread 0x0000000000275000 Uncommon trap: reason=speculate_class_check action=maybe_recompile pc=0x00000000129656a0 method=jdk.internal.reflect.UnsafeObjectFieldAccessorImpl.get(Ljava/lang/Object;)Ljava/lang/Object; @ 13 c2
Event: 3.941 Thread 0x0000000000275000 Uncommon trap: reason=speculate_class_check action=maybe_recompile pc=0x00000000129656a0 method=jdk.internal.reflect.UnsafeObjectFieldAccessorImpl.get(Ljava/lang/Object;)Ljava/lang/Object; @ 13 c2

Classes redefined (0 events):
No events

Internal exceptions (8 events):
Event: 0.574 Thread 0x0000000000275000 Exception <a 'java/lang/NoSuchMethodError'{0x0000000089cf41b8}: java.lang.invoke.DirectMethodHandle$Holder.invokeSpecialIFC(Ljava/lang/Object;Ljava/lang/Object;I)I> (0x0000000089cf41b8) thrown at [t:/workspace/open/src/hotspot/share/interpreter/linkResolv
Event: 0.723 Thread 0x0000000000275000 Exception <a 'java/lang/NoSuchMethodError'{0x0000000089a19098}: java.lang.invoke.DirectMethodHandle$Holder.invokeStaticInit(Ljava/lang/Object;IIII)Ljava/lang/Object;> (0x0000000089a19098) thrown at [t:/workspace/open/src/hotspot/share/interpreter/linkReso
Event: 1.093 Thread 0x0000000000275000 Exception <a 'java/lang/NoSuchMethodError'{0x0000000089ade508}: java.lang.invoke.DirectMethodHandle$Holder.invokeStaticInit(Ljava/lang/Object;Ljava/lang/Object;IIII)Ljava/lang/Object;> (0x0000000089ade508) thrown at [t:/workspace/open/src/hotspot/share/in
Event: 3.207 Thread 0x0000000000275000 Exception <a 'java/lang/NoClassDefFoundError'{0x00000000889b2088}: com/google/inject/servlet/ServletModuleTargetVisitor> (0x00000000889b2088) thrown at [t:/workspace/open/src/hotspot/share/classfile/systemDictionary.cpp, line 220]
Event: 3.207 Thread 0x0000000000275000 Exception <a 'java/lang/NoClassDefFoundError'{0x00000000889b2088}> (0x00000000889b2088) thrown at [t:/workspace/open/src/hotspot/share/prims/jvm.cpp, line 1312]
Event: 3.207 Thread 0x0000000000275000 Exception <a 'java/lang/NoClassDefFoundError'{0x00000000889b5298}: javax/annotation/Priority> (0x00000000889b5298) thrown at [t:/workspace/open/src/hotspot/share/classfile/systemDictionary.cpp, line 220]
Event: 3.568 Thread 0x0000000000275000 Implicit null exception at 0x00000000128bc274 to 0x00000000128bc7d6
Event: 3.568 Thread 0x0000000000275000 Implicit null exception at 0x00000000128de0f4 to 0x00000000128de642

Events (10 events):
Event: 3.941 Thread 0x0000000000275000 DEOPT PACKING pc=0x00000000129656a0 sp=0x000000000245c100
Event: 3.941 Thread 0x0000000000275000 DEOPT UNPACKING pc=0x000000000adf8129 sp=0x000000000245c098 mode 2
Event: 3.941 Thread 0x0000000000275000 Uncommon trap: trap_request=0xffffff6e fr.pc=0x00000000129656a0 relative=0x00000000000000e0
Event: 3.941 Thread 0x0000000000275000 DEOPT PACKING pc=0x00000000129656a0 sp=0x000000000245c100
Event: 3.941 Thread 0x0000000000275000 DEOPT UNPACKING pc=0x000000000adf8129 sp=0x000000000245c098 mode 2
Event: 3.941 Thread 0x0000000000275000 Uncommon trap: trap_request=0xffffff6e fr.pc=0x00000000129656a0 relative=0x00000000000000e0
Event: 3.941 Thread 0x0000000000275000 DEOPT PACKING pc=0x00000000129656a0 sp=0x000000000245c0a0
Event: 3.941 Thread 0x0000000000275000 DEOPT UNPACKING pc=0x000000000adf8129 sp=0x000000000245c038 mode 2
Event: 3.942 loading class org/apache/maven/model/Site
Event: 3.942 loading class org/apache/maven/model/Site done


Dynamic libraries:
0x000000013fd80000 - 0x000000013fdc7000 	C:\Program Files\Java\jdk-11.0.1\bin\java.exe
0x00000000770b0000 - 0x000000007724f000 	C:\Windows\SYSTEM32\ntdll.dll
0x000007fee5fb0000 - 0x000007fee5fe4000 	D:\AVAST\x64\aswhooka.dll
0x0000000076e90000 - 0x0000000076faf000 	C:\Windows\system32\kernel32.dll
0x000007fefd170000 - 0x000007fefd1da000 	C:\Windows\system32\KERNELBASE.dll
0x000007fefeeb0000 - 0x000007fefef8b000 	C:\Windows\system32\ADVAPI32.dll
0x000007feff130000 - 0x000007feff1cf000 	C:\Windows\system32\msvcrt.dll
0x000007feff1d0000 - 0x000007feff1ef000 	C:\Windows\SYSTEM32\sechost.dll
0x000007fefeb60000 - 0x000007fefec8c000 	C:\Windows\system32\RPCRT4.dll
0x0000000076fb0000 - 0x00000000770aa000 	C:\Windows\system32\USER32.dll
0x000007fefefe0000 - 0x000007feff047000 	C:\Windows\system32\GDI32.dll
0x000007fefec90000 - 0x000007fefec9e000 	C:\Windows\system32\LPK.dll
0x000007feff2d0000 - 0x000007feff39b000 	C:\Windows\system32\USP10.dll
0x000007fefb260000 - 0x000007fefb455000 	C:\Windows\WinSxS\amd64_microsoft.windows.common-controls_6595b64144ccf1df_6.0.7601.24380_none_e3731d0b30fb6b11\COMCTL32.dll
0x000007fefd240000 - 0x000007fefd2b1000 	C:\Windows\system32\SHLWAPI.dll
0x000007fefc7f0000 - 0x000007fefc7fc000 	C:\Windows\system32\VERSION.dll
0x000007fefd210000 - 0x000007fefd23e000 	C:\Windows\system32\IMM32.DLL
0x000007fefd2c0000 - 0x000007fefd3c9000 	C:\Windows\system32\MSCTF.dll
0x000007fefcb40000 - 0x000007fefcc37000 	C:\Windows\system32\guard64.dll
0x000007fefc8d0000 - 0x000007fefc8d3000 	C:\Windows\system32\api-ms-win-core-synch-l1-2-0.DLL
0x000007fefe960000 - 0x000007fefeb5f000 	C:\Windows\system32\ole32.dll
0x000007fefc760000 - 0x000007fefc769000 	C:\Windows\system32\fltlib.dll
0x000007fefdbd0000 - 0x000007fefe95b000 	C:\Windows\system32\shell32.dll
0x000007fee06c0000 - 0x000007fee06d6000 	C:\Program Files\Java\jdk-11.0.1\bin\vcruntime140.dll
0x000007feea430000 - 0x000007feea434000 	C:\Program Files\Java\jdk-11.0.1\bin\api-ms-win-crt-runtime-l1-1-0.dll
0x000007fed9a20000 - 0x000007fed9b16000 	C:\Program Files\Java\jdk-11.0.1\bin\ucrtbase.DLL
0x000007feeddd0000 - 0x000007feeddd3000 	C:\Program Files\Java\jdk-11.0.1\bin\api-ms-win-core-localization-l1-2-0.dll
0x000007fee2ef0000 - 0x000007fee2ef3000 	C:\Program Files\Java\jdk-11.0.1\bin\api-ms-win-core-processthreads-l1-1-1.dll
0x000007fee41e0000 - 0x000007fee41e3000 	C:\Program Files\Java\jdk-11.0.1\bin\api-ms-win-core-file-l1-2-0.dll
0x000007fee2b90000 - 0x000007fee2b93000 	C:\Program Files\Java\jdk-11.0.1\bin\api-ms-win-core-timezone-l1-1-0.dll
0x000007fee2b80000 - 0x000007fee2b83000 	C:\Program Files\Java\jdk-11.0.1\bin\api-ms-win-core-file-l2-1-0.dll
0x000007fee25c0000 - 0x000007fee25c4000 	C:\Program Files\Java\jdk-11.0.1\bin\api-ms-win-crt-string-l1-1-0.dll
0x000007fee1650000 - 0x000007fee1653000 	C:\Program Files\Java\jdk-11.0.1\bin\api-ms-win-crt-heap-l1-1-0.dll
0x000007fee0970000 - 0x000007fee0974000 	C:\Program Files\Java\jdk-11.0.1\bin\api-ms-win-crt-stdio-l1-1-0.dll
0x000007fedea10000 - 0x000007fedea14000 	C:\Program Files\Java\jdk-11.0.1\bin\api-ms-win-crt-convert-l1-1-0.dll
0x000007fed9b70000 - 0x000007fed9c1a000 	C:\Program Files\Java\jdk-11.0.1\bin\msvcp140.dll
0x000007fee06b0000 - 0x000007fee06b3000 	C:\Program Files\Java\jdk-11.0.1\bin\api-ms-win-crt-locale-l1-1-0.dll
0x000007fed9b60000 - 0x000007fed9b65000 	C:\Program Files\Java\jdk-11.0.1\bin\api-ms-win-crt-math-l1-1-0.dll
0x000007fedea00000 - 0x000007fedea05000 	C:\Program Files\Java\jdk-11.0.1\bin\api-ms-win-crt-multibyte-l1-1-0.dll
0x000007fed9b50000 - 0x000007fed9b53000 	C:\Program Files\Java\jdk-11.0.1\bin\api-ms-win-crt-time-l1-1-0.dll
0x000007fed9b40000 - 0x000007fed9b43000 	C:\Program Files\Java\jdk-11.0.1\bin\api-ms-win-crt-filesystem-l1-1-0.dll
0x000007fed9b30000 - 0x000007fed9b33000 	C:\Program Files\Java\jdk-11.0.1\bin\api-ms-win-crt-environment-l1-1-0.dll
0x000007fed9b20000 - 0x000007fed9b23000 	C:\Program Files\Java\jdk-11.0.1\bin\api-ms-win-crt-utility-l1-1-0.dll
0x000007feec350000 - 0x000007feece92000 	C:\Program Files\Java\jdk-11.0.1\bin\server\jvm.dll
0x000007fef7a80000 - 0x000007fef7a89000 	C:\Windows\system32\WSOCK32.dll
0x000007fefef90000 - 0x000007fefefdd000 	C:\Windows\system32\WS2_32.dll
0x000007fefeea0000 - 0x000007fefeea8000 	C:\Windows\system32\NSI.dll
0x000007fefbd10000 - 0x000007fefbd4b000 	C:\Windows\system32\WINMM.dll
0x0000000077250000 - 0x0000000077257000 	C:\Windows\system32\PSAPI.DLL
0x000007feec270000 - 0x000007feec281000 	C:\Program Files\Java\jdk-11.0.1\bin\verify.dll
0x000007fef3ed0000 - 0x000007fef3ff5000 	C:\Windows\system32\DBGHELP.DLL
0x000007feec240000 - 0x000007feec269000 	C:\Program Files\Java\jdk-11.0.1\bin\java.dll
0x000007fed99d0000 - 0x000007fed99ff000 	C:\Program Files\Java\jdk-11.0.1\bin\instrument.dll
0x000007feec180000 - 0x000007feec196000 	C:\Program Files\Java\jdk-11.0.1\bin\zip.dll
0x000007feec170000 - 0x000007feec17a000 	C:\Program Files\Java\jdk-11.0.1\bin\jimage.dll
0x000007fefce60000 - 0x000007fefce6f000 	C:\Windows\system32\profapi.dll
0x000007feebeb0000 - 0x000007feebec9000 	C:\Program Files\Java\jdk-11.0.1\bin\net.dll
0x000007fefb900000 - 0x000007fefb971000 	C:\Windows\system32\WINHTTP.dll
0x000007fefb890000 - 0x000007fefb8f5000 	C:\Windows\system32\webio.dll
0x000007fefc490000 - 0x000007fefc4e5000 	C:\Windows\system32\mswsock.dll
0x000007fefc480000 - 0x000007fefc487000 	C:\Windows\System32\wship6.dll
0x000007feebe90000 - 0x000007feebea3000 	C:\Program Files\Java\jdk-11.0.1\bin\nio.dll
0x000007fed9970000 - 0x000007fed998a000 	D:\JetBrains\IntelliJ IDEA Community Edition 2019.3.2\bin\breakgen64.dll
0x000007fefc4f0000 - 0x000007fefc508000 	C:\Windows\system32\CRYPTSP.dll
0x000007fefc1f0000 - 0x000007fefc237000 	C:\Windows\system32\rsaenh.dll
0x000007fefd1f0000 - 0x000007fefd20e000 	C:\Windows\system32\USERENV.dll
0x000007fefcce0000 - 0x000007fefccef000 	C:\Windows\system32\CRYPTBASE.dll
0x000007fefbd60000 - 0x000007fefbd87000 	C:\Windows\system32\IPHLPAPI.DLL
0x000007fefbd50000 - 0x000007fefbd5b000 	C:\Windows\system32\WINNSI.DLL
0x000007fef8ab0000 - 0x000007fef8ac8000 	C:\Windows\system32\dhcpcsvc.DLL
0x000007fef8a90000 - 0x000007fef8aa1000 	C:\Windows\system32\dhcpcsvc6.DLL
0x000007feee380000 - 0x000007feee38a000 	D:\Users\Zuzia2\AppData\Local\Temp\jansi-1.17.1-85332468307272175.dll
0x000007feee0a0000 - 0x000007feee0aa000 	D:\Users\Zuzia2\AppData\Local\Temp\jansi-1.17.1-1247368929738944411.dll

dbghelp: loaded successfully - version: 4.0.5 - missing functions: none
symbol engine: initialized successfully - sym options: 0x614 - pdb path: .;C:\Program Files\Java\jdk-11.0.1\bin;C:\Windows\SYSTEM32;D:\AVAST\x64;C:\Windows\WinSxS\amd64_microsoft.windows.common-controls_6595b64144ccf1df_6.0.7601.24380_none_e3731d0b30fb6b11;C:\Program Files\Java\jdk-11.0.1\bin\server;D:\JetBrains\IntelliJ IDEA Community Edition 2019.3.2\bin;D:\Users\Zuzia2\AppData\Local\Temp

VM Arguments:
jvm_args: -Dmaven.multiModuleProjectDirectory=D:\Users\Zuzia2\Documents\GitHub\linear -Dmaven.home=D:\JetBrains\IntelliJ IDEA Community Edition 2019.3.2\plugins\maven\lib\maven3 -Dclassworlds.conf=D:\JetBrains\IntelliJ IDEA Community Edition 2019.3.2\plugins\maven\lib\maven3\bin\m2.conf -Dmaven.ext.class.path=D:\JetBrains\IntelliJ IDEA Community Edition 2019.3.2\plugins\maven\lib\maven-event-listener.jar -javaagent:D:\JetBrains\IntelliJ IDEA Community Edition 2019.3.2\lib\idea_rt.jar=16577:D:\JetBrains\IntelliJ IDEA Community Edition 2019.3.2\bin -Dfile.encoding=windows-1250 
java_command: org.codehaus.classworlds.Launcher -Didea.version2019.3.2 clean
java_class_path (initial): D:\JetBrains\IntelliJ IDEA Community Edition 2019.3.2\plugins\maven\lib\maven3\boot\plexus-classworlds-2.6.0.jar
Launcher Type: SUN_STANDARD

[Global flags]
     intx CICompilerCount                          = 3                                         {product} {ergonomic}
     uint ConcGCThreads                            = 1                                         {product} {ergonomic}
     uint G1ConcRefinementThreads                  = 4                                         {product} {ergonomic}
   size_t G1HeapRegionSize                         = 1048576                                   {product} {ergonomic}
    uintx GCDrainStackTargetSize                   = 64                                        {product} {ergonomic}
   size_t InitialHeapSize                          = 132120576                                 {product} {ergonomic}
   size_t MarkStackSize                            = 4194304                                   {product} {ergonomic}
   size_t MaxHeapSize                              = 2111832064                                {product} {ergonomic}
   size_t MaxNewSize                               = 1266679808                                {product} {ergonomic}
   size_t MinHeapDeltaBytes                        = 1048576                                   {product} {ergonomic}
    uintx NonNMethodCodeHeapSize                   = 5830092                                {pd product} {ergonomic}
    uintx NonProfiledCodeHeapSize                  = 122914074                              {pd product} {ergonomic}
    uintx ProfiledCodeHeapSize                     = 122914074                              {pd product} {ergonomic}
    uintx ReservedCodeCacheSize                    = 251658240                              {pd product} {ergonomic}
     bool SegmentedCodeCache                       = true                                      {product} {ergonomic}
     bool UseCompressedClassPointers               = true                                 {lp64_product} {ergonomic}
     bool UseCompressedOops                        = true                                 {lp64_product} {ergonomic}
     bool UseG1GC                                  = true                                      {product} {ergonomic}
     bool UseLargePagesIndividualAllocation        = false                                  {pd product} {ergonomic}

Logging:
Log output configuration:
 #0: stdout all=warning uptime,level,tags
 #1: stderr all=off uptime,level,tags

Environment Variables:
JAVA_HOME=C:\Program Files\Java\jdk-13.0.1
PATH=C:\Program Files (x86)\Common Files\Oracle\Java\javapath;C:\ProgramData\Oracle\Java\javapath;C:\Program Files (x86)\NVIDIA Corporation\PhysX\Common;C:\Program Files\Common Files\Microsoft Shared\Windows Live;C:\Program Files (x86)\Common Files\Microsoft Shared\Windows Live;C:\Windows\system32;C:\Windows;C:\Windows\System32\Wbem;C:\Windows\System32\WindowsPowerShell\v1.0\;C:\Program Files\Broadcom\Broadcom 802.11 Network Adapter\Driver;C:\Program Files (x86)\Windows Live\Shared;C:\Program Files\WIDCOMM\Bluetooth Software\;C:\Program Files\WIDCOMM\Bluetooth Software\syswow64;D:\xampp\php;C:\ProgramData\ComposerSetup\bin;C:\Program Files (x86)\sbt\bin;D:\vscode\Microsoft VS Code Insiders\bin;C:\Program Files\PuTTY\;D:\Git\cmd;C:\Program Files\nodejs\;C:\Statica\mStatica 4;D:\Users\Zuzia2\AppData\Roaming\Composer\vendor\bin;D:\Users\Zuzia2\AppData\Local\GitHubDesktop\bin;D:\Nmap;d:\Docker Toolbox;D:\JetBrains\IntelliJ IDEA Community Edition 2019.3.2\bin;D:\Users\Zuzia2\AppData\Roaming\npm;D:\OpenSSL\bin
USERNAME=Zuzia2
OS=Windows_NT
PROCESSOR_IDENTIFIER=Intel64 Family 6 Model 37 Stepping 5, GenuineIntel



---------------  S Y S T E M  ---------------

OS: Windows 7 , 64 bit Build 7601 (6.1.7601.24388)

CPU:total 4 (initial active 4) (2 cores per cpu, 2 threads per core) family 6 model 37 stepping 5, cmov, cx8, fxsr, mmx, sse, sse2, sse3, ssse3, sse4.1, sse4.2, popcnt, ht, tsc, tscinvbit

Memory: 4k page, system-wide physical 8052M (821M free)
TotalPageFile size 8562M (AvailPageFile size 4M)
current process WorkingSet (physical memory assigned to process): 137M, peak: 137M
current process commit charge ("private bytes"): 255M, peak: 256M

vm_info: Java HotSpot(TM) 64-Bit Server VM (11.0.1+13-LTS) for windows-amd64 JRE (11.0.1+13-LTS), built on Oct  6 2018 13:20:16 by "mach5one" with MS VC++ 15.5 (VS2017)

END.
