JvmtiExport can_access_local_variables 0
JvmtiExport can_hotswap_or_post_breakpoint 0
JvmtiExport can_post_on_exceptions 0
# 320 ciObject found
ciMethod java/lang/Object <init> ()V 4097 1 280139 0 0
ciMethod java/lang/Class cast (Ljava/lang/Object;)Ljava/lang/Object; 3505 1 23701 0 -1
ciMethod java/lang/System identityHashCode (Ljava/lang/Object;)I 3073 1 384 0 -1
ciMethod java/util/Map get (Ljava/lang/Object;)Ljava/lang/Object; 0 0 1 0 -1
ciMethod java/util/Map put (Ljava/lang/Object;Ljava/lang/Object;)Ljava/lang/Object; 0 0 1 0 -1
ciMethod java/lang/annotation/Annotation annotationType ()Ljava/lang/Class; 0 0 1 0 -1
ciMethod java/lang/invoke/DirectMethodHandle make (Ljava/lang/invoke/MemberName;)Ljava/lang/invoke/DirectMethodHandle; 129 1 16 0 -1
ciMethod java/lang/invoke/DirectMethodHandle copyWith (Ljava/lang/invoke/MethodType;Ljava/lang/invoke/LambdaForm;)Ljava/lang/invoke/MethodHandle; 0 0 1 0 -1
ciMethod java/lang/invoke/MethodHandle type ()Ljava/lang/invoke/MethodType; 1065 1 133 0 -1
ciMethod java/lang/invoke/MethodHandle asType (Ljava/lang/invoke/MethodType;)Ljava/lang/invoke/MethodHandle; 169 1 21 0 -1
ciMethod java/lang/invoke/VarHandle accessModeType (Ljava/lang/invoke/VarHandle$AccessMode;)Ljava/lang/invoke/MethodType; 0 0 1 0 -1
ciMethod java/lang/invoke/VarHandle accessModeTypeUncached (Ljava/lang/invoke/VarHandle$AccessMode;)Ljava/lang/invoke/MethodType; 0 0 1 0 -1
ciMethod java/lang/invoke/VarHandle getTypesAndInvokers ()Ljava/lang/invoke/VarHandle$TypesAndInvokers; 0 0 1 0 -1
ciMethod java/lang/invoke/VarHandle getMethodHandle (I)Ljava/lang/invoke/MethodHandle; 0 0 1 0 -1
ciMethod java/lang/invoke/VarHandle getMethodHandleUncached (I)Ljava/lang/invoke/MethodHandle; 0 0 1 0 -1
ciMethod java/lang/invoke/MemberName getMethodType ()Ljava/lang/invoke/MethodType; 3193 1 680 0 -1
ciMethod java/lang/invoke/MethodType insertParameterTypes (I[Ljava/lang/Class;)Ljava/lang/invoke/MethodType; 2737 1 342 0 -1
ciMethod java/lang/invoke/MethodType erase ()Ljava/lang/invoke/MethodType; 2049 1 292 0 -1
ciMethod jdk/internal/misc/Unsafe compareAndSetObject (Ljava/lang/Object;JLjava/lang/Object;Ljava/lang/Object;)Z 2049 1 256 0 -1
ciMethod java/lang/Boolean booleanValue ()Z 1025 1 128 0 -1
ciMethod java/lang/Iterable iterator ()Ljava/util/Iterator; 0 0 1 0 -1
ciMethod java/util/Objects requireNonNull (Ljava/lang/Object;)Ljava/lang/Object; 2089 1 51392 0 64
ciMethod java/util/List size ()I 0 0 1 0 -1
ciMethod java/util/List isEmpty ()Z 0 0 1 0 -1
ciMethod java/util/List toArray ([Ljava/lang/Object;)[Ljava/lang/Object; 0 0 1 0 -1
ciMethod java/util/List add (Ljava/lang/Object;)Z 0 0 1 0 -1
ciMethod java/util/List get (I)Ljava/lang/Object; 0 0 1 0 -1
ciMethod java/util/Iterator hasNext ()Z 0 0 1 0 -1
ciMethod java/util/Iterator next ()Ljava/lang/Object; 0 0 1 0 -1
ciMethodData java/lang/Object <init> ()V 2 280228 orig 320 0 214 187 236 254 7 0 0 16 6 179 33 0 0 0 0 88 1 0 0 0 0 0 0 0 0 0 0 0 0 0 0 0 0 0 0 0 0 0 0 0 0 0 0 0 0 0 0 0 0 0 0 0 0 0 0 0 0 0 0 0 0 0 0 0 0 0 0 0 0 0 0 0 77 68 79 32 101 120 116 114 97 32 100 97 116 97 32 108 111 99 107 0 0 0 0 0 0 0 0 0 0 0 0 0 0 0 0 0 0 0 0 0 0 0 0 0 0 0 0 0 0 0 0 0 0 0 0 0 0 0 0 0 0 0 0 0 0 0 0 0 0 0 0 0 0 0 0 0 0 0 0 0 0 0 0 0 0 0 0 0 0 0 0 0 0 0 0 0 0 0 0 0 0 0 0 0 0 0 0 0 0 0 0 0 0 0 0 0 0 0 0 0 0 0 0 0 0 0 0 0 0 0 0 0 0 0 0 0 0 0 0 0 0 0 0 0 0 0 0 0 0 0 0 1 0 0 0 0 0 0 0 1 0 0 0 0 0 0 0 1 0 0 0 0 0 0 0 0 0 0 0 0 0 0 0 0 2 0 0 33 37 34 0 1 0 0 0 0 0 0 0 0 0 0 0 0 0 0 0 248 3 0 0 248 31 0 0 2 0 0 0 0 0 3 0 1 0 0 0 0 0 0 0 0 0 0 0 254 255 255 255 0 0 0 0 0 0 0 0 data 4 0x0 0x9 0x1 0x0 oops 0 methods 0
ciMethod java/util/ArrayList <init> ()V 1033 1 4737 0 -1
ciMethod java/lang/Enum ordinal ()I 1305 1 163 0 -1
ciMethodData java/util/Objects requireNonNull (Ljava/lang/Object;)Ljava/lang/Object; 2 51392 orig 320 0 214 187 236 254 7 0 0 56 233 196 33 0 0 0 0 176 1 0 0 0 0 0 0 0 0 0 0 0 0 0 0 0 0 0 0 0 0 0 0 0 0 0 0 0 0 0 0 0 0 0 0 0 0 0 0 0 0 0 0 0 0 0 0 0 0 0 0 0 0 0 0 0 77 68 79 32 101 120 116 114 97 32 100 97 116 97 32 108 111 99 107 0 0 0 0 0 0 0 0 0 0 0 0 0 0 0 0 0 0 0 0 0 0 0 0 0 0 0 0 0 0 0 0 0 0 0 0 0 0 0 0 0 0 0 0 0 0 0 0 0 0 0 0 0 0 0 0 0 0 0 0 0 0 0 0 0 0 0 0 0 0 0 0 0 0 0 0 0 0 0 0 0 0 0 0 0 0 0 0 0 0 0 0 0 0 0 0 0 0 0 0 0 0 0 0 0 0 0 0 0 0 0 0 0 0 0 0 0 0 0 0 0 0 0 0 0 0 0 0 0 0 0 0 27 0 0 0 0 0 0 0 0 0 0 0 0 0 0 0 1 0 0 0 0 0 0 0 1 0 0 0 0 0 0 0 5 1 0 0 217 61 6 0 1 0 0 0 0 0 0 0 0 0 0 0 0 0 0 0 248 3 0 0 248 31 0 0 2 0 0 0 0 0 5 0 2 0 0 0 0 0 0 0 48 0 0 0 254 255 255 255 7 0 1 0 0 0 0 0 data 15 0x10007 0xc7bb 0x30 0x0 0x80002 0x0 0x0 0x0 0x0 0x0 0x0 0x0 0x9 0x1 0x0 oops 0 methods 0
ciMethod java/util/IdentityHashMap maskNull (Ljava/lang/Object;)Ljava/lang/Object; 3921 1 5865 0 0
ciMethod java/util/IdentityHashMap <init> (I)V 233 1 28 0 -1
ciMethod java/util/IdentityHashMap hash (Ljava/lang/Object;I)I 4097 1 6349 0 0
ciMethod java/util/IdentityHashMap nextKeyIndex (II)I 3249 1 2174 0 0
ciMethod java/util/IdentityHashMap get (Ljava/lang/Object;)Ljava/lang/Object; 4097 3385 5231 0 0
ciMethod java/lang/invoke/VarHandleGuards guard_LLL_Z (Ljava/lang/invoke/VarHandle;Ljava/lang/Object;Ljava/lang/Object;Ljava/lang/Object;Ljava/lang/invoke/VarHandle$AccessDescriptor;)Z 4097 1 673 0 -1
ciMethod java/lang/invoke/VarForm getMemberName (I)Ljava/lang/invoke/MemberName; 2241 1 7926 0 -1
ciMethod java/lang/invoke/VarHandle$AccessMode values ()[Ljava/lang/invoke/VarHandle$AccessMode; 49 1 6 0 -1
ciMethod java/lang/invoke/VarHandleObjects$FieldInstanceReadWrite compareAndSet (Ljava/lang/invoke/VarHandleObjects$FieldInstanceReadWrite;Ljava/lang/Object;Ljava/lang/Object;Ljava/lang/Object;)Z 4097 1 673 0 -1
ciMethod java/lang/AssertionError <init> ()V 0 0 1 0 -1
ciMethod java/util/concurrent/atomic/AtomicReference get ()Ljava/lang/Object; 1049 1 131 0 0
ciMethod java/util/concurrent/atomic/AtomicReference compareAndSet (Ljava/lang/Object;Ljava/lang/Object;)Z 4097 1 673 0 0
ciMethod org/eclipse/sisu/inject/BindingSubscriber type ()Lcom/google/inject/TypeLiteral; 0 0 1 0 -1
ciMethod org/eclipse/sisu/inject/BindingSubscriber add (Lcom/google/inject/Binding;I)V 0 0 1 0 -1
ciMethod org/eclipse/sisu/inject/RankingFunction maxRank ()I 0 0 1 0 -1
ciMethod org/eclipse/sisu/inject/RankingFunction rank (Lcom/google/inject/Binding;)I 0 0 1 0 -1
ciMethod org/eclipse/sisu/inject/BindingPublisher subscribe (Lorg/eclipse/sisu/inject/BindingSubscriber;)V 0 0 1 0 -1
ciMethod org/eclipse/sisu/inject/BindingPublisher maxBindingRank ()I 0 0 1 0 -1
ciMethod org/eclipse/sisu/inject/RankedSequence peek ()Ljava/lang/Object; 4097 1 4700 0 0
ciMethod org/eclipse/sisu/inject/RankedSequence removeThis (Ljava/lang/Object;)Z 697 1 100 0 0
ciMethod org/eclipse/sisu/inject/RankedSequence uid2rank (J)I 2545 1 475 0 0
ciMethod org/eclipse/sisu/inject/RankedSequence safeBinarySearch ([JJ)I 2545 1 941 0 0
ciMethod org/eclipse/sisu/inject/ImplicitBindings get (Lcom/google/inject/TypeLiteral;)Lcom/google/inject/Binding; 9 9 1 0 0
ciMethod com/google/inject/Key getTypeLiteral ()Lcom/google/inject/TypeLiteral; 1033 1 129 0 0
ciMethod com/google/inject/Key get (Lcom/google/inject/TypeLiteral;)Lcom/google/inject/Key; 1929 1 498 0 -1
ciMethod com/google/inject/TypeLiteral getRawType ()Ljava/lang/Class; 1329 1 166 0 -1
ciMethod com/google/inject/TypeLiteral getType ()Ljava/lang/reflect/Type; 1241 1 155 0 -1
ciMethod com/google/inject/TypeLiteral get (Ljava/lang/Class;)Lcom/google/inject/TypeLiteral; 2049 1 5132 0 -1
ciMethod com/google/inject/Scope scope (Lcom/google/inject/Key;Lcom/google/inject/Provider;)Lcom/google/inject/Provider; 0 0 1 0 -1
ciMethod com/google/inject/Injector getBindings ()Ljava/util/Map; 0 0 1 0 -1
ciMethod com/google/inject/Injector getBinding (Lcom/google/inject/Key;)Lcom/google/inject/Binding; 0 0 1 0 -1
ciMethod com/google/inject/Injector findBindingsByType (Lcom/google/inject/TypeLiteral;)Ljava/util/List; 0 0 1 0 -1
ciMethod com/google/inject/Binding getKey ()Lcom/google/inject/Key; 0 0 1 0 -1
ciMethod com/google/inject/Binding getProvider ()Lcom/google/inject/Provider; 0 0 1 0 -1
ciMethod com/google/inject/Binding acceptTargetVisitor (Lcom/google/inject/spi/BindingTargetVisitor;)Ljava/lang/Object; 0 0 1 0 -1
ciMethod com/google/inject/Binding acceptScopingVisitor (Lcom/google/inject/spi/BindingScopingVisitor;)Ljava/lang/Object; 0 0 1 0 -1
ciMethod com/google/inject/Scopes isSingleton (Lcom/google/inject/Binding;)Z 3809 2977 472 0 0
ciMethod com/google/inject/internal/BindingImpl getInjector ()Lcom/google/inject/internal/InjectorImpl; 1689 1 211 0 -1
ciMethod com/google/inject/internal/LinkedBindingImpl getLinkedKey ()Lcom/google/inject/Key; 1025 1 128 0 -1
ciMethod com/google/inject/name/Named value ()Ljava/lang/String; 0 0 1 0 -1
ciMethod org/eclipse/sisu/inject/Sources getAnnotation (Lcom/google/inject/Binding;Ljava/lang/Class;)Ljava/lang/annotation/Annotation; 2065 1 265 0 -1
ciMethod org/eclipse/sisu/inject/Logs trace (Ljava/lang/String;Ljava/lang/Object;Ljava/lang/Object;)V 17 1 2 0 -1
ciMethod org/eclipse/sisu/inject/TypeArguments isAssignableFrom (Lcom/google/inject/TypeLiteral;Lcom/google/inject/TypeLiteral;)Z 2065 1 4385 0 -1
ciMethod org/eclipse/sisu/inject/TypeArguments implicitKey (Ljava/lang/Class;)Lcom/google/inject/Key; 17 1 2 0 -1
ciMethod org/eclipse/sisu/inject/Guice4 lazy (Lcom/google/inject/Binding;)Ljavax/inject/Provider; 2625 1 328 0 0
ciMethodData java/lang/invoke/VarForm getMemberName (I)Ljava/lang/invoke/MemberName; 2 7926 orig 320 0 214 187 236 254 7 0 0 56 205 2 34 0 0 0 0 184 1 0 0 0 0 0 0 0 0 0 0 0 0 0 0 0 0 0 0 0 0 0 0 0 0 0 0 0 0 0 0 0 0 0 0 0 0 0 0 0 0 0 0 0 0 0 0 0 0 0 0 0 0 0 0 0 77 68 79 32 101 120 116 114 97 32 100 97 116 97 32 108 111 99 107 0 0 0 0 0 0 0 0 0 0 0 0 0 0 0 0 0 0 0 0 0 0 0 0 0 0 0 0 0 0 0 0 0 0 0 0 0 0 0 0 0 0 0 0 0 0 0 0 0 0 0 0 0 0 0 0 0 0 0 0 0 0 0 0 0 0 0 0 0 0 0 0 0 0 0 0 0 0 0 0 0 0 0 0 0 0 0 0 0 0 0 0 0 0 0 0 0 0 0 0 0 0 0 0 0 0 0 0 0 0 0 0 0 0 0 0 0 0 0 0 0 0 0 0 0 0 0 0 0 0 0 0 0 0 0 0 0 0 0 0 0 0 0 0 0 0 0 0 0 0 0 0 0 0 0 0 0 0 0 0 0 0 0 0 24 1 0 0 241 238 0 0 1 0 0 0 0 0 0 0 0 0 0 0 0 0 0 0 248 3 0 0 248 31 0 0 2 0 0 0 0 0 5 0 2 0 0 0 0 0 0 0 48 0 0 0 254 255 255 255 7 0 8 0 0 0 0 0 data 16 0x80007 0x1dde 0x30 0x0 0xf0002 0x0 0x0 0x0 0x0 0x0 0x0 0x0 0x9 0x2 0x0 0x0 oops 0 methods 0
ciMethodData java/lang/invoke/VarHandle getMethodHandle (I)Ljava/lang/invoke/MethodHandle; 1 0 orig 320 0 214 187 236 254 7 0 0 0 188 186 33 0 0 0 0 80 2 0 0 0 0 0 0 0 0 0 0 0 0 0 0 0 0 0 0 0 0 0 0 0 0 0 0 0 0 0 0 0 0 0 0 0 0 0 0 0 0 0 0 0 0 0 0 0 0 0 0 0 0 0 0 0 77 68 79 32 101 120 116 114 97 32 100 97 116 97 32 108 111 99 107 0 0 0 0 0 0 0 0 0 0 0 0 0 0 0 0 0 0 0 0 0 0 0 0 0 0 0 0 0 0 0 0 0 0 0 0 0 0 0 0 0 0 0 0 0 0 0 0 0 0 0 0 0 0 0 0 0 0 0 0 0 0 0 0 0 0 0 0 0 0 0 0 0 0 0 0 0 0 0 0 0 0 0 0 0 0 0 0 0 0 0 0 0 0 0 0 0 0 0 0 0 0 0 0 0 0 0 0 0 0 0 0 0 0 0 0 0 0 0 0 0 0 0 0 0 0 0 0 0 0 0 0 0 0 0 0 0 0 0 0 0 0 0 0 0 0 0 0 0 0 0 0 0 0 0 0 0 0 0 0 0 0 0 0 0 0 0 0 1 0 0 0 1 0 0 0 0 0 0 0 0 0 0 0 0 0 0 0 248 3 0 0 248 31 0 0 2 0 0 0 0 0 0 0 0 0 0 0 0 0 0 0 200 0 0 0 254 255 255 255 5 0 1 0 0 0 0 0 data 35 0x10005 0x0 0x0 0x0 0x0 0x0 0x0 0xd0007 0x0 0x90 0x0 0x170005 0x0 0x0 0x0 0x0 0x0 0x0 0x1b0004 0x0 0x0 0x0 0x0 0x0 0x0 0x0 0x0 0x0 0x0 0x0 0x0 0x9 0x2 0xffffffffffffffff 0x0 oops 0 methods 0
ciMethodData java/lang/invoke/VarHandle getTypesAndInvokers ()Ljava/lang/invoke/VarHandle$TypesAndInvokers; 1 0 orig 320 0 214 187 236 254 7 0 0 240 186 186 33 0 0 0 0 176 1 0 0 0 0 0 0 0 0 0 0 0 0 0 0 0 0 0 0 0 0 0 0 0 0 0 0 0 0 0 0 0 0 0 0 0 0 0 0 0 0 0 0 0 0 0 0 0 0 0 0 0 0 0 0 0 77 68 79 32 101 120 116 114 97 32 100 97 116 97 32 108 111 99 107 0 0 0 0 0 0 0 0 0 0 0 0 0 0 0 0 0 0 0 0 0 0 0 0 0 0 0 0 0 0 0 0 0 0 0 0 0 0 0 0 0 0 0 0 0 0 0 0 0 0 0 0 0 0 0 0 0 0 0 0 0 0 0 0 0 0 0 0 0 0 0 0 0 0 0 0 0 0 0 0 0 0 0 0 0 0 0 0 0 0 0 0 0 0 0 0 0 0 0 0 0 0 0 0 0 0 0 0 0 0 0 0 0 0 0 0 0 0 0 0 0 0 0 0 0 0 0 0 0 0 0 0 0 0 0 0 0 0 0 0 0 0 0 0 0 0 0 0 0 0 0 0 0 0 0 0 0 0 0 0 0 0 0 0 0 0 0 0 1 0 0 0 1 0 0 0 0 0 0 0 0 0 0 0 0 0 0 0 248 3 0 0 248 31 0 0 2 0 0 0 0 0 0 0 0 0 0 0 0 0 0 0 48 0 0 0 254 255 255 255 7 0 6 0 0 0 0 0 data 15 0x60007 0x0 0x30 0x0 0xe0002 0x0 0x0 0x0 0x0 0x0 0x0 0x0 0x9 0x1 0x4 oops 0 methods 0
ciMethodData java/lang/invoke/VarHandle getMethodHandleUncached (I)Ljava/lang/invoke/MethodHandle; 1 0 orig 320 0 214 187 236 254 7 0 0 88 189 186 33 0 0 0 0 240 3 0 0 0 0 0 0 0 0 0 0 0 0 0 0 0 0 0 0 0 0 0 0 0 0 0 0 0 0 0 0 0 0 0 0 0 0 0 0 0 0 0 0 0 0 0 0 0 0 0 0 0 0 0 0 0 77 68 79 32 101 120 116 114 97 32 100 97 116 97 32 108 111 99 107 0 0 0 0 0 0 0 0 0 0 0 0 0 0 0 0 0 0 0 0 0 0 0 0 0 0 0 0 0 0 0 0 0 0 0 0 0 0 0 0 0 0 0 0 0 0 0 0 0 0 0 0 0 0 0 0 0 0 0 0 0 0 0 0 0 0 0 0 0 0 0 0 0 0 0 0 0 0 0 0 0 0 0 0 0 0 0 0 0 0 0 0 0 0 0 0 0 0 0 0 0 0 0 0 0 0 0 0 0 0 0 0 0 0 0 0 0 0 0 0 0 0 0 0 0 0 0 0 0 0 0 0 0 0 0 0 0 0 0 0 0 0 0 0 0 0 0 0 0 0 0 0 0 0 0 0 0 0 0 0 0 0 0 0 0 0 0 0 1 0 0 0 1 0 0 0 0 0 0 0 0 0 0 0 0 0 0 0 248 3 0 0 248 31 0 0 2 0 0 0 0 0 0 0 0 0 0 0 0 0 0 0 104 2 0 0 254 255 255 255 2 0 1 0 0 0 0 0 data 87 0x10002 0x0 0x60005 0x0 0x0 0x0 0x0 0x0 0x0 0x120004 0x0 0x0 0x0 0x0 0x0 0x0 0x130005 0x0 0x0 0x0 0x0 0x0 0x0 0x1c0005 0x0 0x0 0x0 0x0 0x0 0x0 0x210002 0x0 0x2e0005 0x0 0x0 0x0 0x0 0x0 0x0 0x360007 0x0 0x130 0x0 0x3b0005 0x0 0x0 0x0 0x0 0x0 0x0 0x3e0005 0x0 0x0 0x0 0x0 0x0 0x0 0x420005 0x0 0x0 0x0 0x0 0x0 0x0 0x450005 0x0 0x0 0x0 0x0 0x0 0x0 0x480007 0x0 0x30 0x0 0x4f0002 0x0 0x0 0x0 0x0 0x0 0x0 0x0 0x9 0x2 0xffffffffffffffff 0x0 oops 0 methods 0
ciMethodData java/util/IdentityHashMap nextKeyIndex (II)I 2 2174 orig 320 0 214 187 236 254 7 0 0 56 220 255 33 0 0 0 0 152 1 0 0 0 0 0 0 0 0 0 0 0 0 0 0 0 0 0 0 0 0 0 0 0 0 0 0 0 0 0 0 0 0 0 0 0 0 0 0 0 0 0 0 0 0 0 0 0 0 0 0 0 0 0 0 0 77 68 79 32 101 120 116 114 97 32 100 97 116 97 32 108 111 99 107 0 0 0 0 0 0 0 0 0 0 0 0 0 0 0 0 0 0 0 0 0 0 0 0 0 0 0 0 0 0 0 0 0 0 0 0 0 0 0 0 0 0 0 0 0 0 0 0 0 0 0 0 0 0 0 0 0 0 0 0 0 0 0 0 0 0 0 0 0 0 0 0 0 0 0 0 0 0 0 0 0 0 0 0 0 0 0 0 0 0 0 0 0 0 0 0 0 0 0 0 0 0 0 0 0 0 0 0 0 0 0 0 0 0 0 0 0 0 0 0 0 0 0 0 0 0 0 0 0 0 0 0 0 0 0 0 0 0 0 0 0 0 0 0 0 0 0 0 0 0 0 0 0 0 0 0 0 0 0 0 0 0 0 0 150 1 0 0 65 55 0 0 1 0 0 0 0 0 0 0 0 0 0 0 0 0 0 0 248 3 0 0 248 31 0 0 2 0 0 0 0 0 6 0 2 0 0 0 0 0 0 0 56 0 0 0 254 255 255 255 7 0 4 0 0 0 0 0 data 12 0x40007 0x0 0x38 0x6e8 0xa0003 0x6e8 0x18 0x0 0x9 0x2 0x0 0x0 oops 0 methods 0
ciMethodData java/util/IdentityHashMap hash (Ljava/lang/Object;I)I 2 6349 orig 320 0 214 187 236 254 7 0 0 120 219 255 33 0 0 0 0 152 1 0 0 0 0 0 0 0 0 0 0 0 0 0 0 0 0 0 0 0 0 0 0 0 0 0 0 0 0 0 0 0 0 0 0 0 0 0 0 0 0 0 0 0 0 0 0 0 0 0 0 0 0 0 0 0 77 68 79 32 101 120 116 114 97 32 100 97 116 97 32 108 111 99 107 0 0 0 0 0 0 0 0 0 0 0 0 0 0 0 0 0 0 0 0 0 0 0 0 0 0 0 0 0 0 0 0 0 0 0 0 0 0 0 0 0 0 0 0 0 0 0 0 0 0 0 0 0 0 0 0 0 0 0 0 0 0 0 0 0 0 0 0 0 0 0 0 0 0 0 0 0 0 0 0 0 0 0 0 0 0 0 0 0 0 0 0 0 0 0 0 0 0 0 0 0 0 0 0 0 0 0 0 0 0 0 0 0 0 0 0 0 0 0 0 0 0 0 0 0 0 0 0 0 0 0 0 0 0 0 0 0 0 0 0 0 0 0 0 0 0 0 0 0 0 0 0 0 0 0 0 0 0 0 0 0 0 0 0 0 2 0 0 105 182 0 0 1 0 0 0 0 0 0 0 0 0 0 0 0 0 0 0 248 3 0 0 248 31 0 0 2 0 0 0 0 0 3 0 2 0 0 0 0 0 0 0 16 0 0 0 254 255 255 255 2 0 1 0 0 0 0 0 data 12 0x10002 0x16cd 0x0 0x0 0x0 0x0 0x0 0x0 0x9 0x2 0x0 0x0 oops 0 methods 0
ciMethod java/lang/invoke/MethodHandle linkToStatic (Ljava/lang/Object;Ljava/lang/Object;Ljava/lang/Object;Ljava/lang/Object;Ljava/lang/invoke/MemberName;)I 0 0 1 0 -1
ciMethod com/google/inject/spi/ExposedBinding getPrivateElements ()Lcom/google/inject/spi/PrivateElements; 0 0 1 0 -1
ciMethod org/eclipse/sisu/inject/InjectorBindings getInjector ()Lcom/google/inject/Injector; 9 1 1 0 -1
ciMethod org/eclipse/sisu/inject/InjectorBindings subscribe (Lorg/eclipse/sisu/inject/BindingSubscriber;)V 697 1 100 0 0
ciMethod org/eclipse/sisu/inject/InjectorBindings maxBindingRank ()I 705 1 101 0 0
ciMethod org/eclipse/sisu/inject/InjectorBindings isAssignableFrom (Lcom/google/inject/TypeLiteral;Lcom/google/inject/Binding;)Z 2065 1 4386 0 -1
ciMethod org/eclipse/sisu/inject/InjectorBindings publishExactMatches (Lcom/google/inject/TypeLiteral;Lorg/eclipse/sisu/inject/BindingSubscriber;)V 817 953 100 0 -1
ciMethod org/eclipse/sisu/inject/InjectorBindings publishGenericMatches (Lcom/google/inject/TypeLiteral;Lorg/eclipse/sisu/inject/BindingSubscriber;Ljava/lang/Class;)V 0 0 1 0 -1
ciMethod org/eclipse/sisu/inject/InjectorBindings publishWildcardMatches (Lcom/google/inject/TypeLiteral;Lorg/eclipse/sisu/inject/BindingSubscriber;)V 817 35089 100 0 -1
ciMethod org/eclipse/sisu/inject/InjectorBindings getWildcardBindings ()[Lcom/google/inject/Binding; 817 345 102 0 -1
ciMethod org/eclipse/sisu/inject/RankedSequence$Content indexOfThis (Ljava/lang/Object;)I 817 817 100 0 -1
ciMethod org/eclipse/sisu/inject/RankedSequence$Content remove (I)Lorg/eclipse/sisu/inject/RankedSequence$Content; 817 1 100 0 -1
ciMethod org/eclipse/sisu/inject/QualifyingStrategy qualifies (Lcom/google/inject/Key;Lcom/google/inject/Binding;)Ljava/lang/annotation/Annotation; 0 0 1 0 -1
ciMethod org/eclipse/sisu/inject/BeanCache create (Ljava/lang/annotation/Annotation;Lcom/google/inject/Binding;I)Lorg/eclipse/sisu/BeanEntry; 2553 1 476 0 0
ciMethod org/eclipse/sisu/inject/BeanCache createMap (Lorg/eclipse/sisu/inject/LazyBeanEntry;Lorg/eclipse/sisu/inject/LazyBeanEntry;)Ljava/util/Map; 33 1 3 0 0
ciMethod org/eclipse/sisu/inject/LocatedBeans$Itr hasNext ()Z 4097 2025 8908 0 -1
ciMethod org/eclipse/sisu/inject/RankedBindings$Itr hasNext ()Z 2585 593 4491 0 0
ciMethod org/eclipse/sisu/inject/RankedBindings$Itr next ()Lcom/google/inject/Binding; 2545 1 4474 0 0
ciMethod org/eclipse/sisu/inject/RankedBindings$Itr rank ()I 2545 1 475 0 0
ciMethod org/eclipse/sisu/inject/RankedSequence$Itr hasNext ()Z 4097 1 8985 0 0
ciMethod org/eclipse/sisu/inject/RankedSequence$Itr hasNext (I)Z 697 1 100 0 0
ciMethod org/eclipse/sisu/inject/RankedSequence$Itr next ()Ljava/lang/Object; 2553 1 4790 0 0
ciMethod org/eclipse/sisu/inject/RankedSequence$Itr rank ()I 2545 1 475 0 0
ciMethod org/eclipse/sisu/inject/Implementations find (Lcom/google/inject/Binding;)Ljava/lang/Class; 2065 1 4386 0 -1
ciMethod org/eclipse/sisu/inject/LazyBeanEntry <init> (Ljava/lang/annotation/Annotation;Lcom/google/inject/Binding;I)V 3809 1 472 0 0
ciMethod org/eclipse/sisu/inject/LazyBeanEntry$JsrNamed <init> (Lcom/google/inject/name/Named;)V 3809 1 472 0 0
ciMethodData org/eclipse/sisu/inject/InjectorBindings isAssignableFrom (Lcom/google/inject/TypeLiteral;Lcom/google/inject/Binding;)Z 2 4386 orig 320 0 214 187 236 254 7 0 0 248 8 20 38 0 0 0 0 48 2 0 0 0 0 0 0 0 0 0 0 0 0 0 0 0 0 0 0 0 0 0 0 0 0 0 0 0 0 0 0 0 0 0 0 0 0 0 0 0 0 0 0 0 0 0 0 0 0 0 0 0 0 0 0 0 77 68 79 32 101 120 116 114 97 32 100 97 116 97 32 108 111 99 107 0 0 0 0 0 0 0 0 0 0 0 0 0 0 0 0 0 0 0 0 0 0 0 0 0 0 0 0 0 0 0 0 0 0 0 0 0 0 0 0 0 0 0 0 0 0 0 0 0 0 0 0 0 0 0 0 0 0 0 0 0 0 0 0 0 0 0 0 0 0 0 0 0 0 0 0 0 0 0 0 0 0 0 0 0 0 0 0 0 0 0 0 0 0 0 0 0 0 0 0 0 0 0 0 0 0 0 0 0 0 0 0 0 0 0 0 0 0 0 0 0 0 0 0 0 0 0 0 0 0 0 0 0 0 0 0 0 0 0 0 0 0 0 0 0 0 0 0 0 0 0 0 0 0 0 0 0 0 0 0 0 0 0 0 2 1 0 0 1 129 0 0 1 0 0 0 0 0 0 0 0 0 0 0 0 0 0 0 248 3 0 0 248 31 0 0 2 0 0 0 0 0 8 0 2 0 0 0 0 0 0 0 168 0 0 0 254 255 255 255 2 0 1 0 0 0 0 0 data 31 0x10002 0x1020 0x60007 0x0 0x98 0x1020 0xa0005 0x1020 0x0 0x0 0x0 0x0 0x0 0xe0007 0x1 0x40 0x101f 0x130002 0x101f 0x160002 0x101f 0x0 0x0 0x0 0x0 0x0 0x0 0x9 0x2 0xffffffffffffffff 0xffffffffffffffff oops 0 methods 0
ciMethodData org/eclipse/sisu/inject/Implementations find (Lcom/google/inject/Binding;)Ljava/lang/Class; 2 4386 orig 320 0 214 187 236 254 7 0 0 176 137 21 38 0 0 0 0 240 1 0 0 0 0 0 0 0 0 0 0 0 0 0 0 0 0 0 0 0 0 0 0 0 0 0 0 0 0 0 0 0 0 0 0 0 0 0 0 0 0 0 0 0 0 0 0 0 0 0 0 0 0 0 0 0 77 68 79 32 101 120 116 114 97 32 100 97 116 97 32 108 111 99 107 0 0 0 0 0 0 0 0 0 0 0 0 0 0 0 0 0 0 0 0 0 0 0 0 0 0 0 0 0 0 0 0 0 0 0 0 0 0 0 0 0 0 0 0 0 0 0 0 0 0 0 0 0 0 0 0 0 0 0 0 0 0 0 0 0 0 0 0 0 0 0 0 0 0 0 0 0 0 0 0 0 0 0 0 0 0 0 0 0 0 0 0 0 0 0 0 0 0 0 0 0 0 0 0 0 0 0 0 0 0 0 0 0 0 0 0 0 0 0 0 0 0 0 0 0 0 0 0 0 0 0 0 0 0 0 0 0 0 0 0 0 0 0 0 0 0 0 0 0 0 0 0 0 0 0 0 0 0 0 0 0 0 0 0 2 1 0 0 1 129 0 0 1 0 0 0 0 0 0 0 0 0 0 0 0 0 0 0 248 3 0 0 248 31 0 0 2 0 0 0 0 0 3 0 2 0 0 0 0 0 0 0 112 0 0 0 254 255 255 255 5 0 4 0 0 0 0 0 data 23 0x40005 0x0 0x0 0x24bb3780 0x1020 0x0 0x0 0x90004 0x0 0x0 0x21a8d6d0 0x1020 0x0 0x0 0x0 0x0 0x0 0x0 0x0 0x0 0x9 0x1 0xffffffffffffffff oops 2